
===========================================================================
report_checks -path_delay max (Setup)
============================================================================
Startpoint: rst_n (input port clocked by clk)
Endpoint: _18_ (recovery check against rising-edge clock clk)
Path Group: **async_default**
Path Type: max

Fanout     Cap    Slew   Delay    Time   Description
-----------------------------------------------------------------------------
                  0.15    0.00    0.00   clock clk (rise edge)
                          0.00    0.00   clock network delay (ideal)
                          4.80    4.80 ^ input external delay
                  0.07    0.04    4.84 ^ rst_n (in)
     2    0.01                           rst_n (net)
                  0.07    0.00    4.84 ^ _18_/RESET_B (sky130_fd_sc_hd__dfrtp_2)
                                  4.84   data arrival time

                  0.15   24.00   24.00   clock clk (rise edge)
                          0.00   24.00   clock network delay (ideal)
                         -0.25   23.75   clock uncertainty
                          0.00   23.75   clock reconvergence pessimism
                                 23.75 ^ _18_/CLK (sky130_fd_sc_hd__dfrtp_2)
                          0.24   23.99   library recovery time
                                 23.99   data required time
-----------------------------------------------------------------------------
                                 23.99   data required time
                                 -4.84   data arrival time
-----------------------------------------------------------------------------
                                 19.15   slack (MET)


Startpoint: rst_n (input port clocked by clk)
Endpoint: _19_ (recovery check against rising-edge clock clk)
Path Group: **async_default**
Path Type: max

Fanout     Cap    Slew   Delay    Time   Description
-----------------------------------------------------------------------------
                  0.15    0.00    0.00   clock clk (rise edge)
                          0.00    0.00   clock network delay (ideal)
                          4.80    4.80 ^ input external delay
                  0.07    0.04    4.84 ^ rst_n (in)
     2    0.01                           rst_n (net)
                  0.07    0.00    4.84 ^ _19_/RESET_B (sky130_fd_sc_hd__dfrtp_2)
                                  4.84   data arrival time

                  0.15   24.00   24.00   clock clk (rise edge)
                          0.00   24.00   clock network delay (ideal)
                         -0.25   23.75   clock uncertainty
                          0.00   23.75   clock reconvergence pessimism
                                 23.75 ^ _19_/CLK (sky130_fd_sc_hd__dfrtp_2)
                          0.24   23.99   library recovery time
                                 23.99   data required time
-----------------------------------------------------------------------------
                                 23.99   data required time
                                 -4.84   data arrival time
-----------------------------------------------------------------------------
                                 19.15   slack (MET)


Startpoint: _19_ (rising edge-triggered flip-flop clocked by clk)
Endpoint: light_highway[1] (output port clocked by clk)
Path Group: clk
Path Type: max

Fanout     Cap    Slew   Delay    Time   Description
-----------------------------------------------------------------------------
                  0.15    0.00    0.00   clock clk (rise edge)
                          0.00    0.00   clock network delay (ideal)
                  0.15    0.00    0.00 ^ _19_/CLK (sky130_fd_sc_hd__dfrtp_2)
                  0.04    0.43    0.43 v _19_/Q (sky130_fd_sc_hd__dfrtp_2)
     1    0.00                           state[1] (net)
                  0.04    0.00    0.43 v _05_/A (sky130_fd_sc_hd__buf_1)
                  0.12    0.17    0.60 v _05_/X (sky130_fd_sc_hd__buf_1)
     7    0.02                           _00_ (net)
                  0.12    0.00    0.60 v _14_/A_N (sky130_fd_sc_hd__and2b_2)
                  0.03    0.24    0.84 ^ _14_/X (sky130_fd_sc_hd__and2b_2)
     1    0.00                           _03_ (net)
                  0.03    0.00    0.84 ^ _15_/A (sky130_fd_sc_hd__buf_1)
                  0.40    0.33    1.18 ^ _15_/X (sky130_fd_sc_hd__buf_1)
     1    0.03                           light_highway[1] (net)
                  0.40    0.00    1.18 ^ light_highway[1] (out)
                                  1.18   data arrival time

                  0.15   24.00   24.00   clock clk (rise edge)
                          0.00   24.00   clock network delay (ideal)
                         -0.25   23.75   clock uncertainty
                          0.00   23.75   clock reconvergence pessimism
                         -4.80   18.95   output external delay
                                 18.95   data required time
-----------------------------------------------------------------------------
                                 18.95   data required time
                                 -1.18   data arrival time
-----------------------------------------------------------------------------
                                 17.77   slack (MET)


Startpoint: _19_ (rising edge-triggered flip-flop clocked by clk)
Endpoint: light_farm[1] (output port clocked by clk)
Path Group: clk
Path Type: max

Fanout     Cap    Slew   Delay    Time   Description
-----------------------------------------------------------------------------
                  0.15    0.00    0.00   clock clk (rise edge)
                          0.00    0.00   clock network delay (ideal)
                  0.15    0.00    0.00 ^ _19_/CLK (sky130_fd_sc_hd__dfrtp_2)
                  0.04    0.38    0.38 ^ _19_/Q (sky130_fd_sc_hd__dfrtp_2)
     1    0.00                           state[1] (net)
                  0.04    0.00    0.38 ^ _05_/A (sky130_fd_sc_hd__buf_1)
                  0.27    0.25    0.63 ^ _05_/X (sky130_fd_sc_hd__buf_1)
     7    0.02                           _00_ (net)
                  0.27    0.00    0.63 ^ _11_/B (sky130_fd_sc_hd__and2_2)
                  0.04    0.19    0.82 ^ _11_/X (sky130_fd_sc_hd__and2_2)
     1    0.00                           _02_ (net)
                  0.04    0.00    0.82 ^ _12_/A (sky130_fd_sc_hd__buf_1)
                  0.40    0.34    1.16 ^ _12_/X (sky130_fd_sc_hd__buf_1)
     1    0.03                           light_farm[1] (net)
                  0.40    0.00    1.16 ^ light_farm[1] (out)
                                  1.16   data arrival time

                  0.15   24.00   24.00   clock clk (rise edge)
                          0.00   24.00   clock network delay (ideal)
                         -0.25   23.75   clock uncertainty
                          0.00   23.75   clock reconvergence pessimism
                         -4.80   18.95   output external delay
                                 18.95   data required time
-----------------------------------------------------------------------------
                                 18.95   data required time
                                 -1.16   data arrival time
-----------------------------------------------------------------------------
                                 17.79   slack (MET)


Startpoint: _19_ (rising edge-triggered flip-flop clocked by clk)
Endpoint: light_farm[0] (output port clocked by clk)
Path Group: clk
Path Type: max

Fanout     Cap    Slew   Delay    Time   Description
-----------------------------------------------------------------------------
                  0.15    0.00    0.00   clock clk (rise edge)
                          0.00    0.00   clock network delay (ideal)
                  0.15    0.00    0.00 ^ _19_/CLK (sky130_fd_sc_hd__dfrtp_2)
                  0.04    0.38    0.38 ^ _19_/Q (sky130_fd_sc_hd__dfrtp_2)
     1    0.00                           state[1] (net)
                  0.04    0.00    0.38 ^ _05_/A (sky130_fd_sc_hd__buf_1)
                  0.27    0.25    0.63 ^ _05_/X (sky130_fd_sc_hd__buf_1)
     7    0.02                           _00_ (net)
                  0.27    0.00    0.63 ^ _07_/B (sky130_fd_sc_hd__and2b_2)
                  0.04    0.19    0.82 ^ _07_/X (sky130_fd_sc_hd__and2b_2)
     1    0.00                           _01_ (net)
                  0.04    0.00    0.82 ^ _08_/A (sky130_fd_sc_hd__buf_1)
                  0.40    0.34    1.16 ^ _08_/X (sky130_fd_sc_hd__buf_1)
     1    0.03                           light_farm[0] (net)
                  0.40    0.00    1.16 ^ light_farm[0] (out)
                                  1.16   data arrival time

                  0.15   24.00   24.00   clock clk (rise edge)
                          0.00   24.00   clock network delay (ideal)
                         -0.25   23.75   clock uncertainty
                          0.00   23.75   clock reconvergence pessimism
                         -4.80   18.95   output external delay
                                 18.95   data required time
-----------------------------------------------------------------------------
                                 18.95   data required time
                                 -1.16   data arrival time
-----------------------------------------------------------------------------
                                 17.79   slack (MET)


Startpoint: _19_ (rising edge-triggered flip-flop clocked by clk)
Endpoint: light_highway[2] (output port clocked by clk)
Path Group: clk
Path Type: max

Fanout     Cap    Slew   Delay    Time   Description
-----------------------------------------------------------------------------
                  0.15    0.00    0.00   clock clk (rise edge)
                          0.00    0.00   clock network delay (ideal)
                  0.15    0.00    0.00 ^ _19_/CLK (sky130_fd_sc_hd__dfrtp_2)
                  0.04    0.38    0.38 ^ _19_/Q (sky130_fd_sc_hd__dfrtp_2)
     1    0.00                           state[1] (net)
                  0.04    0.00    0.38 ^ _05_/A (sky130_fd_sc_hd__buf_1)
                  0.27    0.25    0.63 ^ _05_/X (sky130_fd_sc_hd__buf_1)
     7    0.02                           _00_ (net)
                  0.27    0.00    0.63 ^ _16_/A (sky130_fd_sc_hd__buf_1)
                  0.04    0.12    0.75 ^ _16_/X (sky130_fd_sc_hd__buf_1)
     1    0.00                           _04_ (net)
                  0.04    0.00    0.75 ^ _17_/A (sky130_fd_sc_hd__buf_1)
                  0.40    0.34    1.09 ^ _17_/X (sky130_fd_sc_hd__buf_1)
     1    0.03                           light_highway[2] (net)
                  0.40    0.00    1.09 ^ light_highway[2] (out)
                                  1.09   data arrival time

                  0.15   24.00   24.00   clock clk (rise edge)
                          0.00   24.00   clock network delay (ideal)
                         -0.25   23.75   clock uncertainty
                          0.00   23.75   clock reconvergence pessimism
                         -4.80   18.95   output external delay
                                 18.95   data required time
-----------------------------------------------------------------------------
                                 18.95   data required time
                                 -1.09   data arrival time
-----------------------------------------------------------------------------
                                 17.86   slack (MET)


Startpoint: _19_ (rising edge-triggered flip-flop clocked by clk)
Endpoint: light_highway[0] (output port clocked by clk)
Path Group: clk
Path Type: max

Fanout     Cap    Slew   Delay    Time   Description
-----------------------------------------------------------------------------
                  0.15    0.00    0.00   clock clk (rise edge)
                          0.00    0.00   clock network delay (ideal)
                  0.15    0.00    0.00 ^ _19_/CLK (sky130_fd_sc_hd__dfrtp_2)
                  0.04    0.43    0.43 v _19_/Q (sky130_fd_sc_hd__dfrtp_2)
     1    0.00                           state[1] (net)
                  0.04    0.00    0.43 v _05_/A (sky130_fd_sc_hd__buf_1)
                  0.12    0.17    0.60 v _05_/X (sky130_fd_sc_hd__buf_1)
     7    0.02                           _00_ (net)
                  0.12    0.00    0.60 v _06_/B (sky130_fd_sc_hd__nor2_2)
                  0.37    0.35    0.95 ^ _06_/Y (sky130_fd_sc_hd__nor2_2)
     1    0.03                           light_highway[0] (net)
                  0.37    0.00    0.95 ^ light_highway[0] (out)
                                  0.95   data arrival time

                  0.15   24.00   24.00   clock clk (rise edge)
                          0.00   24.00   clock network delay (ideal)
                         -0.25   23.75   clock uncertainty
                          0.00   23.75   clock reconvergence pessimism
                         -4.80   18.95   output external delay
                                 18.95   data required time
-----------------------------------------------------------------------------
                                 18.95   data required time
                                 -0.95   data arrival time
-----------------------------------------------------------------------------
                                 18.00   slack (MET)


