OpenROAD 4a99e88667b0840531ca0096c4fa0da8f80d6cb1 
This program is licensed under the BSD-3 license. See the LICENSE file for details.
Components of this program may be licensed under more restrictive licenses which must be honored.
[WARNING STA-0163] /openlane/designs/iiitb_tlc/src/sky130_fd_sc_hd__typical.lib line 23, default_fanout_load is 0.0.
[INFO ODB-0222] Reading LEF file: /openlane/designs/iiitb_tlc/runs/RUN_2022.09.05_09.47.48/tmp/merged.min.lef
[WARNING ODB-0220] WARNING (LEFPARS-2036): SOURCE statement is obsolete in version 5.6 and later.
The LEF parser will ignore this statement.
To avoid this warning in the future, remove this statement from the LEF file with version 5.6 or later. See file /openlane/designs/iiitb_tlc/runs/RUN_2022.09.05_09.47.48/tmp/merged.min.lef at line 68342.

[INFO ODB-0223]     Created 13 technology layers
[INFO ODB-0224]     Created 25 technology vias
[INFO ODB-0225]     Created 441 library cells
[INFO ODB-0226] Finished LEF file:  /openlane/designs/iiitb_tlc/runs/RUN_2022.09.05_09.47.48/tmp/merged.min.lef
[INFO ODB-0127] Reading DEF file: /openlane/designs/iiitb_tlc/runs/RUN_2022.09.05_09.47.48/results/routing/iiitb_tlc.def
[INFO ODB-0128] Design: iiitb_tlc
[INFO ODB-0130]     Created 11 pins.
[INFO ODB-0131]     Created 302 components and 1207 component-terminals.
[INFO ODB-0132]     Created 2 special nets and 1148 connections.
[INFO ODB-0133]     Created 28 nets and 59 connections.
[INFO ODB-0134] Finished DEF file: /openlane/designs/iiitb_tlc/runs/RUN_2022.09.05_09.47.48/results/routing/iiitb_tlc.def
Using RCX ruleset '/home/lokesh/openlane/pdks/sky130A/libs.tech/openlane/rules.openrcx.sky130A.min.spef_extractor'...
[INFO RCX-0431] Defined process_corner X with ext_model_index 0
[INFO RCX-0029] Defined extraction corner X
[INFO RCX-0008] extracting parasitics of iiitb_tlc ...
[INFO RCX-0435] Reading extraction model file /home/lokesh/openlane/pdks/sky130A/libs.tech/openlane/rules.openrcx.sky130A.min.spef_extractor ...
[INFO RCX-0436] RC segment generation iiitb_tlc (max_merge_res 50.0) ...
[INFO RCX-0040] Final 55 rc segments
[INFO RCX-0439] Coupling Cap extraction iiitb_tlc ...
[INFO RCX-0440] Coupling threshhold is 0.1000 fF, coupling capacitance less than 0.1000 fF will be grounded.
[INFO RCX-0043] 288 wires to be extracted
[INFO RCX-0442] 79% completion -- 230 wires have been extracted
[INFO RCX-0442] 100% completion -- 288 wires have been extracted
[INFO RCX-0045] Extract 28 nets, 82 rsegs, 82 caps, 30 ccs
[INFO RCX-0015] Finished extracting iiitb_tlc.
Writing result to /openlane/designs/iiitb_tlc/runs/RUN_2022.09.05_09.47.48/results/routing/iiitb_tlc.min.spef...
[INFO RCX-0016] Writing SPEF ...
[INFO RCX-0443] 28 nets finished
[INFO RCX-0017] Finished writing SPEF ...
