OpenROAD 4a99e88667b0840531ca0096c4fa0da8f80d6cb1 
This program is licensed under the BSD-3 license. See the LICENSE file for details.
Components of this program may be licensed under more restrictive licenses which must be honored.
[WARNING STA-0163] /openlane/designs/iiitb_tlc/src/sky130_fd_sc_hd__typical.lib line 23, default_fanout_load is 0.0.
[INFO ODB-0222] Reading LEF file: /openlane/designs/iiitb_tlc/runs/RUN_2022.09.05_09.47.48/tmp/merged.nom.lef
[WARNING ODB-0220] WARNING (LEFPARS-2036): SOURCE statement is obsolete in version 5.6 and later.
The LEF parser will ignore this statement.
To avoid this warning in the future, remove this statement from the LEF file with version 5.6 or later. See file /openlane/designs/iiitb_tlc/runs/RUN_2022.09.05_09.47.48/tmp/merged.nom.lef at line 68342.

[INFO ODB-0223]     Created 13 technology layers
[INFO ODB-0224]     Created 25 technology vias
[INFO ODB-0225]     Created 441 library cells
[INFO ODB-0226] Finished LEF file:  /openlane/designs/iiitb_tlc/runs/RUN_2022.09.05_09.47.48/tmp/merged.nom.lef
[INFO ODB-0127] Reading DEF file: /openlane/designs/iiitb_tlc/runs/RUN_2022.09.05_09.47.48/results/routing/iiitb_tlc.def
[INFO ODB-0128] Design: iiitb_tlc
[INFO ODB-0130]     Created 11 pins.
[INFO ODB-0131]     Created 302 components and 1207 component-terminals.
[INFO ODB-0132]     Created 2 special nets and 1148 connections.
[INFO ODB-0133]     Created 28 nets and 59 connections.
[INFO ODB-0134] Finished DEF file: /openlane/designs/iiitb_tlc/runs/RUN_2022.09.05_09.47.48/results/routing/iiitb_tlc.def
###############################################################################
# Created by write_sdc
# Mon Sep  5 09:48:51 2022
###############################################################################
current_design iiitb_tlc
###############################################################################
# Timing Constraints
###############################################################################
create_clock -name clk -period 24.0000 [get_ports {clk}]
set_clock_transition 0.1500 [get_clocks {clk}]
set_clock_uncertainty 0.2500 clk
set_propagated_clock [get_clocks {clk}]
set_input_delay 4.8000 -clock [get_clocks {clk}] -add_delay [get_ports {C}]
set_input_delay 4.8000 -clock [get_clocks {clk}] -add_delay [get_ports {rst_n}]
set_output_delay 4.8000 -clock [get_clocks {clk}] -add_delay [get_ports {light_farm[0]}]
set_output_delay 4.8000 -clock [get_clocks {clk}] -add_delay [get_ports {light_farm[1]}]
set_output_delay 4.8000 -clock [get_clocks {clk}] -add_delay [get_ports {light_farm[2]}]
set_output_delay 4.8000 -clock [get_clocks {clk}] -add_delay [get_ports {light_highway[0]}]
set_output_delay 4.8000 -clock [get_clocks {clk}] -add_delay [get_ports {light_highway[1]}]
set_output_delay 4.8000 -clock [get_clocks {clk}] -add_delay [get_ports {light_highway[2]}]
###############################################################################
# Environment
###############################################################################
set_load -pin_load 0.0334 [get_ports {light_farm[2]}]
set_load -pin_load 0.0334 [get_ports {light_farm[1]}]
set_load -pin_load 0.0334 [get_ports {light_farm[0]}]
set_load -pin_load 0.0334 [get_ports {light_highway[2]}]
set_load -pin_load 0.0334 [get_ports {light_highway[1]}]
set_load -pin_load 0.0334 [get_ports {light_highway[0]}]
set_driving_cell -lib_cell sky130_vsdinv -pin {Y} -input_transition_rise 0.0000 -input_transition_fall 0.0000 [get_ports {C}]
set_driving_cell -lib_cell sky130_vsdinv -pin {Y} -input_transition_rise 0.0000 -input_transition_fall 0.0000 [get_ports {clk}]
set_driving_cell -lib_cell sky130_vsdinv -pin {Y} -input_transition_rise 0.0000 -input_transition_fall 0.0000 [get_ports {rst_n}]
set_timing_derate -early 0.9500
set_timing_derate -late 1.0500
###############################################################################
# Design Rules
###############################################################################
set_max_fanout 10.0000 [current_design]
min_report

===========================================================================
report_checks -path_delay min (Hold)
============================================================================
Startpoint: rst_n (input port clocked by clk)
Endpoint: _18_ (removal check against rising-edge clock clk)
Path Group: **async_default**
Path Type: min

Fanout     Cap    Slew   Delay    Time   Description
-----------------------------------------------------------------------------
                          0.00    0.00   clock clk (rise edge)
                          0.00    0.00   clock network delay (propagated)
                          4.80    4.80 ^ input external delay
                  0.03    0.02    4.82 ^ rst_n (in)
     1    0.00                           rst_n (net)
                  0.03    0.00    4.82 ^ input2/A (sky130_fd_sc_hd__clkbuf_1)
                  0.15    0.14    4.96 ^ input2/X (sky130_fd_sc_hd__clkbuf_1)
     2    0.01                           net2 (net)
                  0.15    0.00    4.96 ^ _18_/RESET_B (sky130_fd_sc_hd__dfrtp_2)
                                  4.96   data arrival time

                          0.00    0.00   clock clk (rise edge)
                          0.00    0.00   clock source latency
                  0.11    0.07    0.07 ^ clk (in)
     1    0.01                           clk (net)
                  0.11    0.00    0.07 ^ clkbuf_0_clk/A (sky130_fd_sc_hd__clkbuf_16)
                  0.04    0.15    0.23 ^ clkbuf_0_clk/X (sky130_fd_sc_hd__clkbuf_16)
     2    0.02                           clknet_0_clk (net)
                  0.04    0.00    0.23 ^ clkbuf_1_0__f_clk/A (sky130_fd_sc_hd__clkbuf_16)
                  0.03    0.11    0.34 ^ clkbuf_1_0__f_clk/X (sky130_fd_sc_hd__clkbuf_16)
     1    0.00                           clknet_1_0__leaf_clk (net)
                  0.03    0.00    0.34 ^ _18_/CLK (sky130_fd_sc_hd__dfrtp_2)
                          0.25    0.59   clock uncertainty
                          0.00    0.59   clock reconvergence pessimism
                          0.34    0.93   library removal time
                                  0.93   data required time
-----------------------------------------------------------------------------
                                  0.93   data required time
                                 -4.96   data arrival time
-----------------------------------------------------------------------------
                                  4.03   slack (MET)


Startpoint: rst_n (input port clocked by clk)
Endpoint: _19_ (removal check against rising-edge clock clk)
Path Group: **async_default**
Path Type: min

Fanout     Cap    Slew   Delay    Time   Description
-----------------------------------------------------------------------------
                          0.00    0.00   clock clk (rise edge)
                          0.00    0.00   clock network delay (propagated)
                          4.80    4.80 ^ input external delay
                  0.03    0.02    4.82 ^ rst_n (in)
     1    0.00                           rst_n (net)
                  0.03    0.00    4.82 ^ input2/A (sky130_fd_sc_hd__clkbuf_1)
                  0.15    0.14    4.96 ^ input2/X (sky130_fd_sc_hd__clkbuf_1)
     2    0.01                           net2 (net)
                  0.15    0.00    4.96 ^ _19_/RESET_B (sky130_fd_sc_hd__dfrtp_1)
                                  4.96   data arrival time

                          0.00    0.00   clock clk (rise edge)
                          0.00    0.00   clock source latency
                  0.11    0.07    0.07 ^ clk (in)
     1    0.01                           clk (net)
                  0.11    0.00    0.07 ^ clkbuf_0_clk/A (sky130_fd_sc_hd__clkbuf_16)
                  0.04    0.15    0.23 ^ clkbuf_0_clk/X (sky130_fd_sc_hd__clkbuf_16)
     2    0.02                           clknet_0_clk (net)
                  0.04    0.00    0.23 ^ clkbuf_1_1__f_clk/A (sky130_fd_sc_hd__clkbuf_16)
                  0.03    0.11    0.34 ^ clkbuf_1_1__f_clk/X (sky130_fd_sc_hd__clkbuf_16)
     1    0.00                           clknet_1_1__leaf_clk (net)
                  0.03    0.00    0.34 ^ _19_/CLK (sky130_fd_sc_hd__dfrtp_1)
                          0.25    0.59   clock uncertainty
                          0.00    0.59   clock reconvergence pessimism
                          0.34    0.93   library removal time
                                  0.93   data required time
-----------------------------------------------------------------------------
                                  0.93   data required time
                                 -4.96   data arrival time
-----------------------------------------------------------------------------
                                  4.03   slack (MET)


Startpoint: _18_ (rising edge-triggered flip-flop clocked by clk)
Endpoint: _19_ (rising edge-triggered flip-flop clocked by clk)
Path Group: clk
Path Type: min

Fanout     Cap    Slew   Delay    Time   Description
-----------------------------------------------------------------------------
                          0.00    0.00   clock clk (rise edge)
                          0.00    0.00   clock source latency
                  0.11    0.07    0.07 ^ clk (in)
     1    0.01                           clk (net)
                  0.11    0.00    0.07 ^ clkbuf_0_clk/A (sky130_fd_sc_hd__clkbuf_16)
                  0.04    0.14    0.21 ^ clkbuf_0_clk/X (sky130_fd_sc_hd__clkbuf_16)
     2    0.02                           clknet_0_clk (net)
                  0.04    0.00    0.21 ^ clkbuf_1_0__f_clk/A (sky130_fd_sc_hd__clkbuf_16)
                  0.03    0.10    0.31 ^ clkbuf_1_0__f_clk/X (sky130_fd_sc_hd__clkbuf_16)
     1    0.00                           clknet_1_0__leaf_clk (net)
                  0.03    0.00    0.31 ^ _18_/CLK (sky130_fd_sc_hd__dfrtp_2)
                  0.11    0.37    0.68 ^ _18_/Q (sky130_fd_sc_hd__dfrtp_2)
     6    0.02                           state[0] (net)
                  0.11    0.00    0.68 ^ _10_/A (sky130_fd_sc_hd__xor2_1)
                  0.03    0.07    0.75 v _10_/X (sky130_fd_sc_hd__xor2_1)
     1    0.00                           next_state[1] (net)
                  0.03    0.00    0.75 v _19_/D (sky130_fd_sc_hd__dfrtp_1)
                                  0.75   data arrival time

                          0.00    0.00   clock clk (rise edge)
                          0.00    0.00   clock source latency
                  0.11    0.07    0.07 ^ clk (in)
     1    0.01                           clk (net)
                  0.11    0.00    0.07 ^ clkbuf_0_clk/A (sky130_fd_sc_hd__clkbuf_16)
                  0.04    0.15    0.23 ^ clkbuf_0_clk/X (sky130_fd_sc_hd__clkbuf_16)
     2    0.02                           clknet_0_clk (net)
                  0.04    0.00    0.23 ^ clkbuf_1_1__f_clk/A (sky130_fd_sc_hd__clkbuf_16)
                  0.03    0.11    0.34 ^ clkbuf_1_1__f_clk/X (sky130_fd_sc_hd__clkbuf_16)
     1    0.00                           clknet_1_1__leaf_clk (net)
                  0.03    0.00    0.34 ^ _19_/CLK (sky130_fd_sc_hd__dfrtp_1)
                          0.25    0.59   clock uncertainty
                         -0.02    0.57   clock reconvergence pessimism
                         -0.05    0.52   library hold time
                                  0.52   data required time
-----------------------------------------------------------------------------
                                  0.52   data required time
                                 -0.75   data arrival time
-----------------------------------------------------------------------------
                                  0.23   slack (MET)


Startpoint: _18_ (rising edge-triggered flip-flop clocked by clk)
Endpoint: _18_ (rising edge-triggered flip-flop clocked by clk)
Path Group: clk
Path Type: min

Fanout     Cap    Slew   Delay    Time   Description
-----------------------------------------------------------------------------
                          0.00    0.00   clock clk (rise edge)
                          0.00    0.00   clock source latency
                  0.11    0.07    0.07 ^ clk (in)
     1    0.01                           clk (net)
                  0.11    0.00    0.07 ^ clkbuf_0_clk/A (sky130_fd_sc_hd__clkbuf_16)
                  0.04    0.14    0.21 ^ clkbuf_0_clk/X (sky130_fd_sc_hd__clkbuf_16)
     2    0.02                           clknet_0_clk (net)
                  0.04    0.00    0.21 ^ clkbuf_1_0__f_clk/A (sky130_fd_sc_hd__clkbuf_16)
                  0.03    0.10    0.31 ^ clkbuf_1_0__f_clk/X (sky130_fd_sc_hd__clkbuf_16)
     1    0.00                           clknet_1_0__leaf_clk (net)
                  0.03    0.00    0.31 ^ _18_/CLK (sky130_fd_sc_hd__dfrtp_2)
                  0.11    0.37    0.68 ^ _18_/Q (sky130_fd_sc_hd__dfrtp_2)
     6    0.02                           state[0] (net)
                  0.11    0.00    0.68 ^ _09_/B1_N (sky130_fd_sc_hd__o21ba_1)
                  0.04    0.16    0.84 v _09_/X (sky130_fd_sc_hd__o21ba_1)
     1    0.00                           next_state[0] (net)
                  0.04    0.00    0.84 v _18_/D (sky130_fd_sc_hd__dfrtp_2)
                                  0.84   data arrival time

                          0.00    0.00   clock clk (rise edge)
                          0.00    0.00   clock source latency
                  0.11    0.07    0.07 ^ clk (in)
     1    0.01                           clk (net)
                  0.11    0.00    0.07 ^ clkbuf_0_clk/A (sky130_fd_sc_hd__clkbuf_16)
                  0.04    0.15    0.23 ^ clkbuf_0_clk/X (sky130_fd_sc_hd__clkbuf_16)
     2    0.02                           clknet_0_clk (net)
                  0.04    0.00    0.23 ^ clkbuf_1_0__f_clk/A (sky130_fd_sc_hd__clkbuf_16)
                  0.03    0.11    0.34 ^ clkbuf_1_0__f_clk/X (sky130_fd_sc_hd__clkbuf_16)
     1    0.00                           clknet_1_0__leaf_clk (net)
                  0.03    0.00    0.34 ^ _18_/CLK (sky130_fd_sc_hd__dfrtp_2)
                          0.25    0.59   clock uncertainty
                         -0.03    0.56   clock reconvergence pessimism
                         -0.04    0.51   library hold time
                                  0.51   data required time
-----------------------------------------------------------------------------
                                  0.51   data required time
                                 -0.84   data arrival time
-----------------------------------------------------------------------------
                                  0.33   slack (MET)


Startpoint: _18_ (rising edge-triggered flip-flop clocked by clk)
Endpoint: light_highway[0] (output port clocked by clk)
Path Group: clk
Path Type: min

Fanout     Cap    Slew   Delay    Time   Description
-----------------------------------------------------------------------------
                          0.00    0.00   clock clk (rise edge)
                          0.00    0.00   clock source latency
                  0.11    0.07    0.07 ^ clk (in)
     1    0.01                           clk (net)
                  0.11    0.00    0.07 ^ clkbuf_0_clk/A (sky130_fd_sc_hd__clkbuf_16)
                  0.04    0.14    0.21 ^ clkbuf_0_clk/X (sky130_fd_sc_hd__clkbuf_16)
     2    0.02                           clknet_0_clk (net)
                  0.04    0.00    0.21 ^ clkbuf_1_0__f_clk/A (sky130_fd_sc_hd__clkbuf_16)
                  0.03    0.10    0.31 ^ clkbuf_1_0__f_clk/X (sky130_fd_sc_hd__clkbuf_16)
     1    0.00                           clknet_1_0__leaf_clk (net)
                  0.03    0.00    0.31 ^ _18_/CLK (sky130_fd_sc_hd__dfrtp_2)
                  0.11    0.37    0.68 ^ _18_/Q (sky130_fd_sc_hd__dfrtp_2)
     6    0.02                           state[0] (net)
                  0.11    0.00    0.68 ^ _06_/A (sky130_fd_sc_hd__nor2_1)
                  0.04    0.06    0.75 v _06_/Y (sky130_fd_sc_hd__nor2_1)
     1    0.00                           net5 (net)
                  0.04    0.00    0.75 v output5/A (sky130_fd_sc_hd__buf_2)
                  0.09    0.17    0.91 v output5/X (sky130_fd_sc_hd__buf_2)
     1    0.03                           light_highway[0] (net)
                  0.09    0.00    0.92 v light_highway[0] (out)
                                  0.92   data arrival time

                          0.00    0.00   clock clk (rise edge)
                          0.00    0.00   clock network delay (propagated)
                          0.25    0.25   clock uncertainty
                          0.00    0.25   clock reconvergence pessimism
                         -4.80   -4.55   output external delay
                                 -4.55   data required time
-----------------------------------------------------------------------------
                                 -4.55   data required time
                                 -0.92   data arrival time
-----------------------------------------------------------------------------
                                  5.47   slack (MET)


Startpoint: _18_ (rising edge-triggered flip-flop clocked by clk)
Endpoint: light_farm[0] (output port clocked by clk)
Path Group: clk
Path Type: min

Fanout     Cap    Slew   Delay    Time   Description
-----------------------------------------------------------------------------
                          0.00    0.00   clock clk (rise edge)
                          0.00    0.00   clock source latency
                  0.11    0.07    0.07 ^ clk (in)
     1    0.01                           clk (net)
                  0.11    0.00    0.07 ^ clkbuf_0_clk/A (sky130_fd_sc_hd__clkbuf_16)
                  0.04    0.14    0.21 ^ clkbuf_0_clk/X (sky130_fd_sc_hd__clkbuf_16)
     2    0.02                           clknet_0_clk (net)
                  0.04    0.00    0.21 ^ clkbuf_1_0__f_clk/A (sky130_fd_sc_hd__clkbuf_16)
                  0.03    0.10    0.31 ^ clkbuf_1_0__f_clk/X (sky130_fd_sc_hd__clkbuf_16)
     1    0.00                           clknet_1_0__leaf_clk (net)
                  0.03    0.00    0.31 ^ _18_/CLK (sky130_fd_sc_hd__dfrtp_2)
                  0.11    0.37    0.68 ^ _18_/Q (sky130_fd_sc_hd__dfrtp_2)
     6    0.02                           state[0] (net)
                  0.11    0.00    0.68 ^ _07_/A_N (sky130_fd_sc_hd__and2b_1)
                  0.03    0.18    0.86 v _07_/X (sky130_fd_sc_hd__and2b_1)
     1    0.00                           _01_ (net)
                  0.03    0.00    0.86 v _08_/A (sky130_fd_sc_hd__clkbuf_1)
                  0.04    0.09    0.95 v _08_/X (sky130_fd_sc_hd__clkbuf_1)
     1    0.00                           net3 (net)
                  0.04    0.00    0.95 v output3/A (sky130_fd_sc_hd__buf_2)
                  0.09    0.17    1.11 v output3/X (sky130_fd_sc_hd__buf_2)
     1    0.03                           light_farm[0] (net)
                  0.09    0.00    1.12 v light_farm[0] (out)
                                  1.12   data arrival time

                          0.00    0.00   clock clk (rise edge)
                          0.00    0.00   clock network delay (propagated)
                          0.25    0.25   clock uncertainty
                          0.00    0.25   clock reconvergence pessimism
                         -4.80   -4.55   output external delay
                                 -4.55   data required time
-----------------------------------------------------------------------------
                                 -4.55   data required time
                                 -1.12   data arrival time
-----------------------------------------------------------------------------
                                  5.67   slack (MET)


Startpoint: _18_ (rising edge-triggered flip-flop clocked by clk)
Endpoint: light_highway[1] (output port clocked by clk)
Path Group: clk
Path Type: min

Fanout     Cap    Slew   Delay    Time   Description
-----------------------------------------------------------------------------
                          0.00    0.00   clock clk (rise edge)
                          0.00    0.00   clock source latency
                  0.11    0.07    0.07 ^ clk (in)
     1    0.01                           clk (net)
                  0.11    0.00    0.07 ^ clkbuf_0_clk/A (sky130_fd_sc_hd__clkbuf_16)
                  0.04    0.14    0.21 ^ clkbuf_0_clk/X (sky130_fd_sc_hd__clkbuf_16)
     2    0.02                           clknet_0_clk (net)
                  0.04    0.00    0.21 ^ clkbuf_1_0__f_clk/A (sky130_fd_sc_hd__clkbuf_16)
                  0.03    0.10    0.31 ^ clkbuf_1_0__f_clk/X (sky130_fd_sc_hd__clkbuf_16)
     1    0.00                           clknet_1_0__leaf_clk (net)
                  0.03    0.00    0.31 ^ _18_/CLK (sky130_fd_sc_hd__dfrtp_2)
                  0.11    0.37    0.68 ^ _18_/Q (sky130_fd_sc_hd__dfrtp_2)
     6    0.02                           state[0] (net)
                  0.11    0.00    0.68 ^ _14_/B (sky130_fd_sc_hd__and2b_1)
                  0.04    0.13    0.81 ^ _14_/X (sky130_fd_sc_hd__and2b_1)
     1    0.00                           _03_ (net)
                  0.04    0.00    0.81 ^ _15_/A (sky130_fd_sc_hd__clkbuf_1)
                  0.10    0.12    0.93 ^ _15_/X (sky130_fd_sc_hd__clkbuf_1)
     1    0.01                           net6 (net)
                  0.10    0.00    0.93 ^ output6/A (sky130_fd_sc_hd__buf_2)
                  0.17    0.21    1.13 ^ output6/X (sky130_fd_sc_hd__buf_2)
     1    0.03                           light_highway[1] (net)
                  0.17    0.00    1.14 ^ light_highway[1] (out)
                                  1.14   data arrival time

                          0.00    0.00   clock clk (rise edge)
                          0.00    0.00   clock network delay (propagated)
                          0.25    0.25   clock uncertainty
                          0.00    0.25   clock reconvergence pessimism
                         -4.80   -4.55   output external delay
                                 -4.55   data required time
-----------------------------------------------------------------------------
                                 -4.55   data required time
                                 -1.14   data arrival time
-----------------------------------------------------------------------------
                                  5.69   slack (MET)


min_report_end
max_report

===========================================================================
report_checks -path_delay max (Setup)
============================================================================
Startpoint: rst_n (input port clocked by clk)
Endpoint: _18_ (recovery check against rising-edge clock clk)
Path Group: **async_default**
Path Type: max

Fanout     Cap    Slew   Delay    Time   Description
-----------------------------------------------------------------------------
                          0.00    0.00   clock clk (rise edge)
                          0.00    0.00   clock network delay (propagated)
                          4.80    4.80 ^ input external delay
                  0.03    0.02    4.82 ^ rst_n (in)
     1    0.00                           rst_n (net)
                  0.03    0.00    4.82 ^ input2/A (sky130_fd_sc_hd__clkbuf_1)
                  0.15    0.16    4.97 ^ input2/X (sky130_fd_sc_hd__clkbuf_1)
     2    0.01                           net2 (net)
                  0.15    0.00    4.98 ^ _18_/RESET_B (sky130_fd_sc_hd__dfrtp_2)
                                  4.98   data arrival time

                         24.00   24.00   clock clk (rise edge)
                          0.00   24.00   clock source latency
                  0.11    0.07   24.07 ^ clk (in)
     1    0.01                           clk (net)
                  0.11    0.00   24.07 ^ clkbuf_0_clk/A (sky130_fd_sc_hd__clkbuf_16)
                  0.04    0.14   24.21 ^ clkbuf_0_clk/X (sky130_fd_sc_hd__clkbuf_16)
     2    0.02                           clknet_0_clk (net)
                  0.04    0.00   24.21 ^ clkbuf_1_0__f_clk/A (sky130_fd_sc_hd__clkbuf_16)
                  0.03    0.10   24.31 ^ clkbuf_1_0__f_clk/X (sky130_fd_sc_hd__clkbuf_16)
     1    0.00                           clknet_1_0__leaf_clk (net)
                  0.03    0.00   24.31 ^ _18_/CLK (sky130_fd_sc_hd__dfrtp_2)
                         -0.25   24.06   clock uncertainty
                          0.00   24.06   clock reconvergence pessimism
                          0.18   24.24   library recovery time
                                 24.24   data required time
-----------------------------------------------------------------------------
                                 24.24   data required time
                                 -4.98   data arrival time
-----------------------------------------------------------------------------
                                 19.27   slack (MET)


Startpoint: rst_n (input port clocked by clk)
Endpoint: _19_ (recovery check against rising-edge clock clk)
Path Group: **async_default**
Path Type: max

Fanout     Cap    Slew   Delay    Time   Description
-----------------------------------------------------------------------------
                          0.00    0.00   clock clk (rise edge)
                          0.00    0.00   clock network delay (propagated)
                          4.80    4.80 ^ input external delay
                  0.03    0.02    4.82 ^ rst_n (in)
     1    0.00                           rst_n (net)
                  0.03    0.00    4.82 ^ input2/A (sky130_fd_sc_hd__clkbuf_1)
                  0.15    0.16    4.97 ^ input2/X (sky130_fd_sc_hd__clkbuf_1)
     2    0.01                           net2 (net)
                  0.15    0.00    4.98 ^ _19_/RESET_B (sky130_fd_sc_hd__dfrtp_1)
                                  4.98   data arrival time

                         24.00   24.00   clock clk (rise edge)
                          0.00   24.00   clock source latency
                  0.11    0.07   24.07 ^ clk (in)
     1    0.01                           clk (net)
                  0.11    0.00   24.07 ^ clkbuf_0_clk/A (sky130_fd_sc_hd__clkbuf_16)
                  0.04    0.14   24.21 ^ clkbuf_0_clk/X (sky130_fd_sc_hd__clkbuf_16)
     2    0.02                           clknet_0_clk (net)
                  0.04    0.00   24.21 ^ clkbuf_1_1__f_clk/A (sky130_fd_sc_hd__clkbuf_16)
                  0.03    0.10   24.31 ^ clkbuf_1_1__f_clk/X (sky130_fd_sc_hd__clkbuf_16)
     1    0.00                           clknet_1_1__leaf_clk (net)
                  0.03    0.00   24.31 ^ _19_/CLK (sky130_fd_sc_hd__dfrtp_1)
                         -0.25   24.06   clock uncertainty
                          0.00   24.06   clock reconvergence pessimism
                          0.20   24.26   library recovery time
                                 24.26   data required time
-----------------------------------------------------------------------------
                                 24.26   data required time
                                 -4.98   data arrival time
-----------------------------------------------------------------------------
                                 19.28   slack (MET)


Startpoint: _19_ (rising edge-triggered flip-flop clocked by clk)
Endpoint: light_highway[1] (output port clocked by clk)
Path Group: clk
Path Type: max

Fanout     Cap    Slew   Delay    Time   Description
-----------------------------------------------------------------------------
                          0.00    0.00   clock clk (rise edge)
                          0.00    0.00   clock source latency
                  0.11    0.07    0.07 ^ clk (in)
     1    0.01                           clk (net)
                  0.11    0.00    0.07 ^ clkbuf_0_clk/A (sky130_fd_sc_hd__clkbuf_16)
                  0.04    0.15    0.23 ^ clkbuf_0_clk/X (sky130_fd_sc_hd__clkbuf_16)
     2    0.02                           clknet_0_clk (net)
                  0.04    0.00    0.23 ^ clkbuf_1_1__f_clk/A (sky130_fd_sc_hd__clkbuf_16)
                  0.03    0.11    0.34 ^ clkbuf_1_1__f_clk/X (sky130_fd_sc_hd__clkbuf_16)
     1    0.00                           clknet_1_1__leaf_clk (net)
                  0.03    0.00    0.34 ^ _19_/CLK (sky130_fd_sc_hd__dfrtp_1)
                  0.05    0.38    0.72 v _19_/Q (sky130_fd_sc_hd__dfrtp_1)
     1    0.01                           state[1] (net)
                  0.05    0.00    0.72 v _05_/A (sky130_fd_sc_hd__clkbuf_2)
                  0.09    0.17    0.89 v _05_/X (sky130_fd_sc_hd__clkbuf_2)
     7    0.02                           _00_ (net)
                  0.09    0.00    0.89 v _14_/A_N (sky130_fd_sc_hd__and2b_1)
                  0.04    0.22    1.11 ^ _14_/X (sky130_fd_sc_hd__and2b_1)
     1    0.00                           _03_ (net)
                  0.04    0.00    1.11 ^ _15_/A (sky130_fd_sc_hd__clkbuf_1)
                  0.10    0.13    1.24 ^ _15_/X (sky130_fd_sc_hd__clkbuf_1)
     1    0.01                           net6 (net)
                  0.10    0.00    1.24 ^ output6/A (sky130_fd_sc_hd__buf_2)
                  0.17    0.23    1.47 ^ output6/X (sky130_fd_sc_hd__buf_2)
     1    0.03                           light_highway[1] (net)
                  0.17    0.00    1.47 ^ light_highway[1] (out)
                                  1.47   data arrival time

                         24.00   24.00   clock clk (rise edge)
                          0.00   24.00   clock network delay (propagated)
                         -0.25   23.75   clock uncertainty
                          0.00   23.75   clock reconvergence pessimism
                         -4.80   18.95   output external delay
                                 18.95   data required time
-----------------------------------------------------------------------------
                                 18.95   data required time
                                 -1.47   data arrival time
-----------------------------------------------------------------------------
                                 17.48   slack (MET)


Startpoint: _19_ (rising edge-triggered flip-flop clocked by clk)
Endpoint: light_farm[1] (output port clocked by clk)
Path Group: clk
Path Type: max

Fanout     Cap    Slew   Delay    Time   Description
-----------------------------------------------------------------------------
                          0.00    0.00   clock clk (rise edge)
                          0.00    0.00   clock source latency
                  0.11    0.07    0.07 ^ clk (in)
     1    0.01                           clk (net)
                  0.11    0.00    0.07 ^ clkbuf_0_clk/A (sky130_fd_sc_hd__clkbuf_16)
                  0.04    0.15    0.23 ^ clkbuf_0_clk/X (sky130_fd_sc_hd__clkbuf_16)
     2    0.02                           clknet_0_clk (net)
                  0.04    0.00    0.23 ^ clkbuf_1_1__f_clk/A (sky130_fd_sc_hd__clkbuf_16)
                  0.03    0.11    0.34 ^ clkbuf_1_1__f_clk/X (sky130_fd_sc_hd__clkbuf_16)
     1    0.00                           clknet_1_1__leaf_clk (net)
                  0.03    0.00    0.34 ^ _19_/CLK (sky130_fd_sc_hd__dfrtp_1)
                  0.07    0.35    0.68 ^ _19_/Q (sky130_fd_sc_hd__dfrtp_1)
     1    0.01                           state[1] (net)
                  0.07    0.00    0.68 ^ _05_/A (sky130_fd_sc_hd__clkbuf_2)
                  0.14    0.19    0.87 ^ _05_/X (sky130_fd_sc_hd__clkbuf_2)
     7    0.02                           _00_ (net)
                  0.14    0.00    0.87 ^ _11_/B (sky130_fd_sc_hd__and2_1)
                  0.08    0.18    1.05 ^ _11_/X (sky130_fd_sc_hd__and2_1)
     1    0.01                           _02_ (net)
                  0.08    0.00    1.05 ^ _12_/A (sky130_fd_sc_hd__clkbuf_1)
                  0.08    0.12    1.18 ^ _12_/X (sky130_fd_sc_hd__clkbuf_1)
     1    0.01                           net4 (net)
                  0.08    0.00    1.18 ^ output4/A (sky130_fd_sc_hd__buf_2)
                  0.17    0.22    1.40 ^ output4/X (sky130_fd_sc_hd__buf_2)
     1    0.03                           light_farm[1] (net)
                  0.17    0.00    1.40 ^ light_farm[1] (out)
                                  1.40   data arrival time

                         24.00   24.00   clock clk (rise edge)
                          0.00   24.00   clock network delay (propagated)
                         -0.25   23.75   clock uncertainty
                          0.00   23.75   clock reconvergence pessimism
                         -4.80   18.95   output external delay
                                 18.95   data required time
-----------------------------------------------------------------------------
                                 18.95   data required time
                                 -1.40   data arrival time
-----------------------------------------------------------------------------
                                 17.55   slack (MET)


Startpoint: _19_ (rising edge-triggered flip-flop clocked by clk)
Endpoint: light_farm[0] (output port clocked by clk)
Path Group: clk
Path Type: max

Fanout     Cap    Slew   Delay    Time   Description
-----------------------------------------------------------------------------
                          0.00    0.00   clock clk (rise edge)
                          0.00    0.00   clock source latency
                  0.11    0.07    0.07 ^ clk (in)
     1    0.01                           clk (net)
                  0.11    0.00    0.07 ^ clkbuf_0_clk/A (sky130_fd_sc_hd__clkbuf_16)
                  0.04    0.15    0.23 ^ clkbuf_0_clk/X (sky130_fd_sc_hd__clkbuf_16)
     2    0.02                           clknet_0_clk (net)
                  0.04    0.00    0.23 ^ clkbuf_1_1__f_clk/A (sky130_fd_sc_hd__clkbuf_16)
                  0.03    0.11    0.34 ^ clkbuf_1_1__f_clk/X (sky130_fd_sc_hd__clkbuf_16)
     1    0.00                           clknet_1_1__leaf_clk (net)
                  0.03    0.00    0.34 ^ _19_/CLK (sky130_fd_sc_hd__dfrtp_1)
                  0.05    0.38    0.72 v _19_/Q (sky130_fd_sc_hd__dfrtp_1)
     1    0.01                           state[1] (net)
                  0.05    0.00    0.72 v _05_/A (sky130_fd_sc_hd__clkbuf_2)
                  0.09    0.17    0.89 v _05_/X (sky130_fd_sc_hd__clkbuf_2)
     7    0.02                           _00_ (net)
                  0.09    0.00    0.89 v _07_/B (sky130_fd_sc_hd__and2b_1)
                  0.03    0.18    1.07 v _07_/X (sky130_fd_sc_hd__and2b_1)
     1    0.00                           _01_ (net)
                  0.03    0.00    1.07 v _08_/A (sky130_fd_sc_hd__clkbuf_1)
                  0.04    0.10    1.17 v _08_/X (sky130_fd_sc_hd__clkbuf_1)
     1    0.00                           net3 (net)
                  0.04    0.00    1.17 v output3/A (sky130_fd_sc_hd__buf_2)
                  0.09    0.18    1.35 v output3/X (sky130_fd_sc_hd__buf_2)
     1    0.03                           light_farm[0] (net)
                  0.09    0.00    1.35 v light_farm[0] (out)
                                  1.35   data arrival time

                         24.00   24.00   clock clk (rise edge)
                          0.00   24.00   clock network delay (propagated)
                         -0.25   23.75   clock uncertainty
                          0.00   23.75   clock reconvergence pessimism
                         -4.80   18.95   output external delay
                                 18.95   data required time
-----------------------------------------------------------------------------
                                 18.95   data required time
                                 -1.35   data arrival time
-----------------------------------------------------------------------------
                                 17.60   slack (MET)


Startpoint: _19_ (rising edge-triggered flip-flop clocked by clk)
Endpoint: light_highway[2] (output port clocked by clk)
Path Group: clk
Path Type: max

Fanout     Cap    Slew   Delay    Time   Description
-----------------------------------------------------------------------------
                          0.00    0.00   clock clk (rise edge)
                          0.00    0.00   clock source latency
                  0.11    0.07    0.07 ^ clk (in)
     1    0.01                           clk (net)
                  0.11    0.00    0.07 ^ clkbuf_0_clk/A (sky130_fd_sc_hd__clkbuf_16)
                  0.04    0.15    0.23 ^ clkbuf_0_clk/X (sky130_fd_sc_hd__clkbuf_16)
     2    0.02                           clknet_0_clk (net)
                  0.04    0.00    0.23 ^ clkbuf_1_1__f_clk/A (sky130_fd_sc_hd__clkbuf_16)
                  0.03    0.11    0.34 ^ clkbuf_1_1__f_clk/X (sky130_fd_sc_hd__clkbuf_16)
     1    0.00                           clknet_1_1__leaf_clk (net)
                  0.03    0.00    0.34 ^ _19_/CLK (sky130_fd_sc_hd__dfrtp_1)
                  0.07    0.35    0.68 ^ _19_/Q (sky130_fd_sc_hd__dfrtp_1)
     1    0.01                           state[1] (net)
                  0.07    0.00    0.68 ^ _05_/A (sky130_fd_sc_hd__clkbuf_2)
                  0.14    0.19    0.87 ^ _05_/X (sky130_fd_sc_hd__clkbuf_2)
     7    0.02                           _00_ (net)
                  0.14    0.00    0.88 ^ _16_/A (sky130_fd_sc_hd__clkbuf_1)
                  0.08    0.14    1.01 ^ _16_/X (sky130_fd_sc_hd__clkbuf_1)
     1    0.01                           _04_ (net)
                  0.08    0.00    1.01 ^ _17_/A (sky130_fd_sc_hd__clkbuf_1)
                  0.05    0.10    1.11 ^ _17_/X (sky130_fd_sc_hd__clkbuf_1)
     1    0.00                           net7 (net)
                  0.05    0.00    1.11 ^ output7/A (sky130_fd_sc_hd__buf_2)
                  0.17    0.21    1.32 ^ output7/X (sky130_fd_sc_hd__buf_2)
     1    0.03                           light_highway[2] (net)
                  0.17    0.00    1.33 ^ light_highway[2] (out)
                                  1.33   data arrival time

                         24.00   24.00   clock clk (rise edge)
                          0.00   24.00   clock network delay (propagated)
                         -0.25   23.75   clock uncertainty
                          0.00   23.75   clock reconvergence pessimism
                         -4.80   18.95   output external delay
                                 18.95   data required time
-----------------------------------------------------------------------------
                                 18.95   data required time
                                 -1.33   data arrival time
-----------------------------------------------------------------------------
                                 17.62   slack (MET)


Startpoint: _19_ (rising edge-triggered flip-flop clocked by clk)
Endpoint: light_highway[0] (output port clocked by clk)
Path Group: clk
Path Type: max

Fanout     Cap    Slew   Delay    Time   Description
-----------------------------------------------------------------------------
                          0.00    0.00   clock clk (rise edge)
                          0.00    0.00   clock source latency
                  0.11    0.07    0.07 ^ clk (in)
     1    0.01                           clk (net)
                  0.11    0.00    0.07 ^ clkbuf_0_clk/A (sky130_fd_sc_hd__clkbuf_16)
                  0.04    0.15    0.23 ^ clkbuf_0_clk/X (sky130_fd_sc_hd__clkbuf_16)
     2    0.02                           clknet_0_clk (net)
                  0.04    0.00    0.23 ^ clkbuf_1_1__f_clk/A (sky130_fd_sc_hd__clkbuf_16)
                  0.03    0.11    0.34 ^ clkbuf_1_1__f_clk/X (sky130_fd_sc_hd__clkbuf_16)
     1    0.00                           clknet_1_1__leaf_clk (net)
                  0.03    0.00    0.34 ^ _19_/CLK (sky130_fd_sc_hd__dfrtp_1)
                  0.05    0.38    0.72 v _19_/Q (sky130_fd_sc_hd__dfrtp_1)
     1    0.01                           state[1] (net)
                  0.05    0.00    0.72 v _05_/A (sky130_fd_sc_hd__clkbuf_2)
                  0.09    0.17    0.89 v _05_/X (sky130_fd_sc_hd__clkbuf_2)
     7    0.02                           _00_ (net)
                  0.09    0.00    0.89 v _06_/B (sky130_fd_sc_hd__nor2_1)
                  0.10    0.12    1.01 ^ _06_/Y (sky130_fd_sc_hd__nor2_1)
     1    0.00                           net5 (net)
                  0.10    0.00    1.01 ^ output5/A (sky130_fd_sc_hd__buf_2)
                  0.17    0.23    1.24 ^ output5/X (sky130_fd_sc_hd__buf_2)
     1    0.03                           light_highway[0] (net)
                  0.17    0.00    1.24 ^ light_highway[0] (out)
                                  1.24   data arrival time

                         24.00   24.00   clock clk (rise edge)
                          0.00   24.00   clock network delay (propagated)
                         -0.25   23.75   clock uncertainty
                          0.00   23.75   clock reconvergence pessimism
                         -4.80   18.95   output external delay
                                 18.95   data required time
-----------------------------------------------------------------------------
                                 18.95   data required time
                                 -1.24   data arrival time
-----------------------------------------------------------------------------
                                 17.71   slack (MET)


max_report_end
check_report

===========================================================================
report_checks -unconstrained
============================================================================
Startpoint: rst_n (input port clocked by clk)
Endpoint: _18_ (recovery check against rising-edge clock clk)
Path Group: **async_default**
Path Type: max

Fanout     Cap    Slew   Delay    Time   Description
-----------------------------------------------------------------------------
                          0.00    0.00   clock clk (rise edge)
                          0.00    0.00   clock network delay (propagated)
                          4.80    4.80 ^ input external delay
                  0.03    0.02    4.82 ^ rst_n (in)
     1    0.00                           rst_n (net)
                  0.03    0.00    4.82 ^ input2/A (sky130_fd_sc_hd__clkbuf_1)
                  0.15    0.16    4.97 ^ input2/X (sky130_fd_sc_hd__clkbuf_1)
     2    0.01                           net2 (net)
                  0.15    0.00    4.98 ^ _18_/RESET_B (sky130_fd_sc_hd__dfrtp_2)
                                  4.98   data arrival time

                         24.00   24.00   clock clk (rise edge)
                          0.00   24.00   clock source latency
                  0.11    0.07   24.07 ^ clk (in)
     1    0.01                           clk (net)
                  0.11    0.00   24.07 ^ clkbuf_0_clk/A (sky130_fd_sc_hd__clkbuf_16)
                  0.04    0.14   24.21 ^ clkbuf_0_clk/X (sky130_fd_sc_hd__clkbuf_16)
     2    0.02                           clknet_0_clk (net)
                  0.04    0.00   24.21 ^ clkbuf_1_0__f_clk/A (sky130_fd_sc_hd__clkbuf_16)
                  0.03    0.10   24.31 ^ clkbuf_1_0__f_clk/X (sky130_fd_sc_hd__clkbuf_16)
     1    0.00                           clknet_1_0__leaf_clk (net)
                  0.03    0.00   24.31 ^ _18_/CLK (sky130_fd_sc_hd__dfrtp_2)
                         -0.25   24.06   clock uncertainty
                          0.00   24.06   clock reconvergence pessimism
                          0.18   24.24   library recovery time
                                 24.24   data required time
-----------------------------------------------------------------------------
                                 24.24   data required time
                                 -4.98   data arrival time
-----------------------------------------------------------------------------
                                 19.27   slack (MET)


Startpoint: _19_ (rising edge-triggered flip-flop clocked by clk)
Endpoint: light_highway[1] (output port clocked by clk)
Path Group: clk
Path Type: max

Fanout     Cap    Slew   Delay    Time   Description
-----------------------------------------------------------------------------
                          0.00    0.00   clock clk (rise edge)
                          0.00    0.00   clock source latency
                  0.11    0.07    0.07 ^ clk (in)
     1    0.01                           clk (net)
                  0.11    0.00    0.07 ^ clkbuf_0_clk/A (sky130_fd_sc_hd__clkbuf_16)
                  0.04    0.15    0.23 ^ clkbuf_0_clk/X (sky130_fd_sc_hd__clkbuf_16)
     2    0.02                           clknet_0_clk (net)
                  0.04    0.00    0.23 ^ clkbuf_1_1__f_clk/A (sky130_fd_sc_hd__clkbuf_16)
                  0.03    0.11    0.34 ^ clkbuf_1_1__f_clk/X (sky130_fd_sc_hd__clkbuf_16)
     1    0.00                           clknet_1_1__leaf_clk (net)
                  0.03    0.00    0.34 ^ _19_/CLK (sky130_fd_sc_hd__dfrtp_1)
                  0.05    0.38    0.72 v _19_/Q (sky130_fd_sc_hd__dfrtp_1)
     1    0.01                           state[1] (net)
                  0.05    0.00    0.72 v _05_/A (sky130_fd_sc_hd__clkbuf_2)
                  0.09    0.17    0.89 v _05_/X (sky130_fd_sc_hd__clkbuf_2)
     7    0.02                           _00_ (net)
                  0.09    0.00    0.89 v _14_/A_N (sky130_fd_sc_hd__and2b_1)
                  0.04    0.22    1.11 ^ _14_/X (sky130_fd_sc_hd__and2b_1)
     1    0.00                           _03_ (net)
                  0.04    0.00    1.11 ^ _15_/A (sky130_fd_sc_hd__clkbuf_1)
                  0.10    0.13    1.24 ^ _15_/X (sky130_fd_sc_hd__clkbuf_1)
     1    0.01                           net6 (net)
                  0.10    0.00    1.24 ^ output6/A (sky130_fd_sc_hd__buf_2)
                  0.17    0.23    1.47 ^ output6/X (sky130_fd_sc_hd__buf_2)
     1    0.03                           light_highway[1] (net)
                  0.17    0.00    1.47 ^ light_highway[1] (out)
                                  1.47   data arrival time

                         24.00   24.00   clock clk (rise edge)
                          0.00   24.00   clock network delay (propagated)
                         -0.25   23.75   clock uncertainty
                          0.00   23.75   clock reconvergence pessimism
                         -4.80   18.95   output external delay
                                 18.95   data required time
-----------------------------------------------------------------------------
                                 18.95   data required time
                                 -1.47   data arrival time
-----------------------------------------------------------------------------
                                 17.48   slack (MET)



===========================================================================
report_checks --slack_max -0.01
============================================================================
No paths found.
check_report_end
check_slew

===========================================================================
 report_check_types -max_slew -max_cap -max_fanout -violators
============================================================================

===========================================================================
max slew violation count 0
max fanout violation count 0
max cap violation count 0
============================================================================
check_slew_end
tns_report

===========================================================================
 report_tns
============================================================================
tns 0.00
tns_report_end
wns_report

===========================================================================
 report_wns
============================================================================
wns 0.00
wns_report_end
worst_slack

===========================================================================
 report_worst_slack -max (Setup)
============================================================================
worst slack 17.48

===========================================================================
 report_worst_slack -min (Hold)
============================================================================
worst slack 0.23
worst_slack_end
clock_skew

===========================================================================
 report_clock_skew
============================================================================
Clock clk
Latency      CRPR       Skew
_18_/CLK ^
   0.34
_19_/CLK ^
   0.31     -0.02       0.01

clock_skew_end
power_report

===========================================================================
 report_power
============================================================================
Group                  Internal  Switching    Leakage      Total
                          Power      Power      Power      Power (Watts)
----------------------------------------------------------------
Sequential             3.68e-06   3.34e-07   1.67e-11   4.02e-06  12.2%
Combinational          2.26e-05   6.38e-06   4.17e-10   2.90e-05  87.8%
Macro                  0.00e+00   0.00e+00   0.00e+00   0.00e+00   0.0%
Pad                    0.00e+00   0.00e+00   0.00e+00   0.00e+00   0.0%
----------------------------------------------------------------
Total                  2.63e-05   6.71e-06   4.33e-10   3.30e-05 100.0%
                          79.7%      20.3%       0.0%
power_report_end
area_report

===========================================================================
 report_design_area
============================================================================
Design area 2436 u^2 97% utilization.
area_report_end
