First Layout: /openlane/designs/iiitb_tlc/runs/RUN_2022.09.05_09.47.48/results/signoff/iiitb_tlc.gds
Second Layout: /openlane/designs/iiitb_tlc/runs/RUN_2022.09.05_09.47.48/results/signoff/iiitb_tlc.klayout.gds
Design Name: iiitb_tlc
Output GDS will be: /openlane/designs/iiitb_tlc/runs/RUN_2022.09.05_09.47.48/reports/signoff/iiitb_tlc.xor.xml
Reading /openlane/designs/iiitb_tlc/runs/RUN_2022.09.05_09.47.48/results/signoff/iiitb_tlc.gds ..
Reading /openlane/designs/iiitb_tlc/runs/RUN_2022.09.05_09.47.48/results/signoff/iiitb_tlc.klayout.gds ..
--- Running XOR for 10/0 ---
"input" in: xor.drc:38
    Polygons (raw): 0 (flat)  0 (hierarchical)
    Elapsed: 0.000s  Memory: 345.00M
"input" in: xor.drc:38
    Polygons (raw): 304 (flat)  4 (hierarchical)
    Elapsed: 0.010s  Memory: 345.00M
"^" in: xor.drc:38
    Polygons (raw): 304 (flat)  4 (hierarchical)
    Elapsed: 0.000s  Memory: 345.00M
XOR differences: 304
"output" in: xor.drc:40
    Polygons (raw): 304 (flat)  4 (hierarchical)
    Elapsed: 0.000s  Memory: 345.00M
--- Running XOR for 11/0 ---
"input" in: xor.drc:38
    Polygons (raw): 0 (flat)  0 (hierarchical)
    Elapsed: 0.000s  Memory: 345.00M
"input" in: xor.drc:38
    Polygons (raw): 116 (flat)  10 (hierarchical)
    Elapsed: 0.010s  Memory: 345.00M
"^" in: xor.drc:38
    Polygons (raw): 116 (flat)  10 (hierarchical)
    Elapsed: 0.000s  Memory: 345.00M
XOR differences: 116
"output" in: xor.drc:40
    Polygons (raw): 116 (flat)  10 (hierarchical)
    Elapsed: 0.000s  Memory: 345.00M
--- Running XOR for 11/1 ---
"input" in: xor.drc:38
    Polygons (raw): 0 (flat)  0 (hierarchical)
    Elapsed: 0.000s  Memory: 345.00M
"input" in: xor.drc:38
    Polygons (raw): 0 (flat)  0 (hierarchical)
    Elapsed: 0.010s  Memory: 345.00M
"^" in: xor.drc:38
    Polygons (raw): 0 (flat)  0 (hierarchical)
    Elapsed: 0.000s  Memory: 345.00M
XOR differences: 0
"output" in: xor.drc:40
    Polygons (raw): 0 (flat)  0 (hierarchical)
    Elapsed: 0.000s  Memory: 345.00M
--- Running XOR for 11/2 ---
"input" in: xor.drc:38
    Polygons (raw): 0 (flat)  0 (hierarchical)
    Elapsed: 0.010s  Memory: 345.00M
"input" in: xor.drc:38
    Polygons (raw): 8 (flat)  8 (hierarchical)
    Elapsed: 0.000s  Memory: 345.00M
"^" in: xor.drc:38
    Polygons (raw): 8 (flat)  8 (hierarchical)
    Elapsed: 0.000s  Memory: 345.00M
XOR differences: 8
"output" in: xor.drc:40
    Polygons (raw): 8 (flat)  8 (hierarchical)
    Elapsed: 0.000s  Memory: 345.00M
--- Running XOR for 12/0 ---
"input" in: xor.drc:38
    Polygons (raw): 0 (flat)  0 (hierarchical)
    Elapsed: 0.000s  Memory: 345.00M
"input" in: xor.drc:38
    Polygons (raw): 32 (flat)  1 (hierarchical)
    Elapsed: 0.010s  Memory: 345.00M
"^" in: xor.drc:38
    Polygons (raw): 32 (flat)  1 (hierarchical)
    Elapsed: 0.000s  Memory: 345.00M
XOR differences: 32
"output" in: xor.drc:40
    Polygons (raw): 32 (flat)  1 (hierarchical)
    Elapsed: 0.000s  Memory: 345.00M
--- Running XOR for 122/16 ---
"input" in: xor.drc:38
    Polygons (raw): 275 (flat)  19 (hierarchical)
    Elapsed: 0.010s  Memory: 345.00M
"input" in: xor.drc:38
    Polygons (raw): 275 (flat)  19 (hierarchical)
    Elapsed: 0.000s  Memory: 345.00M
"^" in: xor.drc:38
    Polygons (raw): 0 (flat)  0 (hierarchical)
    Elapsed: 0.010s  Memory: 345.00M
XOR differences: 0
"output" in: xor.drc:40
    Polygons (raw): 0 (flat)  0 (hierarchical)
    Elapsed: 0.000s  Memory: 345.00M
--- Running XOR for 13/0 ---
"input" in: xor.drc:38
    Polygons (raw): 0 (flat)  0 (hierarchical)
    Elapsed: 0.000s  Memory: 345.00M
"input" in: xor.drc:38
    Polygons (raw): 40 (flat)  9 (hierarchical)
    Elapsed: 0.000s  Memory: 345.00M
"^" in: xor.drc:38
    Polygons (raw): 40 (flat)  9 (hierarchical)
    Elapsed: 0.010s  Memory: 345.00M
XOR differences: 40
"output" in: xor.drc:40
    Polygons (raw): 40 (flat)  9 (hierarchical)
    Elapsed: 0.000s  Memory: 345.00M
--- Running XOR for 13/1 ---
"input" in: xor.drc:38
    Polygons (raw): 0 (flat)  0 (hierarchical)
    Elapsed: 0.000s  Memory: 345.00M
"input" in: xor.drc:38
    Polygons (raw): 0 (flat)  0 (hierarchical)
    Elapsed: 0.010s  Memory: 345.00M
"^" in: xor.drc:38
    Polygons (raw): 0 (flat)  0 (hierarchical)
    Elapsed: 0.000s  Memory: 345.00M
XOR differences: 0
"output" in: xor.drc:40
    Polygons (raw): 0 (flat)  0 (hierarchical)
    Elapsed: 0.000s  Memory: 345.00M
--- Running XOR for 13/2 ---
"input" in: xor.drc:38
    Polygons (raw): 0 (flat)  0 (hierarchical)
    Elapsed: 0.010s  Memory: 345.00M
"input" in: xor.drc:38
    Polygons (raw): 8 (flat)  8 (hierarchical)
    Elapsed: 0.000s  Memory: 345.00M
"^" in: xor.drc:38
    Polygons (raw): 8 (flat)  8 (hierarchical)
    Elapsed: 0.000s  Memory: 345.00M
XOR differences: 8
"output" in: xor.drc:40
    Polygons (raw): 8 (flat)  8 (hierarchical)
    Elapsed: 0.000s  Memory: 345.00M
--- Running XOR for 14/0 ---
"input" in: xor.drc:38
    Polygons (raw): 0 (flat)  0 (hierarchical)
    Elapsed: 0.010s  Memory: 345.00M
"input" in: xor.drc:38
    Polygons (raw): 1 (flat)  1 (hierarchical)
    Elapsed: 0.000s  Memory: 345.00M
"^" in: xor.drc:38
    Polygons (raw): 1 (flat)  1 (hierarchical)
    Elapsed: 0.000s  Memory: 345.00M
XOR differences: 1
"output" in: xor.drc:40
    Polygons (raw): 1 (flat)  1 (hierarchical)
    Elapsed: 0.010s  Memory: 345.00M
--- Running XOR for 235/4 ---
"input" in: xor.drc:38
    Polygons (raw): 1 (flat)  1 (hierarchical)
    Elapsed: 0.000s  Memory: 345.00M
"input" in: xor.drc:38
    Polygons (raw): 0 (flat)  0 (hierarchical)
    Elapsed: 0.000s  Memory: 345.00M
"^" in: xor.drc:38
    Polygons (raw): 1 (flat)  1 (hierarchical)
    Elapsed: 0.010s  Memory: 345.00M
XOR differences: 1
"output" in: xor.drc:40
    Polygons (raw): 1 (flat)  1 (hierarchical)
    Elapsed: 0.000s  Memory: 345.00M
--- Running XOR for 236/0 ---
"input" in: xor.drc:38
    Polygons (raw): 231 (flat)  16 (hierarchical)
    Elapsed: 0.000s  Memory: 345.00M
"input" in: xor.drc:38
    Polygons (raw): 231 (flat)  16 (hierarchical)
    Elapsed: 0.000s  Memory: 345.00M
"^" in: xor.drc:38
    Polygons (raw): 0 (flat)  0 (hierarchical)
    Elapsed: 0.010s  Memory: 345.00M
XOR differences: 0
"output" in: xor.drc:40
    Polygons (raw): 0 (flat)  0 (hierarchical)
    Elapsed: 0.000s  Memory: 345.00M
--- Running XOR for 3/0 ---
"input" in: xor.drc:38
    Polygons (raw): 0 (flat)  0 (hierarchical)
    Elapsed: 0.010s  Memory: 345.00M
"input" in: xor.drc:38
    Polygons (raw): 57 (flat)  1 (hierarchical)
    Elapsed: 0.000s  Memory: 345.00M
"^" in: xor.drc:38
    Polygons (raw): 57 (flat)  1 (hierarchical)
    Elapsed: 0.000s  Memory: 345.00M
XOR differences: 57
"output" in: xor.drc:40
    Polygons (raw): 57 (flat)  1 (hierarchical)
    Elapsed: 0.000s  Memory: 345.00M
--- Running XOR for 4/0 ---
"input" in: xor.drc:38
    Polygons (raw): 0 (flat)  0 (hierarchical)
    Elapsed: 0.000s  Memory: 345.00M
"input" in: xor.drc:38
    Polygons (raw): 57 (flat)  1 (hierarchical)
    Elapsed: 0.000s  Memory: 345.00M
"^" in: xor.drc:38
    Polygons (raw): 57 (flat)  1 (hierarchical)
    Elapsed: 0.000s  Memory: 345.00M
XOR differences: 57
"output" in: xor.drc:40
    Polygons (raw): 57 (flat)  1 (hierarchical)
    Elapsed: 0.010s  Memory: 345.00M
--- Running XOR for 5/0 ---
"input" in: xor.drc:38
    Polygons (raw): 0 (flat)  0 (hierarchical)
    Elapsed: 0.000s  Memory: 345.00M
"input" in: xor.drc:38
    Polygons (raw): 289 (flat)  96 (hierarchical)
    Elapsed: 0.000s  Memory: 345.00M
"^" in: xor.drc:38
    Polygons (raw): 289 (flat)  96 (hierarchical)
    Elapsed: 0.010s  Memory: 345.00M
XOR differences: 289
"output" in: xor.drc:40
    Polygons (raw): 289 (flat)  96 (hierarchical)
    Elapsed: 0.000s  Memory: 345.00M
--- Running XOR for 6/0 ---
"input" in: xor.drc:38
    Polygons (raw): 0 (flat)  0 (hierarchical)
    Elapsed: 0.000s  Memory: 345.00M
"input" in: xor.drc:38
    Polygons (raw): 443 (flat)  6 (hierarchical)
    Elapsed: 0.000s  Memory: 345.00M
"^" in: xor.drc:38
    Polygons (raw): 443 (flat)  6 (hierarchical)
    Elapsed: 0.010s  Memory: 345.00M
XOR differences: 443
"output" in: xor.drc:40
    Polygons (raw): 443 (flat)  6 (hierarchical)
    Elapsed: 0.000s  Memory: 345.00M
--- Running XOR for 64/16 ---
"input" in: xor.drc:38
    Polygons (raw): 275 (flat)  19 (hierarchical)
    Elapsed: 0.000s  Memory: 345.00M
"input" in: xor.drc:38
    Polygons (raw): 275 (flat)  19 (hierarchical)
    Elapsed: 0.010s  Memory: 345.00M
"^" in: xor.drc:38
    Polygons (raw): 0 (flat)  0 (hierarchical)
    Elapsed: 0.000s  Memory: 345.00M
XOR differences: 0
"output" in: xor.drc:40
    Polygons (raw): 0 (flat)  0 (hierarchical)
    Elapsed: 0.010s  Memory: 345.00M
--- Running XOR for 64/20 ---
"input" in: xor.drc:38
    Polygons (raw): 302 (flat)  19 (hierarchical)
    Elapsed: 0.000s  Memory: 345.00M
"input" in: xor.drc:38
    Polygons (raw): 302 (flat)  19 (hierarchical)
    Elapsed: 0.000s  Memory: 345.00M
"^" in: xor.drc:38
    Polygons (raw): 0 (flat)  0 (hierarchical)
    Elapsed: 0.010s  Memory: 345.00M
XOR differences: 0
"output" in: xor.drc:40
    Polygons (raw): 0 (flat)  0 (hierarchical)
    Elapsed: 0.000s  Memory: 345.00M
--- Running XOR for 64/5 ---
"input" in: xor.drc:38
    Polygons (raw): 0 (flat)  0 (hierarchical)
    Elapsed: 0.010s  Memory: 345.00M
"input" in: xor.drc:38
    Polygons (raw): 0 (flat)  0 (hierarchical)
    Elapsed: 0.000s  Memory: 345.00M
"^" in: xor.drc:38
    Polygons (raw): 0 (flat)  0 (hierarchical)
    Elapsed: 0.000s  Memory: 345.00M
XOR differences: 0
"output" in: xor.drc:40
    Polygons (raw): 0 (flat)  0 (hierarchical)
    Elapsed: 0.000s  Memory: 345.00M
--- Running XOR for 64/59 ---
"input" in: xor.drc:38
    Polygons (raw): 0 (flat)  0 (hierarchical)
    Elapsed: 0.010s  Memory: 345.00M
"input" in: xor.drc:38
    Polygons (raw): 0 (flat)  0 (hierarchical)
    Elapsed: 0.000s  Memory: 345.00M
"^" in: xor.drc:38
    Polygons (raw): 0 (flat)  0 (hierarchical)
    Elapsed: 0.000s  Memory: 345.00M
XOR differences: 0
"output" in: xor.drc:40
    Polygons (raw): 0 (flat)  0 (hierarchical)
    Elapsed: 0.010s  Memory: 345.00M
--- Running XOR for 65/20 ---
"input" in: xor.drc:38
    Polygons (raw): 479 (flat)  48 (hierarchical)
    Elapsed: 0.000s  Memory: 345.00M
"input" in: xor.drc:38
    Polygons (raw): 479 (flat)  48 (hierarchical)
    Elapsed: 0.000s  Memory: 345.00M
"^" in: xor.drc:38
    Polygons (raw): 0 (flat)  0 (hierarchical)
    Elapsed: 0.010s  Memory: 346.00M
XOR differences: 0
"output" in: xor.drc:40
    Polygons (raw): 0 (flat)  0 (hierarchical)
    Elapsed: 0.000s  Memory: 346.00M
--- Running XOR for 65/44 ---
"input" in: xor.drc:38
    Polygons (raw): 60 (flat)  2 (hierarchical)
    Elapsed: 0.010s  Memory: 346.00M
"input" in: xor.drc:38
    Polygons (raw): 60 (flat)  2 (hierarchical)
    Elapsed: 0.000s  Memory: 346.00M
"^" in: xor.drc:38
    Polygons (raw): 0 (flat)  0 (hierarchical)
    Elapsed: 0.000s  Memory: 346.00M
XOR differences: 0
"output" in: xor.drc:40
    Polygons (raw): 0 (flat)  0 (hierarchical)
    Elapsed: 0.010s  Memory: 346.00M
--- Running XOR for 66/20 ---
"input" in: xor.drc:38
    Polygons (raw): 507 (flat)  75 (hierarchical)
    Elapsed: 0.000s  Memory: 346.00M
"input" in: xor.drc:38
    Polygons (raw): 507 (flat)  75 (hierarchical)
    Elapsed: 0.000s  Memory: 346.00M
"^" in: xor.drc:38
    Polygons (raw): 0 (flat)  0 (hierarchical)
    Elapsed: 0.010s  Memory: 346.00M
XOR differences: 0
"output" in: xor.drc:40
    Polygons (raw): 0 (flat)  0 (hierarchical)
    Elapsed: 0.000s  Memory: 346.00M
--- Running XOR for 66/44 ---
"input" in: xor.drc:38
    Polygons (raw): 2224 (flat)  353 (hierarchical)
    Elapsed: 0.010s  Memory: 346.00M
"input" in: xor.drc:38
    Polygons (raw): 2224 (flat)  353 (hierarchical)
    Elapsed: 0.000s  Memory: 346.00M
"^" in: xor.drc:38
    Polygons (raw): 0 (flat)  0 (hierarchical)
    Elapsed: 0.020s  Memory: 346.00M
XOR differences: 0
"output" in: xor.drc:40
    Polygons (raw): 0 (flat)  0 (hierarchical)
    Elapsed: 0.000s  Memory: 346.00M
--- Running XOR for 67/16 ---
"input" in: xor.drc:38
    Polygons (raw): 142 (flat)  70 (hierarchical)
    Elapsed: 0.000s  Memory: 346.00M
"input" in: xor.drc:38
    Polygons (raw): 142 (flat)  70 (hierarchical)
    Elapsed: 0.010s  Memory: 346.00M
"^" in: xor.drc:38
    Polygons (raw): 0 (flat)  0 (hierarchical)
    Elapsed: 0.000s  Memory: 346.00M
XOR differences: 0
"output" in: xor.drc:40
    Polygons (raw): 0 (flat)  0 (hierarchical)
    Elapsed: 0.000s  Memory: 346.00M
--- Running XOR for 67/20 ---
"input" in: xor.drc:38
    Polygons (raw): 1294 (flat)  201 (hierarchical)
    Elapsed: 0.000s  Memory: 346.00M
"input" in: xor.drc:38
    Polygons (raw): 1237 (flat)  144 (hierarchical)
    Elapsed: 0.000s  Memory: 346.00M
"^" in: xor.drc:38
    Polygons (raw): 1 (flat)  1 (hierarchical)
    Elapsed: 0.020s  Memory: 347.00M
XOR differences: 1
"output" in: xor.drc:40
    Polygons (raw): 1 (flat)  1 (hierarchical)
    Elapsed: 0.000s  Memory: 347.00M
--- Running XOR for 67/44 ---
"input" in: xor.drc:38
    Polygons (raw): 4073 (flat)  353 (hierarchical)
    Elapsed: 0.000s  Memory: 347.00M
"input" in: xor.drc:38
    Polygons (raw): 4016 (flat)  296 (hierarchical)
    Elapsed: 0.010s  Memory: 347.00M
"^" in: xor.drc:38
    Polygons (raw): 57 (flat)  57 (hierarchical)
    Elapsed: 0.020s  Memory: 347.00M
XOR differences: 57
"output" in: xor.drc:40
    Polygons (raw): 57 (flat)  57 (hierarchical)
    Elapsed: 0.000s  Memory: 347.00M
--- Running XOR for 67/5 ---
"input" in: xor.drc:38
    Polygons (raw): 0 (flat)  0 (hierarchical)
    Elapsed: 0.000s  Memory: 347.00M
"input" in: xor.drc:38
    Polygons (raw): 0 (flat)  0 (hierarchical)
    Elapsed: 0.000s  Memory: 347.00M
"^" in: xor.drc:38
    Polygons (raw): 0 (flat)  0 (hierarchical)
    Elapsed: 0.010s  Memory: 347.00M
XOR differences: 0
"output" in: xor.drc:40
    Polygons (raw): 0 (flat)  0 (hierarchical)
    Elapsed: 0.000s  Memory: 347.00M
--- Running XOR for 68/16 ---
"input" in: xor.drc:38
    Polygons (raw): 606 (flat)  40 (hierarchical)
    Elapsed: 0.000s  Memory: 347.00M
"input" in: xor.drc:38
    Polygons (raw): 606 (flat)  40 (hierarchical)
    Elapsed: 0.000s  Memory: 347.00M
"^" in: xor.drc:38
    Polygons (raw): 0 (flat)  0 (hierarchical)
    Elapsed: 0.010s  Memory: 347.00M
XOR differences: 0
"output" in: xor.drc:40
    Polygons (raw): 0 (flat)  0 (hierarchical)
    Elapsed: 0.010s  Memory: 347.00M
--- Running XOR for 68/20 ---
"input" in: xor.drc:38
    Polygons (raw): 909 (flat)  343 (hierarchical)
    Elapsed: 0.000s  Memory: 347.00M
"input" in: xor.drc:38
    Polygons (raw): 622 (flat)  56 (hierarchical)
    Elapsed: 0.000s  Memory: 347.00M
"^" in: xor.drc:38
    Polygons (raw): 68 (flat)  68 (hierarchical)
    Elapsed: 0.010s  Memory: 347.00M
XOR differences: 68
"output" in: xor.drc:40
    Polygons (raw): 68 (flat)  68 (hierarchical)
    Elapsed: 0.000s  Memory: 347.00M
--- Running XOR for 68/44 ---
"input" in: xor.drc:38
    Polygons (raw): 443 (flat)  443 (hierarchical)
    Elapsed: 0.010s  Memory: 347.00M
"input" in: xor.drc:38
    Polygons (raw): 0 (flat)  0 (hierarchical)
    Elapsed: 0.000s  Memory: 347.00M
"^" in: xor.drc:38
    Polygons (raw): 443 (flat)  443 (hierarchical)
    Elapsed: 0.000s  Memory: 347.00M
XOR differences: 443
"output" in: xor.drc:40
    Polygons (raw): 443 (flat)  443 (hierarchical)
    Elapsed: 0.000s  Memory: 347.00M
--- Running XOR for 68/5 ---
"input" in: xor.drc:38
    Polygons (raw): 0 (flat)  0 (hierarchical)
    Elapsed: 0.000s  Memory: 347.00M
"input" in: xor.drc:38
    Polygons (raw): 0 (flat)  0 (hierarchical)
    Elapsed: 0.000s  Memory: 347.00M
"^" in: xor.drc:38
    Polygons (raw): 0 (flat)  0 (hierarchical)
    Elapsed: 0.000s  Memory: 347.00M
XOR differences: 0
"output" in: xor.drc:40
    Polygons (raw): 0 (flat)  0 (hierarchical)
    Elapsed: 0.010s  Memory: 347.00M
--- Running XOR for 69/16 ---
"input" in: xor.drc:38
    Polygons (raw): 5 (flat)  5 (hierarchical)
    Elapsed: 0.000s  Memory: 347.00M
"input" in: xor.drc:38
    Polygons (raw): 0 (flat)  0 (hierarchical)
    Elapsed: 0.000s  Memory: 347.00M
"^" in: xor.drc:38
    Polygons (raw): 5 (flat)  5 (hierarchical)
    Elapsed: 0.000s  Memory: 347.00M
XOR differences: 5
"output" in: xor.drc:40
    Polygons (raw): 5 (flat)  5 (hierarchical)
    Elapsed: 0.010s  Memory: 347.00M
--- Running XOR for 69/20 ---
"input" in: xor.drc:38
    Polygons (raw): 187 (flat)  187 (hierarchical)
    Elapsed: 0.000s  Memory: 347.00M
"input" in: xor.drc:38
    Polygons (raw): 0 (flat)  0 (hierarchical)
    Elapsed: 0.000s  Memory: 347.00M
"^" in: xor.drc:38
    Polygons (raw): 187 (flat)  187 (hierarchical)
    Elapsed: 0.010s  Memory: 347.00M
XOR differences: 187
"output" in: xor.drc:40
    Polygons (raw): 187 (flat)  187 (hierarchical)
    Elapsed: 0.000s  Memory: 347.00M
--- Running XOR for 69/44 ---
"input" in: xor.drc:38
    Polygons (raw): 307 (flat)  307 (hierarchical)
    Elapsed: 0.000s  Memory: 347.00M
"input" in: xor.drc:38
    Polygons (raw): 0 (flat)  0 (hierarchical)
    Elapsed: 0.000s  Memory: 347.00M
"^" in: xor.drc:38
    Polygons (raw): 307 (flat)  307 (hierarchical)
    Elapsed: 0.000s  Memory: 347.00M
XOR differences: 307
"output" in: xor.drc:40
    Polygons (raw): 307 (flat)  307 (hierarchical)
    Elapsed: 0.010s  Memory: 347.00M
--- Running XOR for 7/0 ---
"input" in: xor.drc:38
    Polygons (raw): 0 (flat)  0 (hierarchical)
    Elapsed: 0.000s  Memory: 347.00M
"input" in: xor.drc:38
    Polygons (raw): 335 (flat)  121 (hierarchical)
    Elapsed: 0.000s  Memory: 347.00M
"^" in: xor.drc:38
    Polygons (raw): 335 (flat)  121 (hierarchical)
    Elapsed: 0.010s  Memory: 347.00M
XOR differences: 335
"output" in: xor.drc:40
    Polygons (raw): 335 (flat)  121 (hierarchical)
    Elapsed: 0.000s  Memory: 347.00M
--- Running XOR for 7/1 ---
"input" in: xor.drc:38
    Polygons (raw): 0 (flat)  0 (hierarchical)
    Elapsed: 0.000s  Memory: 347.00M
"input" in: xor.drc:38
    Polygons (raw): 0 (flat)  0 (hierarchical)
    Elapsed: 0.000s  Memory: 347.00M
"^" in: xor.drc:38
    Polygons (raw): 0 (flat)  0 (hierarchical)
    Elapsed: 0.010s  Memory: 347.00M
XOR differences: 0
"output" in: xor.drc:40
    Polygons (raw): 0 (flat)  0 (hierarchical)
    Elapsed: 0.000s  Memory: 347.00M
--- Running XOR for 7/2 ---
"input" in: xor.drc:38
    Polygons (raw): 0 (flat)  0 (hierarchical)
    Elapsed: 0.000s  Memory: 347.00M
"input" in: xor.drc:38
    Polygons (raw): 5 (flat)  5 (hierarchical)
    Elapsed: 0.010s  Memory: 347.00M
"^" in: xor.drc:38
    Polygons (raw): 5 (flat)  5 (hierarchical)
    Elapsed: 0.000s  Memory: 347.00M
XOR differences: 5
"output" in: xor.drc:40
    Polygons (raw): 5 (flat)  5 (hierarchical)
    Elapsed: 0.000s  Memory: 347.00M
--- Running XOR for 70/16 ---
"input" in: xor.drc:38
    Polygons (raw): 4 (flat)  4 (hierarchical)
    Elapsed: 0.010s  Memory: 347.00M
"input" in: xor.drc:38
    Polygons (raw): 0 (flat)  0 (hierarchical)
    Elapsed: 0.000s  Memory: 347.00M
"^" in: xor.drc:38
    Polygons (raw): 4 (flat)  4 (hierarchical)
    Elapsed: 0.000s  Memory: 347.00M
XOR differences: 4
"output" in: xor.drc:40
    Polygons (raw): 4 (flat)  4 (hierarchical)
    Elapsed: 0.000s  Memory: 347.00M
--- Running XOR for 70/20 ---
"input" in: xor.drc:38
    Polygons (raw): 93 (flat)  93 (hierarchical)
    Elapsed: 0.010s  Memory: 347.00M
"input" in: xor.drc:38
    Polygons (raw): 0 (flat)  0 (hierarchical)
    Elapsed: 0.000s  Memory: 347.00M
"^" in: xor.drc:38
    Polygons (raw): 93 (flat)  93 (hierarchical)
    Elapsed: 0.000s  Memory: 347.00M
XOR differences: 93
"output" in: xor.drc:40
    Polygons (raw): 93 (flat)  93 (hierarchical)
    Elapsed: 0.010s  Memory: 347.00M
--- Running XOR for 70/44 ---
"input" in: xor.drc:38
    Polygons (raw): 304 (flat)  304 (hierarchical)
    Elapsed: 0.000s  Memory: 347.00M
"input" in: xor.drc:38
    Polygons (raw): 0 (flat)  0 (hierarchical)
    Elapsed: 0.000s  Memory: 347.00M
"^" in: xor.drc:38
    Polygons (raw): 304 (flat)  304 (hierarchical)
    Elapsed: 0.000s  Memory: 347.00M
XOR differences: 304
"output" in: xor.drc:40
    Polygons (raw): 304 (flat)  304 (hierarchical)
    Elapsed: 0.000s  Memory: 347.00M
--- Running XOR for 71/16 ---
"input" in: xor.drc:38
    Polygons (raw): 8 (flat)  8 (hierarchical)
    Elapsed: 0.000s  Memory: 347.00M
"input" in: xor.drc:38
    Polygons (raw): 0 (flat)  0 (hierarchical)
    Elapsed: 0.000s  Memory: 347.00M
"^" in: xor.drc:38
    Polygons (raw): 8 (flat)  8 (hierarchical)
    Elapsed: 0.010s  Memory: 347.00M
XOR differences: 8
"output" in: xor.drc:40
    Polygons (raw): 8 (flat)  8 (hierarchical)
    Elapsed: 0.000s  Memory: 347.00M
--- Running XOR for 71/20 ---
"input" in: xor.drc:38
    Polygons (raw): 8 (flat)  8 (hierarchical)
    Elapsed: 0.000s  Memory: 347.00M
"input" in: xor.drc:38
    Polygons (raw): 0 (flat)  0 (hierarchical)
    Elapsed: 0.010s  Memory: 347.00M
"^" in: xor.drc:38
    Polygons (raw): 8 (flat)  8 (hierarchical)
    Elapsed: 0.000s  Memory: 347.00M
XOR differences: 8
"output" in: xor.drc:40
    Polygons (raw): 8 (flat)  8 (hierarchical)
    Elapsed: 0.000s  Memory: 347.00M
--- Running XOR for 71/44 ---
"input" in: xor.drc:38
    Polygons (raw): 32 (flat)  32 (hierarchical)
    Elapsed: 0.010s  Memory: 347.00M
"input" in: xor.drc:38
    Polygons (raw): 0 (flat)  0 (hierarchical)
    Elapsed: 0.000s  Memory: 347.00M
"^" in: xor.drc:38
    Polygons (raw): 32 (flat)  32 (hierarchical)
    Elapsed: 0.000s  Memory: 347.00M
XOR differences: 32
"output" in: xor.drc:40
    Polygons (raw): 32 (flat)  32 (hierarchical)
    Elapsed: 0.000s  Memory: 347.00M
--- Running XOR for 72/16 ---
"input" in: xor.drc:38
    Polygons (raw): 8 (flat)  8 (hierarchical)
    Elapsed: 0.010s  Memory: 347.00M
"input" in: xor.drc:38
    Polygons (raw): 0 (flat)  0 (hierarchical)
    Elapsed: 0.000s  Memory: 347.00M
"^" in: xor.drc:38
    Polygons (raw): 8 (flat)  8 (hierarchical)
    Elapsed: 0.000s  Memory: 347.00M
XOR differences: 8
"output" in: xor.drc:40
    Polygons (raw): 8 (flat)  8 (hierarchical)
    Elapsed: 0.010s  Memory: 347.00M
--- Running XOR for 72/20 ---
"input" in: xor.drc:38
    Polygons (raw): 8 (flat)  8 (hierarchical)
    Elapsed: 0.000s  Memory: 347.00M
"input" in: xor.drc:38
    Polygons (raw): 0 (flat)  0 (hierarchical)
    Elapsed: 0.000s  Memory: 347.00M
"^" in: xor.drc:38
    Polygons (raw): 8 (flat)  8 (hierarchical)
    Elapsed: 0.000s  Memory: 347.00M
XOR differences: 8
"output" in: xor.drc:40
    Polygons (raw): 8 (flat)  8 (hierarchical)
    Elapsed: 0.010s  Memory: 347.00M
--- Running XOR for 78/44 ---
"input" in: xor.drc:38
    Polygons (raw): 305 (flat)  22 (hierarchical)
    Elapsed: 0.000s  Memory: 347.00M
"input" in: xor.drc:38
    Polygons (raw): 305 (flat)  22 (hierarchical)
    Elapsed: 0.000s  Memory: 347.00M
"^" in: xor.drc:38
    Polygons (raw): 0 (flat)  0 (hierarchical)
    Elapsed: 0.010s  Memory: 347.00M
XOR differences: 0
"output" in: xor.drc:40
    Polygons (raw): 0 (flat)  0 (hierarchical)
    Elapsed: 0.000s  Memory: 347.00M
--- Running XOR for 8/0 ---
"input" in: xor.drc:38
    Polygons (raw): 0 (flat)  0 (hierarchical)
    Elapsed: 0.010s  Memory: 347.00M
"input" in: xor.drc:38
    Polygons (raw): 307 (flat)  5 (hierarchical)
    Elapsed: 0.000s  Memory: 347.00M
"^" in: xor.drc:38
    Polygons (raw): 307 (flat)  5 (hierarchical)
    Elapsed: 0.000s  Memory: 347.00M
XOR differences: 307
"output" in: xor.drc:40
    Polygons (raw): 307 (flat)  5 (hierarchical)
    Elapsed: 0.000s  Memory: 347.00M
--- Running XOR for 81/4 ---
"input" in: xor.drc:38
    Polygons (raw): 302 (flat)  19 (hierarchical)
    Elapsed: 0.010s  Memory: 347.00M
"input" in: xor.drc:38
    Polygons (raw): 302 (flat)  19 (hierarchical)
    Elapsed: 0.000s  Memory: 347.00M
"^" in: xor.drc:38
    Polygons (raw): 0 (flat)  0 (hierarchical)
    Elapsed: 0.010s  Memory: 347.00M
XOR differences: 0
"output" in: xor.drc:40
    Polygons (raw): 0 (flat)  0 (hierarchical)
    Elapsed: 0.000s  Memory: 347.00M
--- Running XOR for 83/44 ---
"input" in: xor.drc:38
    Polygons (raw): 0 (flat)  0 (hierarchical)
    Elapsed: 0.000s  Memory: 347.00M
"input" in: xor.drc:38
    Polygons (raw): 0 (flat)  0 (hierarchical)
    Elapsed: 0.000s  Memory: 347.00M
"^" in: xor.drc:38
    Polygons (raw): 0 (flat)  0 (hierarchical)
    Elapsed: 0.000s  Memory: 347.00M
XOR differences: 0
"output" in: xor.drc:40
    Polygons (raw): 0 (flat)  0 (hierarchical)
    Elapsed: 0.000s  Memory: 347.00M
--- Running XOR for 9/0 ---
"input" in: xor.drc:38
    Polygons (raw): 0 (flat)  0 (hierarchical)
    Elapsed: 0.000s  Memory: 347.00M
"input" in: xor.drc:38
    Polygons (raw): 236 (flat)  84 (hierarchical)
    Elapsed: 0.010s  Memory: 347.00M
"^" in: xor.drc:38
    Polygons (raw): 236 (flat)  84 (hierarchical)
    Elapsed: 0.000s  Memory: 347.00M
XOR differences: 236
"output" in: xor.drc:40
    Polygons (raw): 236 (flat)  84 (hierarchical)
    Elapsed: 0.000s  Memory: 347.00M
--- Running XOR for 9/1 ---
"input" in: xor.drc:38
    Polygons (raw): 0 (flat)  0 (hierarchical)
    Elapsed: 0.010s  Memory: 347.00M
"input" in: xor.drc:38
    Polygons (raw): 0 (flat)  0 (hierarchical)
    Elapsed: 0.000s  Memory: 347.00M
"^" in: xor.drc:38
    Polygons (raw): 0 (flat)  0 (hierarchical)
    Elapsed: 0.000s  Memory: 347.00M
XOR differences: 0
"output" in: xor.drc:40
    Polygons (raw): 0 (flat)  0 (hierarchical)
    Elapsed: 0.000s  Memory: 347.00M
--- Running XOR for 9/2 ---
"input" in: xor.drc:38
    Polygons (raw): 0 (flat)  0 (hierarchical)
    Elapsed: 0.010s  Memory: 347.00M
"input" in: xor.drc:38
    Polygons (raw): 4 (flat)  4 (hierarchical)
    Elapsed: 0.000s  Memory: 347.00M
"^" in: xor.drc:38
    Polygons (raw): 4 (flat)  4 (hierarchical)
    Elapsed: 0.000s  Memory: 347.00M
XOR differences: 4
"output" in: xor.drc:40
    Polygons (raw): 4 (flat)  4 (hierarchical)
    Elapsed: 0.010s  Memory: 347.00M
--- Running XOR for 93/44 ---
"input" in: xor.drc:38
    Polygons (raw): 332 (flat)  20 (hierarchical)
    Elapsed: 0.000s  Memory: 347.00M
"input" in: xor.drc:38
    Polygons (raw): 332 (flat)  20 (hierarchical)
    Elapsed: 0.000s  Memory: 347.00M
"^" in: xor.drc:38
    Polygons (raw): 0 (flat)  0 (hierarchical)
    Elapsed: 0.010s  Memory: 347.00M
XOR differences: 0
"output" in: xor.drc:40
    Polygons (raw): 0 (flat)  0 (hierarchical)
    Elapsed: 0.000s  Memory: 347.00M
--- Running XOR for 94/20 ---
"input" in: xor.drc:38
    Polygons (raw): 332 (flat)  20 (hierarchical)
    Elapsed: 0.000s  Memory: 347.00M
"input" in: xor.drc:38
    Polygons (raw): 332 (flat)  20 (hierarchical)
    Elapsed: 0.010s  Memory: 347.00M
"^" in: xor.drc:38
    Polygons (raw): 0 (flat)  0 (hierarchical)
    Elapsed: 0.000s  Memory: 347.00M
XOR differences: 0
"output" in: xor.drc:40
    Polygons (raw): 0 (flat)  0 (hierarchical)
    Elapsed: 0.000s  Memory: 347.00M
--- Running XOR for 95/20 ---
"input" in: xor.drc:38
    Polygons (raw): 233 (flat)  18 (hierarchical)
    Elapsed: 0.000s  Memory: 347.00M
"input" in: xor.drc:38
    Polygons (raw): 233 (flat)  18 (hierarchical)
    Elapsed: 0.000s  Memory: 347.00M
"^" in: xor.drc:38
    Polygons (raw): 0 (flat)  0 (hierarchical)
    Elapsed: 0.010s  Memory: 347.00M
XOR differences: 0
"output" in: xor.drc:40
    Polygons (raw): 0 (flat)  0 (hierarchical)
    Elapsed: 0.000s  Memory: 347.00M
Writing report database: /openlane/designs/iiitb_tlc/runs/RUN_2022.09.05_09.47.48/reports/signoff/iiitb_tlc.xor.xml ..
Total elapsed: 0.810s  Memory: 347.00M
