OpenROAD 4a99e88667b0840531ca0096c4fa0da8f80d6cb1 
This program is licensed under the BSD-3 license. See the LICENSE file for details.
Components of this program may be licensed under more restrictive licenses which must be honored.
[WARNING STA-0163] /openlane/designs/iiitb_tlc/src/sky130_fd_sc_hd__typical.lib line 23, default_fanout_load is 0.0.
[INFO ODB-0222] Reading LEF file: /openlane/designs/iiitb_tlc/runs/RUN_2022.09.05_09.47.48/tmp/merged.nom.lef
[WARNING ODB-0220] WARNING (LEFPARS-2036): SOURCE statement is obsolete in version 5.6 and later.
The LEF parser will ignore this statement.
To avoid this warning in the future, remove this statement from the LEF file with version 5.6 or later. See file /openlane/designs/iiitb_tlc/runs/RUN_2022.09.05_09.47.48/tmp/merged.nom.lef at line 68342.

[INFO ODB-0223]     Created 13 technology layers
[INFO ODB-0224]     Created 25 technology vias
[INFO ODB-0225]     Created 441 library cells
[INFO ODB-0226] Finished LEF file:  /openlane/designs/iiitb_tlc/runs/RUN_2022.09.05_09.47.48/tmp/merged.nom.lef
[WARNING ORD-1012] Liberty cell sky130_vsdinv has no LEF master.
[WARNING ORD-1013] instance _13_ LEF master sky130_vsdinv not found.
if {[info exists ::env(CLOCK_PORT)] && $::env(CLOCK_PORT) != ""} {
    create_clock [get_ports $::env(CLOCK_PORT)]  -name $::env(CLOCK_PORT)  -period $::env(CLOCK_PERIOD)
} else {
    create_clock -name __VIRTUAL_CLK__ -period $::env(CLOCK_PERIOD)
    set ::env(CLOCK_PORT) __VIRTUAL_CLK__
}
set input_delay_value [expr $::env(CLOCK_PERIOD) * $::env(IO_PCT)]
set output_delay_value [expr $::env(CLOCK_PERIOD) * $::env(IO_PCT)]
puts "\[INFO\]: Setting output delay to: $output_delay_value"
[INFO]: Setting output delay to: 4.800000000000001
puts "\[INFO\]: Setting input delay to: $input_delay_value"
[INFO]: Setting input delay to: 4.800000000000001
set_max_fanout $::env(SYNTH_MAX_FANOUT) [current_design]
set clk_input [get_port $::env(CLOCK_PORT)]
set clk_indx [lsearch [all_inputs] $clk_input]
set all_inputs_wo_clk [lreplace [all_inputs] $clk_indx $clk_indx ""]
#set rst_input [get_port resetn]
#set rst_indx [lsearch [all_inputs] $rst_input]
#set all_inputs_wo_clk_rst [lreplace $all_inputs_wo_clk $rst_indx $rst_indx ""]
set all_inputs_wo_clk_rst $all_inputs_wo_clk
# correct resetn
set_input_delay $input_delay_value  -clock [get_clocks $::env(CLOCK_PORT)] $all_inputs_wo_clk_rst
#set_input_delay 0.0 -clock [get_clocks $::env(CLOCK_PORT)] {resetn}
set_output_delay $output_delay_value  -clock [get_clocks $::env(CLOCK_PORT)] [all_outputs]
if { ![info exists ::env(SYNTH_CLK_DRIVING_CELL)] } {
    set ::env(SYNTH_CLK_DRIVING_CELL) $::env(SYNTH_DRIVING_CELL)
}
if { ![info exists ::env(SYNTH_CLK_DRIVING_CELL_PIN)] } {
    set ::env(SYNTH_CLK_DRIVING_CELL_PIN) $::env(SYNTH_DRIVING_CELL_PIN)
}
set_driving_cell -lib_cell $::env(SYNTH_DRIVING_CELL) -pin $::env(SYNTH_DRIVING_CELL_PIN) $all_inputs_wo_clk_rst
set_driving_cell -lib_cell $::env(SYNTH_CLK_DRIVING_CELL) -pin $::env(SYNTH_CLK_DRIVING_CELL_PIN) $clk_input
set cap_load [expr $::env(SYNTH_CAP_LOAD) / 1000.0]
puts "\[INFO\]: Setting load to: $cap_load"
[INFO]: Setting load to: 0.033442
set_load  $cap_load [all_outputs]
puts "\[INFO\]: Setting clock uncertainity to: $::env(SYNTH_CLOCK_UNCERTAINITY)"
[INFO]: Setting clock uncertainity to: 0.25
set_clock_uncertainty $::env(SYNTH_CLOCK_UNCERTAINITY) [get_clocks $::env(CLOCK_PORT)]
puts "\[INFO\]: Setting clock transition to: $::env(SYNTH_CLOCK_TRANSITION)"
[INFO]: Setting clock transition to: 0.15
set_clock_transition $::env(SYNTH_CLOCK_TRANSITION) [get_clocks $::env(CLOCK_PORT)]
puts "\[INFO\]: Setting timing derate to: [expr {$::env(SYNTH_TIMING_DERATE) * 10}] %"
[INFO]: Setting timing derate to: 0.5 %
set_timing_derate -early [expr {1-$::env(SYNTH_TIMING_DERATE)}]
set_timing_derate -late [expr {1+$::env(SYNTH_TIMING_DERATE)}]
min_report

===========================================================================
report_checks -path_delay min (Hold)
============================================================================
Startpoint: rst_n (input port clocked by clk)
Endpoint: _18_ (removal check against rising-edge clock clk)
Path Group: **async_default**
Path Type: min

Fanout     Cap    Slew   Delay    Time   Description
-----------------------------------------------------------------------------
                  0.15    0.00    0.00   clock clk (rise edge)
                          0.00    0.00   clock network delay (ideal)
                          4.80    4.80 ^ input external delay
                  0.07    0.04    4.84 ^ rst_n (in)
     2    0.01                           rst_n (net)
                  0.07    0.00    4.84 ^ _18_/RESET_B (sky130_fd_sc_hd__dfrtp_2)
                                  4.84   data arrival time

                  0.15    0.00    0.00   clock clk (rise edge)
                          0.00    0.00   clock network delay (ideal)
                          0.25    0.25   clock uncertainty
                          0.00    0.25   clock reconvergence pessimism
                                  0.25 ^ _18_/CLK (sky130_fd_sc_hd__dfrtp_2)
                          0.36    0.61   library removal time
                                  0.61   data required time
-----------------------------------------------------------------------------
                                  0.61   data required time
                                 -4.84   data arrival time
-----------------------------------------------------------------------------
                                  4.23   slack (MET)


Startpoint: rst_n (input port clocked by clk)
Endpoint: _19_ (removal check against rising-edge clock clk)
Path Group: **async_default**
Path Type: min

Fanout     Cap    Slew   Delay    Time   Description
-----------------------------------------------------------------------------
                  0.15    0.00    0.00   clock clk (rise edge)
                          0.00    0.00   clock network delay (ideal)
                          4.80    4.80 ^ input external delay
                  0.07    0.04    4.84 ^ rst_n (in)
     2    0.01                           rst_n (net)
                  0.07    0.00    4.84 ^ _19_/RESET_B (sky130_fd_sc_hd__dfrtp_2)
                                  4.84   data arrival time

                  0.15    0.00    0.00   clock clk (rise edge)
                          0.00    0.00   clock network delay (ideal)
                          0.25    0.25   clock uncertainty
                          0.00    0.25   clock reconvergence pessimism
                                  0.25 ^ _19_/CLK (sky130_fd_sc_hd__dfrtp_2)
                          0.36    0.61   library removal time
                                  0.61   data required time
-----------------------------------------------------------------------------
                                  0.61   data required time
                                 -4.84   data arrival time
-----------------------------------------------------------------------------
                                  4.23   slack (MET)


Startpoint: _18_ (rising edge-triggered flip-flop clocked by clk)
Endpoint: _19_ (rising edge-triggered flip-flop clocked by clk)
Path Group: clk
Path Type: min

Fanout     Cap    Slew   Delay    Time   Description
-----------------------------------------------------------------------------
                  0.15    0.00    0.00   clock clk (rise edge)
                          0.00    0.00   clock network delay (ideal)
                  0.15    0.00    0.00 ^ _18_/CLK (sky130_fd_sc_hd__dfrtp_2)
                  0.11    0.42    0.42 ^ _18_/Q (sky130_fd_sc_hd__dfrtp_2)
     6    0.02                           state[0] (net)
                  0.11    0.00    0.42 ^ _10_/A (sky130_fd_sc_hd__xor2_2)
                  0.03    0.07    0.48 v _10_/X (sky130_fd_sc_hd__xor2_2)
     1    0.00                           next_state[1] (net)
                  0.03    0.00    0.48 v _19_/D (sky130_fd_sc_hd__dfrtp_2)
                                  0.48   data arrival time

                  0.15    0.00    0.00   clock clk (rise edge)
                          0.00    0.00   clock network delay (ideal)
                          0.25    0.25   clock uncertainty
                          0.00    0.25   clock reconvergence pessimism
                                  0.25 ^ _19_/CLK (sky130_fd_sc_hd__dfrtp_2)
                         -0.01    0.24   library hold time
                                  0.24   data required time
-----------------------------------------------------------------------------
                                  0.24   data required time
                                 -0.48   data arrival time
-----------------------------------------------------------------------------
                                  0.25   slack (MET)


Startpoint: _18_ (rising edge-triggered flip-flop clocked by clk)
Endpoint: _18_ (rising edge-triggered flip-flop clocked by clk)
Path Group: clk
Path Type: min

Fanout     Cap    Slew   Delay    Time   Description
-----------------------------------------------------------------------------
                  0.15    0.00    0.00   clock clk (rise edge)
                          0.00    0.00   clock network delay (ideal)
                  0.15    0.00    0.00 ^ _18_/CLK (sky130_fd_sc_hd__dfrtp_2)
                  0.11    0.42    0.42 ^ _18_/Q (sky130_fd_sc_hd__dfrtp_2)
     6    0.02                           state[0] (net)
                  0.11    0.00    0.42 ^ _09_/B1_N (sky130_fd_sc_hd__o21ba_2)
                  0.02    0.16    0.57 v _09_/X (sky130_fd_sc_hd__o21ba_2)
     1    0.00                           next_state[0] (net)
                  0.02    0.00    0.57 v _18_/D (sky130_fd_sc_hd__dfrtp_2)
                                  0.57   data arrival time

                  0.15    0.00    0.00   clock clk (rise edge)
                          0.00    0.00   clock network delay (ideal)
                          0.25    0.25   clock uncertainty
                          0.00    0.25   clock reconvergence pessimism
                                  0.25 ^ _18_/CLK (sky130_fd_sc_hd__dfrtp_2)
                         -0.01    0.24   library hold time
                                  0.24   data required time
-----------------------------------------------------------------------------
                                  0.24   data required time
                                 -0.57   data arrival time
-----------------------------------------------------------------------------
                                  0.33   slack (MET)


Startpoint: _18_ (rising edge-triggered flip-flop clocked by clk)
Endpoint: light_highway[0] (output port clocked by clk)
Path Group: clk
Path Type: min

Fanout     Cap    Slew   Delay    Time   Description
-----------------------------------------------------------------------------
                  0.15    0.00    0.00   clock clk (rise edge)
                          0.00    0.00   clock network delay (ideal)
                  0.15    0.00    0.00 ^ _18_/CLK (sky130_fd_sc_hd__dfrtp_2)
                  0.11    0.42    0.42 ^ _18_/Q (sky130_fd_sc_hd__dfrtp_2)
     6    0.02                           state[0] (net)
                  0.11    0.00    0.42 ^ _06_/A (sky130_fd_sc_hd__nor2_2)
                  0.09    0.11    0.52 v _06_/Y (sky130_fd_sc_hd__nor2_2)
     1    0.03                           light_highway[0] (net)
                  0.09    0.00    0.52 v light_highway[0] (out)
                                  0.52   data arrival time

                  0.15    0.00    0.00   clock clk (rise edge)
                          0.00    0.00   clock network delay (ideal)
                          0.25    0.25   clock uncertainty
                          0.00    0.25   clock reconvergence pessimism
                         -4.80   -4.55   output external delay
                                 -4.55   data required time
-----------------------------------------------------------------------------
                                 -4.55   data required time
                                 -0.52   data arrival time
-----------------------------------------------------------------------------
                                  5.07   slack (MET)


Startpoint: _18_ (rising edge-triggered flip-flop clocked by clk)
Endpoint: light_farm[1] (output port clocked by clk)
Path Group: clk
Path Type: min

Fanout     Cap    Slew   Delay    Time   Description
-----------------------------------------------------------------------------
                  0.15    0.00    0.00   clock clk (rise edge)
                          0.00    0.00   clock network delay (ideal)
                  0.15    0.00    0.00 ^ _18_/CLK (sky130_fd_sc_hd__dfrtp_2)
                  0.08    0.45    0.45 v _18_/Q (sky130_fd_sc_hd__dfrtp_2)
     6    0.02                           state[0] (net)
                  0.08    0.00    0.45 v _11_/A (sky130_fd_sc_hd__and2_2)
                  0.03    0.16    0.61 v _11_/X (sky130_fd_sc_hd__and2_2)
     1    0.00                           _02_ (net)
                  0.03    0.00    0.61 v _12_/A (sky130_fd_sc_hd__buf_1)
                  0.19    0.20    0.81 v _12_/X (sky130_fd_sc_hd__buf_1)
     1    0.03                           light_farm[1] (net)
                  0.19    0.00    0.81 v light_farm[1] (out)
                                  0.81   data arrival time

                  0.15    0.00    0.00   clock clk (rise edge)
                          0.00    0.00   clock network delay (ideal)
                          0.25    0.25   clock uncertainty
                          0.00    0.25   clock reconvergence pessimism
                         -4.80   -4.55   output external delay
                                 -4.55   data required time
-----------------------------------------------------------------------------
                                 -4.55   data required time
                                 -0.81   data arrival time
-----------------------------------------------------------------------------
                                  5.36   slack (MET)


Startpoint: _18_ (rising edge-triggered flip-flop clocked by clk)
Endpoint: light_farm[0] (output port clocked by clk)
Path Group: clk
Path Type: min

Fanout     Cap    Slew   Delay    Time   Description
-----------------------------------------------------------------------------
                  0.15    0.00    0.00   clock clk (rise edge)
                          0.00    0.00   clock network delay (ideal)
                  0.15    0.00    0.00 ^ _18_/CLK (sky130_fd_sc_hd__dfrtp_2)
                  0.11    0.42    0.42 ^ _18_/Q (sky130_fd_sc_hd__dfrtp_2)
     6    0.02                           state[0] (net)
                  0.11    0.00    0.42 ^ _07_/A_N (sky130_fd_sc_hd__and2b_2)
                  0.03    0.21    0.62 v _07_/X (sky130_fd_sc_hd__and2b_2)
     1    0.00                           _01_ (net)
                  0.03    0.00    0.62 v _08_/A (sky130_fd_sc_hd__buf_1)
                  0.19    0.20    0.83 v _08_/X (sky130_fd_sc_hd__buf_1)
     1    0.03                           light_farm[0] (net)
                  0.19    0.00    0.83 v light_farm[0] (out)
                                  0.83   data arrival time

                  0.15    0.00    0.00   clock clk (rise edge)
                          0.00    0.00   clock network delay (ideal)
                          0.25    0.25   clock uncertainty
                          0.00    0.25   clock reconvergence pessimism
                         -4.80   -4.55   output external delay
                                 -4.55   data required time
-----------------------------------------------------------------------------
                                 -4.55   data required time
                                 -0.83   data arrival time
-----------------------------------------------------------------------------
                                  5.38   slack (MET)


min_report_end
max_report

===========================================================================
report_checks -path_delay max (Setup)
============================================================================
Startpoint: rst_n (input port clocked by clk)
Endpoint: _18_ (recovery check against rising-edge clock clk)
Path Group: **async_default**
Path Type: max

Fanout     Cap    Slew   Delay    Time   Description
-----------------------------------------------------------------------------
                  0.15    0.00    0.00   clock clk (rise edge)
                          0.00    0.00   clock network delay (ideal)
                          4.80    4.80 ^ input external delay
                  0.07    0.04    4.84 ^ rst_n (in)
     2    0.01                           rst_n (net)
                  0.07    0.00    4.84 ^ _18_/RESET_B (sky130_fd_sc_hd__dfrtp_2)
                                  4.84   data arrival time

                  0.15   24.00   24.00   clock clk (rise edge)
                          0.00   24.00   clock network delay (ideal)
                         -0.25   23.75   clock uncertainty
                          0.00   23.75   clock reconvergence pessimism
                                 23.75 ^ _18_/CLK (sky130_fd_sc_hd__dfrtp_2)
                          0.24   23.99   library recovery time
                                 23.99   data required time
-----------------------------------------------------------------------------
                                 23.99   data required time
                                 -4.84   data arrival time
-----------------------------------------------------------------------------
                                 19.15   slack (MET)


Startpoint: rst_n (input port clocked by clk)
Endpoint: _19_ (recovery check against rising-edge clock clk)
Path Group: **async_default**
Path Type: max

Fanout     Cap    Slew   Delay    Time   Description
-----------------------------------------------------------------------------
                  0.15    0.00    0.00   clock clk (rise edge)
                          0.00    0.00   clock network delay (ideal)
                          4.80    4.80 ^ input external delay
                  0.07    0.04    4.84 ^ rst_n (in)
     2    0.01                           rst_n (net)
                  0.07    0.00    4.84 ^ _19_/RESET_B (sky130_fd_sc_hd__dfrtp_2)
                                  4.84   data arrival time

                  0.15   24.00   24.00   clock clk (rise edge)
                          0.00   24.00   clock network delay (ideal)
                         -0.25   23.75   clock uncertainty
                          0.00   23.75   clock reconvergence pessimism
                                 23.75 ^ _19_/CLK (sky130_fd_sc_hd__dfrtp_2)
                          0.24   23.99   library recovery time
                                 23.99   data required time
-----------------------------------------------------------------------------
                                 23.99   data required time
                                 -4.84   data arrival time
-----------------------------------------------------------------------------
                                 19.15   slack (MET)


Startpoint: _19_ (rising edge-triggered flip-flop clocked by clk)
Endpoint: light_highway[1] (output port clocked by clk)
Path Group: clk
Path Type: max

Fanout     Cap    Slew   Delay    Time   Description
-----------------------------------------------------------------------------
                  0.15    0.00    0.00   clock clk (rise edge)
                          0.00    0.00   clock network delay (ideal)
                  0.15    0.00    0.00 ^ _19_/CLK (sky130_fd_sc_hd__dfrtp_2)
                  0.04    0.43    0.43 v _19_/Q (sky130_fd_sc_hd__dfrtp_2)
     1    0.00                           state[1] (net)
                  0.04    0.00    0.43 v _05_/A (sky130_fd_sc_hd__buf_1)
                  0.12    0.17    0.60 v _05_/X (sky130_fd_sc_hd__buf_1)
     7    0.02                           _00_ (net)
                  0.12    0.00    0.60 v _14_/A_N (sky130_fd_sc_hd__and2b_2)
                  0.03    0.24    0.84 ^ _14_/X (sky130_fd_sc_hd__and2b_2)
     1    0.00                           _03_ (net)
                  0.03    0.00    0.84 ^ _15_/A (sky130_fd_sc_hd__buf_1)
                  0.40    0.33    1.18 ^ _15_/X (sky130_fd_sc_hd__buf_1)
     1    0.03                           light_highway[1] (net)
                  0.40    0.00    1.18 ^ light_highway[1] (out)
                                  1.18   data arrival time

                  0.15   24.00   24.00   clock clk (rise edge)
                          0.00   24.00   clock network delay (ideal)
                         -0.25   23.75   clock uncertainty
                          0.00   23.75   clock reconvergence pessimism
                         -4.80   18.95   output external delay
                                 18.95   data required time
-----------------------------------------------------------------------------
                                 18.95   data required time
                                 -1.18   data arrival time
-----------------------------------------------------------------------------
                                 17.77   slack (MET)


Startpoint: _19_ (rising edge-triggered flip-flop clocked by clk)
Endpoint: light_farm[1] (output port clocked by clk)
Path Group: clk
Path Type: max

Fanout     Cap    Slew   Delay    Time   Description
-----------------------------------------------------------------------------
                  0.15    0.00    0.00   clock clk (rise edge)
                          0.00    0.00   clock network delay (ideal)
                  0.15    0.00    0.00 ^ _19_/CLK (sky130_fd_sc_hd__dfrtp_2)
                  0.04    0.38    0.38 ^ _19_/Q (sky130_fd_sc_hd__dfrtp_2)
     1    0.00                           state[1] (net)
                  0.04    0.00    0.38 ^ _05_/A (sky130_fd_sc_hd__buf_1)
                  0.27    0.25    0.63 ^ _05_/X (sky130_fd_sc_hd__buf_1)
     7    0.02                           _00_ (net)
                  0.27    0.00    0.63 ^ _11_/B (sky130_fd_sc_hd__and2_2)
                  0.04    0.19    0.82 ^ _11_/X (sky130_fd_sc_hd__and2_2)
     1    0.00                           _02_ (net)
                  0.04    0.00    0.82 ^ _12_/A (sky130_fd_sc_hd__buf_1)
                  0.40    0.34    1.16 ^ _12_/X (sky130_fd_sc_hd__buf_1)
     1    0.03                           light_farm[1] (net)
                  0.40    0.00    1.16 ^ light_farm[1] (out)
                                  1.16   data arrival time

                  0.15   24.00   24.00   clock clk (rise edge)
                          0.00   24.00   clock network delay (ideal)
                         -0.25   23.75   clock uncertainty
                          0.00   23.75   clock reconvergence pessimism
                         -4.80   18.95   output external delay
                                 18.95   data required time
-----------------------------------------------------------------------------
                                 18.95   data required time
                                 -1.16   data arrival time
-----------------------------------------------------------------------------
                                 17.79   slack (MET)


Startpoint: _19_ (rising edge-triggered flip-flop clocked by clk)
Endpoint: light_farm[0] (output port clocked by clk)
Path Group: clk
Path Type: max

Fanout     Cap    Slew   Delay    Time   Description
-----------------------------------------------------------------------------
                  0.15    0.00    0.00   clock clk (rise edge)
                          0.00    0.00   clock network delay (ideal)
                  0.15    0.00    0.00 ^ _19_/CLK (sky130_fd_sc_hd__dfrtp_2)
                  0.04    0.38    0.38 ^ _19_/Q (sky130_fd_sc_hd__dfrtp_2)
     1    0.00                           state[1] (net)
                  0.04    0.00    0.38 ^ _05_/A (sky130_fd_sc_hd__buf_1)
                  0.27    0.25    0.63 ^ _05_/X (sky130_fd_sc_hd__buf_1)
     7    0.02                           _00_ (net)
                  0.27    0.00    0.63 ^ _07_/B (sky130_fd_sc_hd__and2b_2)
                  0.04    0.19    0.82 ^ _07_/X (sky130_fd_sc_hd__and2b_2)
     1    0.00                           _01_ (net)
                  0.04    0.00    0.82 ^ _08_/A (sky130_fd_sc_hd__buf_1)
                  0.40    0.34    1.16 ^ _08_/X (sky130_fd_sc_hd__buf_1)
     1    0.03                           light_farm[0] (net)
                  0.40    0.00    1.16 ^ light_farm[0] (out)
                                  1.16   data arrival time

                  0.15   24.00   24.00   clock clk (rise edge)
                          0.00   24.00   clock network delay (ideal)
                         -0.25   23.75   clock uncertainty
                          0.00   23.75   clock reconvergence pessimism
                         -4.80   18.95   output external delay
                                 18.95   data required time
-----------------------------------------------------------------------------
                                 18.95   data required time
                                 -1.16   data arrival time
-----------------------------------------------------------------------------
                                 17.79   slack (MET)


Startpoint: _19_ (rising edge-triggered flip-flop clocked by clk)
Endpoint: light_highway[2] (output port clocked by clk)
Path Group: clk
Path Type: max

Fanout     Cap    Slew   Delay    Time   Description
-----------------------------------------------------------------------------
                  0.15    0.00    0.00   clock clk (rise edge)
                          0.00    0.00   clock network delay (ideal)
                  0.15    0.00    0.00 ^ _19_/CLK (sky130_fd_sc_hd__dfrtp_2)
                  0.04    0.38    0.38 ^ _19_/Q (sky130_fd_sc_hd__dfrtp_2)
     1    0.00                           state[1] (net)
                  0.04    0.00    0.38 ^ _05_/A (sky130_fd_sc_hd__buf_1)
                  0.27    0.25    0.63 ^ _05_/X (sky130_fd_sc_hd__buf_1)
     7    0.02                           _00_ (net)
                  0.27    0.00    0.63 ^ _16_/A (sky130_fd_sc_hd__buf_1)
                  0.04    0.12    0.75 ^ _16_/X (sky130_fd_sc_hd__buf_1)
     1    0.00                           _04_ (net)
                  0.04    0.00    0.75 ^ _17_/A (sky130_fd_sc_hd__buf_1)
                  0.40    0.34    1.09 ^ _17_/X (sky130_fd_sc_hd__buf_1)
     1    0.03                           light_highway[2] (net)
                  0.40    0.00    1.09 ^ light_highway[2] (out)
                                  1.09   data arrival time

                  0.15   24.00   24.00   clock clk (rise edge)
                          0.00   24.00   clock network delay (ideal)
                         -0.25   23.75   clock uncertainty
                          0.00   23.75   clock reconvergence pessimism
                         -4.80   18.95   output external delay
                                 18.95   data required time
-----------------------------------------------------------------------------
                                 18.95   data required time
                                 -1.09   data arrival time
-----------------------------------------------------------------------------
                                 17.86   slack (MET)


Startpoint: _19_ (rising edge-triggered flip-flop clocked by clk)
Endpoint: light_highway[0] (output port clocked by clk)
Path Group: clk
Path Type: max

Fanout     Cap    Slew   Delay    Time   Description
-----------------------------------------------------------------------------
                  0.15    0.00    0.00   clock clk (rise edge)
                          0.00    0.00   clock network delay (ideal)
                  0.15    0.00    0.00 ^ _19_/CLK (sky130_fd_sc_hd__dfrtp_2)
                  0.04    0.43    0.43 v _19_/Q (sky130_fd_sc_hd__dfrtp_2)
     1    0.00                           state[1] (net)
                  0.04    0.00    0.43 v _05_/A (sky130_fd_sc_hd__buf_1)
                  0.12    0.17    0.60 v _05_/X (sky130_fd_sc_hd__buf_1)
     7    0.02                           _00_ (net)
                  0.12    0.00    0.60 v _06_/B (sky130_fd_sc_hd__nor2_2)
                  0.37    0.35    0.95 ^ _06_/Y (sky130_fd_sc_hd__nor2_2)
     1    0.03                           light_highway[0] (net)
                  0.37    0.00    0.95 ^ light_highway[0] (out)
                                  0.95   data arrival time

                  0.15   24.00   24.00   clock clk (rise edge)
                          0.00   24.00   clock network delay (ideal)
                         -0.25   23.75   clock uncertainty
                          0.00   23.75   clock reconvergence pessimism
                         -4.80   18.95   output external delay
                                 18.95   data required time
-----------------------------------------------------------------------------
                                 18.95   data required time
                                 -0.95   data arrival time
-----------------------------------------------------------------------------
                                 18.00   slack (MET)


max_report_end
check_report

===========================================================================
report_checks -unconstrained
============================================================================
Startpoint: rst_n (input port clocked by clk)
Endpoint: _18_ (recovery check against rising-edge clock clk)
Path Group: **async_default**
Path Type: max

Fanout     Cap    Slew   Delay    Time   Description
-----------------------------------------------------------------------------
                  0.15    0.00    0.00   clock clk (rise edge)
                          0.00    0.00   clock network delay (ideal)
                          4.80    4.80 ^ input external delay
                  0.07    0.04    4.84 ^ rst_n (in)
     2    0.01                           rst_n (net)
                  0.07    0.00    4.84 ^ _18_/RESET_B (sky130_fd_sc_hd__dfrtp_2)
                                  4.84   data arrival time

                  0.15   24.00   24.00   clock clk (rise edge)
                          0.00   24.00   clock network delay (ideal)
                         -0.25   23.75   clock uncertainty
                          0.00   23.75   clock reconvergence pessimism
                                 23.75 ^ _18_/CLK (sky130_fd_sc_hd__dfrtp_2)
                          0.24   23.99   library recovery time
                                 23.99   data required time
-----------------------------------------------------------------------------
                                 23.99   data required time
                                 -4.84   data arrival time
-----------------------------------------------------------------------------
                                 19.15   slack (MET)


Startpoint: _19_ (rising edge-triggered flip-flop clocked by clk)
Endpoint: light_highway[1] (output port clocked by clk)
Path Group: clk
Path Type: max

Fanout     Cap    Slew   Delay    Time   Description
-----------------------------------------------------------------------------
                  0.15    0.00    0.00   clock clk (rise edge)
                          0.00    0.00   clock network delay (ideal)
                  0.15    0.00    0.00 ^ _19_/CLK (sky130_fd_sc_hd__dfrtp_2)
                  0.04    0.43    0.43 v _19_/Q (sky130_fd_sc_hd__dfrtp_2)
     1    0.00                           state[1] (net)
                  0.04    0.00    0.43 v _05_/A (sky130_fd_sc_hd__buf_1)
                  0.12    0.17    0.60 v _05_/X (sky130_fd_sc_hd__buf_1)
     7    0.02                           _00_ (net)
                  0.12    0.00    0.60 v _14_/A_N (sky130_fd_sc_hd__and2b_2)
                  0.03    0.24    0.84 ^ _14_/X (sky130_fd_sc_hd__and2b_2)
     1    0.00                           _03_ (net)
                  0.03    0.00    0.84 ^ _15_/A (sky130_fd_sc_hd__buf_1)
                  0.40    0.33    1.18 ^ _15_/X (sky130_fd_sc_hd__buf_1)
     1    0.03                           light_highway[1] (net)
                  0.40    0.00    1.18 ^ light_highway[1] (out)
                                  1.18   data arrival time

                  0.15   24.00   24.00   clock clk (rise edge)
                          0.00   24.00   clock network delay (ideal)
                         -0.25   23.75   clock uncertainty
                          0.00   23.75   clock reconvergence pessimism
                         -4.80   18.95   output external delay
                                 18.95   data required time
-----------------------------------------------------------------------------
                                 18.95   data required time
                                 -1.18   data arrival time
-----------------------------------------------------------------------------
                                 17.77   slack (MET)



===========================================================================
report_checks --slack_max -0.01
============================================================================
No paths found.
check_report_end
check_slew

===========================================================================
 report_check_types -max_slew -max_cap -max_fanout -violators
============================================================================

===========================================================================
max slew violation count 0
max fanout violation count 0
max cap violation count 0
============================================================================
check_slew_end
tns_report

===========================================================================
 report_tns
============================================================================
tns 0.00
tns_report_end
wns_report

===========================================================================
 report_wns
============================================================================
wns 0.00
wns_report_end
worst_slack

===========================================================================
 report_worst_slack -max (Setup)
============================================================================
worst slack 17.77

===========================================================================
 report_worst_slack -min (Hold)
============================================================================
worst slack 0.25
worst_slack_end
clock_skew

===========================================================================
 report_clock_skew
============================================================================
Clock clk
Latency      CRPR       Skew
_18_/CLK ^
   0.02
_18_/CLK ^
   0.02      0.00       0.00

clock_skew_end
power_report

===========================================================================
 report_power
============================================================================
Group                  Internal  Switching    Leakage      Total
                          Power      Power      Power      Power (Watts)
----------------------------------------------------------------
Sequential             3.68e-06   2.85e-07   1.60e-11   3.96e-06  51.1%
Combinational          1.20e-06   2.59e-06   3.08e-11   3.79e-06  48.9%
Macro                  0.00e+00   0.00e+00   0.00e+00   0.00e+00   0.0%
Pad                    0.00e+00   0.00e+00   0.00e+00   0.00e+00   0.0%
----------------------------------------------------------------
Total                  4.88e-06   2.88e-06   4.68e-11   7.75e-06 100.0%
                          62.9%      37.1%       0.0%
power_report_end
area_report

===========================================================================
 report_design_area
============================================================================
Design area 133 u^2 100% utilization.
area_report_end
