
===========================================================================
report_checks -unconstrained
============================================================================
Startpoint: rst_n (input port clocked by clk)
Endpoint: _18_ (recovery check against rising-edge clock clk)
Path Group: **async_default**
Path Type: max

Fanout     Cap    Slew   Delay    Time   Description
-----------------------------------------------------------------------------
                  0.15    0.00    0.00   clock clk (rise edge)
                          0.00    0.00   clock network delay (ideal)
                          4.80    4.80 ^ input external delay
                  0.03    0.02    4.82 ^ rst_n (in)
     1    0.00                           rst_n (net)
                  0.03    0.00    4.82 ^ input2/A (sky130_fd_sc_hd__clkbuf_1)
                  0.15    0.16    4.98 ^ input2/X (sky130_fd_sc_hd__clkbuf_1)
     2    0.01                           net2 (net)
                  0.15    0.00    4.98 ^ _18_/RESET_B (sky130_fd_sc_hd__dfrtp_2)
                                  4.98   data arrival time

                  0.15   24.00   24.00   clock clk (rise edge)
                          0.00   24.00   clock network delay (ideal)
                         -0.25   23.75   clock uncertainty
                          0.00   23.75   clock reconvergence pessimism
                                 23.75 ^ _18_/CLK (sky130_fd_sc_hd__dfrtp_2)
                          0.22   23.97   library recovery time
                                 23.97   data required time
-----------------------------------------------------------------------------
                                 23.97   data required time
                                 -4.98   data arrival time
-----------------------------------------------------------------------------
                                 18.99   slack (MET)


Startpoint: _19_ (rising edge-triggered flip-flop clocked by clk)
Endpoint: light_highway[1] (output port clocked by clk)
Path Group: clk
Path Type: max

Fanout     Cap    Slew   Delay    Time   Description
-----------------------------------------------------------------------------
                  0.15    0.00    0.00   clock clk (rise edge)
                          0.00    0.00   clock network delay (ideal)
                  0.15    0.00    0.00 ^ _19_/CLK (sky130_fd_sc_hd__dfrtp_1)
                  0.05    0.43    0.43 v _19_/Q (sky130_fd_sc_hd__dfrtp_1)
     1    0.01                           state[1] (net)
                  0.05    0.00    0.43 v _05_/A (sky130_fd_sc_hd__clkbuf_2)
                  0.10    0.17    0.60 v _05_/X (sky130_fd_sc_hd__clkbuf_2)
     7    0.02                           _00_ (net)
                  0.10    0.00    0.60 v _14_/A_N (sky130_fd_sc_hd__and2b_1)
                  0.04    0.22    0.82 ^ _14_/X (sky130_fd_sc_hd__and2b_1)
     1    0.00                           _03_ (net)
                  0.04    0.00    0.82 ^ _15_/A (sky130_fd_sc_hd__clkbuf_1)
                  0.11    0.13    0.95 ^ _15_/X (sky130_fd_sc_hd__clkbuf_1)
     1    0.01                           net6 (net)
                  0.11    0.00    0.95 ^ output6/A (sky130_fd_sc_hd__buf_2)
                  0.17    0.23    1.18 ^ output6/X (sky130_fd_sc_hd__buf_2)
     1    0.03                           light_highway[1] (net)
                  0.17    0.00    1.18 ^ light_highway[1] (out)
                                  1.18   data arrival time

                  0.15   24.00   24.00   clock clk (rise edge)
                          0.00   24.00   clock network delay (ideal)
                         -0.25   23.75   clock uncertainty
                          0.00   23.75   clock reconvergence pessimism
                         -4.80   18.95   output external delay
                                 18.95   data required time
-----------------------------------------------------------------------------
                                 18.95   data required time
                                 -1.18   data arrival time
-----------------------------------------------------------------------------
                                 17.77   slack (MET)



===========================================================================
report_checks --slack_max -0.01
============================================================================
No paths found.
