
===========================================================================
report_checks -path_delay max (Setup)
============================================================================
Startpoint: rst_n (input port clocked by clk)
Endpoint: _18_ (recovery check against rising-edge clock clk)
Path Group: **async_default**
Path Type: max

Fanout     Cap    Slew   Delay    Time   Description
-----------------------------------------------------------------------------
                          0.00    0.00   clock clk (rise edge)
                          0.00    0.00   clock network delay (propagated)
                          4.80    4.80 ^ input external delay
                  0.03    0.02    4.82 ^ rst_n (in)
     1    0.00                           rst_n (net)
                  0.03    0.00    4.82 ^ input2/A (sky130_fd_sc_hd__clkbuf_1)
                  0.15    0.16    4.98 ^ input2/X (sky130_fd_sc_hd__clkbuf_1)
     2    0.01                           net2 (net)
                  0.15    0.00    4.98 ^ _18_/RESET_B (sky130_fd_sc_hd__dfrtp_2)
                                  4.98   data arrival time

                         24.00   24.00   clock clk (rise edge)
                          0.00   24.00   clock source latency
                  0.11    0.07   24.07 ^ clk (in)
     1    0.01                           clk (net)
                  0.11    0.00   24.07 ^ clkbuf_0_clk/A (sky130_fd_sc_hd__clkbuf_16)
                  0.04    0.14   24.21 ^ clkbuf_0_clk/X (sky130_fd_sc_hd__clkbuf_16)
     2    0.02                           clknet_0_clk (net)
                  0.04    0.00   24.21 ^ clkbuf_1_0__f_clk/A (sky130_fd_sc_hd__clkbuf_16)
                  0.03    0.10   24.31 ^ clkbuf_1_0__f_clk/X (sky130_fd_sc_hd__clkbuf_16)
     1    0.00                           clknet_1_0__leaf_clk (net)
                  0.03    0.00   24.31 ^ _18_/CLK (sky130_fd_sc_hd__dfrtp_2)
                         -0.25   24.06   clock uncertainty
                          0.00   24.06   clock reconvergence pessimism
                          0.18   24.24   library recovery time
                                 24.24   data required time
-----------------------------------------------------------------------------
                                 24.24   data required time
                                 -4.98   data arrival time
-----------------------------------------------------------------------------
                                 19.27   slack (MET)


Startpoint: rst_n (input port clocked by clk)
Endpoint: _19_ (recovery check against rising-edge clock clk)
Path Group: **async_default**
Path Type: max

Fanout     Cap    Slew   Delay    Time   Description
-----------------------------------------------------------------------------
                          0.00    0.00   clock clk (rise edge)
                          0.00    0.00   clock network delay (propagated)
                          4.80    4.80 ^ input external delay
                  0.03    0.02    4.82 ^ rst_n (in)
     1    0.00                           rst_n (net)
                  0.03    0.00    4.82 ^ input2/A (sky130_fd_sc_hd__clkbuf_1)
                  0.15    0.16    4.98 ^ input2/X (sky130_fd_sc_hd__clkbuf_1)
     2    0.01                           net2 (net)
                  0.15    0.00    4.98 ^ _19_/RESET_B (sky130_fd_sc_hd__dfrtp_1)
                                  4.98   data arrival time

                         24.00   24.00   clock clk (rise edge)
                          0.00   24.00   clock source latency
                  0.11    0.07   24.07 ^ clk (in)
     1    0.01                           clk (net)
                  0.11    0.00   24.07 ^ clkbuf_0_clk/A (sky130_fd_sc_hd__clkbuf_16)
                  0.04    0.14   24.21 ^ clkbuf_0_clk/X (sky130_fd_sc_hd__clkbuf_16)
     2    0.02                           clknet_0_clk (net)
                  0.04    0.00   24.21 ^ clkbuf_1_1__f_clk/A (sky130_fd_sc_hd__clkbuf_16)
                  0.03    0.10   24.31 ^ clkbuf_1_1__f_clk/X (sky130_fd_sc_hd__clkbuf_16)
     1    0.00                           clknet_1_1__leaf_clk (net)
                  0.03    0.00   24.31 ^ _19_/CLK (sky130_fd_sc_hd__dfrtp_1)
                         -0.25   24.06   clock uncertainty
                          0.00   24.06   clock reconvergence pessimism
                          0.20   24.26   library recovery time
                                 24.26   data required time
-----------------------------------------------------------------------------
                                 24.26   data required time
                                 -4.98   data arrival time
-----------------------------------------------------------------------------
                                 19.28   slack (MET)


Startpoint: _19_ (rising edge-triggered flip-flop clocked by clk)
Endpoint: light_highway[1] (output port clocked by clk)
Path Group: clk
Path Type: max

Fanout     Cap    Slew   Delay    Time   Description
-----------------------------------------------------------------------------
                          0.00    0.00   clock clk (rise edge)
                          0.00    0.00   clock source latency
                  0.11    0.08    0.08 ^ clk (in)
     1    0.01                           clk (net)
                  0.11    0.00    0.08 ^ clkbuf_0_clk/A (sky130_fd_sc_hd__clkbuf_16)
                  0.04    0.15    0.23 ^ clkbuf_0_clk/X (sky130_fd_sc_hd__clkbuf_16)
     2    0.02                           clknet_0_clk (net)
                  0.04    0.00    0.23 ^ clkbuf_1_1__f_clk/A (sky130_fd_sc_hd__clkbuf_16)
                  0.03    0.11    0.34 ^ clkbuf_1_1__f_clk/X (sky130_fd_sc_hd__clkbuf_16)
     1    0.00                           clknet_1_1__leaf_clk (net)
                  0.03    0.00    0.34 ^ _19_/CLK (sky130_fd_sc_hd__dfrtp_1)
                  0.05    0.38    0.72 v _19_/Q (sky130_fd_sc_hd__dfrtp_1)
     1    0.01                           state[1] (net)
                  0.05    0.00    0.72 v _05_/A (sky130_fd_sc_hd__clkbuf_2)
                  0.10    0.17    0.90 v _05_/X (sky130_fd_sc_hd__clkbuf_2)
     7    0.02                           _00_ (net)
                  0.10    0.00    0.90 v _14_/A_N (sky130_fd_sc_hd__and2b_1)
                  0.04    0.22    1.12 ^ _14_/X (sky130_fd_sc_hd__and2b_1)
     1    0.00                           _03_ (net)
                  0.04    0.00    1.12 ^ _15_/A (sky130_fd_sc_hd__clkbuf_1)
                  0.11    0.13    1.25 ^ _15_/X (sky130_fd_sc_hd__clkbuf_1)
     1    0.01                           net6 (net)
                  0.11    0.00    1.25 ^ output6/A (sky130_fd_sc_hd__buf_2)
                  0.17    0.23    1.48 ^ output6/X (sky130_fd_sc_hd__buf_2)
     1    0.03                           light_highway[1] (net)
                  0.17    0.00    1.48 ^ light_highway[1] (out)
                                  1.48   data arrival time

                         24.00   24.00   clock clk (rise edge)
                          0.00   24.00   clock network delay (propagated)
                         -0.25   23.75   clock uncertainty
                          0.00   23.75   clock reconvergence pessimism
                         -4.80   18.95   output external delay
                                 18.95   data required time
-----------------------------------------------------------------------------
                                 18.95   data required time
                                 -1.48   data arrival time
-----------------------------------------------------------------------------
                                 17.47   slack (MET)


Startpoint: _19_ (rising edge-triggered flip-flop clocked by clk)
Endpoint: light_farm[1] (output port clocked by clk)
Path Group: clk
Path Type: max

Fanout     Cap    Slew   Delay    Time   Description
-----------------------------------------------------------------------------
                          0.00    0.00   clock clk (rise edge)
                          0.00    0.00   clock source latency
                  0.11    0.08    0.08 ^ clk (in)
     1    0.01                           clk (net)
                  0.11    0.00    0.08 ^ clkbuf_0_clk/A (sky130_fd_sc_hd__clkbuf_16)
                  0.04    0.15    0.23 ^ clkbuf_0_clk/X (sky130_fd_sc_hd__clkbuf_16)
     2    0.02                           clknet_0_clk (net)
                  0.04    0.00    0.23 ^ clkbuf_1_1__f_clk/A (sky130_fd_sc_hd__clkbuf_16)
                  0.03    0.11    0.34 ^ clkbuf_1_1__f_clk/X (sky130_fd_sc_hd__clkbuf_16)
     1    0.00                           clknet_1_1__leaf_clk (net)
                  0.03    0.00    0.34 ^ _19_/CLK (sky130_fd_sc_hd__dfrtp_1)
                  0.07    0.35    0.69 ^ _19_/Q (sky130_fd_sc_hd__dfrtp_1)
     1    0.01                           state[1] (net)
                  0.07    0.00    0.69 ^ _05_/A (sky130_fd_sc_hd__clkbuf_2)
                  0.14    0.19    0.88 ^ _05_/X (sky130_fd_sc_hd__clkbuf_2)
     7    0.03                           _00_ (net)
                  0.14    0.00    0.88 ^ _11_/B (sky130_fd_sc_hd__and2_1)
                  0.08    0.18    1.06 ^ _11_/X (sky130_fd_sc_hd__and2_1)
     1    0.01                           _02_ (net)
                  0.08    0.00    1.06 ^ _12_/A (sky130_fd_sc_hd__clkbuf_1)
                  0.08    0.12    1.19 ^ _12_/X (sky130_fd_sc_hd__clkbuf_1)
     1    0.01                           net4 (net)
                  0.08    0.00    1.19 ^ output4/A (sky130_fd_sc_hd__buf_2)
                  0.17    0.22    1.41 ^ output4/X (sky130_fd_sc_hd__buf_2)
     1    0.03                           light_farm[1] (net)
                  0.17    0.00    1.41 ^ light_farm[1] (out)
                                  1.41   data arrival time

                         24.00   24.00   clock clk (rise edge)
                          0.00   24.00   clock network delay (propagated)
                         -0.25   23.75   clock uncertainty
                          0.00   23.75   clock reconvergence pessimism
                         -4.80   18.95   output external delay
                                 18.95   data required time
-----------------------------------------------------------------------------
                                 18.95   data required time
                                 -1.41   data arrival time
-----------------------------------------------------------------------------
                                 17.54   slack (MET)


Startpoint: _19_ (rising edge-triggered flip-flop clocked by clk)
Endpoint: light_farm[0] (output port clocked by clk)
Path Group: clk
Path Type: max

Fanout     Cap    Slew   Delay    Time   Description
-----------------------------------------------------------------------------
                          0.00    0.00   clock clk (rise edge)
                          0.00    0.00   clock source latency
                  0.11    0.08    0.08 ^ clk (in)
     1    0.01                           clk (net)
                  0.11    0.00    0.08 ^ clkbuf_0_clk/A (sky130_fd_sc_hd__clkbuf_16)
                  0.04    0.15    0.23 ^ clkbuf_0_clk/X (sky130_fd_sc_hd__clkbuf_16)
     2    0.02                           clknet_0_clk (net)
                  0.04    0.00    0.23 ^ clkbuf_1_1__f_clk/A (sky130_fd_sc_hd__clkbuf_16)
                  0.03    0.11    0.34 ^ clkbuf_1_1__f_clk/X (sky130_fd_sc_hd__clkbuf_16)
     1    0.00                           clknet_1_1__leaf_clk (net)
                  0.03    0.00    0.34 ^ _19_/CLK (sky130_fd_sc_hd__dfrtp_1)
                  0.05    0.38    0.72 v _19_/Q (sky130_fd_sc_hd__dfrtp_1)
     1    0.01                           state[1] (net)
                  0.05    0.00    0.72 v _05_/A (sky130_fd_sc_hd__clkbuf_2)
                  0.10    0.17    0.90 v _05_/X (sky130_fd_sc_hd__clkbuf_2)
     7    0.02                           _00_ (net)
                  0.10    0.00    0.90 v _07_/B (sky130_fd_sc_hd__and2b_1)
                  0.03    0.18    1.08 v _07_/X (sky130_fd_sc_hd__and2b_1)
     1    0.00                           _01_ (net)
                  0.03    0.00    1.08 v _08_/A (sky130_fd_sc_hd__clkbuf_1)
                  0.04    0.10    1.18 v _08_/X (sky130_fd_sc_hd__clkbuf_1)
     1    0.00                           net3 (net)
                  0.04    0.00    1.18 v output3/A (sky130_fd_sc_hd__buf_2)
                  0.09    0.19    1.36 v output3/X (sky130_fd_sc_hd__buf_2)
     1    0.03                           light_farm[0] (net)
                  0.09    0.00    1.36 v light_farm[0] (out)
                                  1.36   data arrival time

                         24.00   24.00   clock clk (rise edge)
                          0.00   24.00   clock network delay (propagated)
                         -0.25   23.75   clock uncertainty
                          0.00   23.75   clock reconvergence pessimism
                         -4.80   18.95   output external delay
                                 18.95   data required time
-----------------------------------------------------------------------------
                                 18.95   data required time
                                 -1.36   data arrival time
-----------------------------------------------------------------------------
                                 17.59   slack (MET)


Startpoint: _19_ (rising edge-triggered flip-flop clocked by clk)
Endpoint: light_highway[2] (output port clocked by clk)
Path Group: clk
Path Type: max

Fanout     Cap    Slew   Delay    Time   Description
-----------------------------------------------------------------------------
                          0.00    0.00   clock clk (rise edge)
                          0.00    0.00   clock source latency
                  0.11    0.08    0.08 ^ clk (in)
     1    0.01                           clk (net)
                  0.11    0.00    0.08 ^ clkbuf_0_clk/A (sky130_fd_sc_hd__clkbuf_16)
                  0.04    0.15    0.23 ^ clkbuf_0_clk/X (sky130_fd_sc_hd__clkbuf_16)
     2    0.02                           clknet_0_clk (net)
                  0.04    0.00    0.23 ^ clkbuf_1_1__f_clk/A (sky130_fd_sc_hd__clkbuf_16)
                  0.03    0.11    0.34 ^ clkbuf_1_1__f_clk/X (sky130_fd_sc_hd__clkbuf_16)
     1    0.00                           clknet_1_1__leaf_clk (net)
                  0.03    0.00    0.34 ^ _19_/CLK (sky130_fd_sc_hd__dfrtp_1)
                  0.07    0.35    0.69 ^ _19_/Q (sky130_fd_sc_hd__dfrtp_1)
     1    0.01                           state[1] (net)
                  0.07    0.00    0.69 ^ _05_/A (sky130_fd_sc_hd__clkbuf_2)
                  0.14    0.19    0.88 ^ _05_/X (sky130_fd_sc_hd__clkbuf_2)
     7    0.03                           _00_ (net)
                  0.14    0.00    0.88 ^ _16_/A (sky130_fd_sc_hd__clkbuf_1)
                  0.08    0.14    1.02 ^ _16_/X (sky130_fd_sc_hd__clkbuf_1)
     1    0.01                           _04_ (net)
                  0.08    0.00    1.02 ^ _17_/A (sky130_fd_sc_hd__clkbuf_1)
                  0.05    0.10    1.12 ^ _17_/X (sky130_fd_sc_hd__clkbuf_1)
     1    0.00                           net7 (net)
                  0.05    0.00    1.12 ^ output7/A (sky130_fd_sc_hd__buf_2)
                  0.17    0.21    1.34 ^ output7/X (sky130_fd_sc_hd__buf_2)
     1    0.03                           light_highway[2] (net)
                  0.17    0.00    1.34 ^ light_highway[2] (out)
                                  1.34   data arrival time

                         24.00   24.00   clock clk (rise edge)
                          0.00   24.00   clock network delay (propagated)
                         -0.25   23.75   clock uncertainty
                          0.00   23.75   clock reconvergence pessimism
                         -4.80   18.95   output external delay
                                 18.95   data required time
-----------------------------------------------------------------------------
                                 18.95   data required time
                                 -1.34   data arrival time
-----------------------------------------------------------------------------
                                 17.61   slack (MET)


Startpoint: _19_ (rising edge-triggered flip-flop clocked by clk)
Endpoint: light_highway[0] (output port clocked by clk)
Path Group: clk
Path Type: max

Fanout     Cap    Slew   Delay    Time   Description
-----------------------------------------------------------------------------
                          0.00    0.00   clock clk (rise edge)
                          0.00    0.00   clock source latency
                  0.11    0.08    0.08 ^ clk (in)
     1    0.01                           clk (net)
                  0.11    0.00    0.08 ^ clkbuf_0_clk/A (sky130_fd_sc_hd__clkbuf_16)
                  0.04    0.15    0.23 ^ clkbuf_0_clk/X (sky130_fd_sc_hd__clkbuf_16)
     2    0.02                           clknet_0_clk (net)
                  0.04    0.00    0.23 ^ clkbuf_1_1__f_clk/A (sky130_fd_sc_hd__clkbuf_16)
                  0.03    0.11    0.34 ^ clkbuf_1_1__f_clk/X (sky130_fd_sc_hd__clkbuf_16)
     1    0.00                           clknet_1_1__leaf_clk (net)
                  0.03    0.00    0.34 ^ _19_/CLK (sky130_fd_sc_hd__dfrtp_1)
                  0.05    0.38    0.72 v _19_/Q (sky130_fd_sc_hd__dfrtp_1)
     1    0.01                           state[1] (net)
                  0.05    0.00    0.72 v _05_/A (sky130_fd_sc_hd__clkbuf_2)
                  0.10    0.17    0.90 v _05_/X (sky130_fd_sc_hd__clkbuf_2)
     7    0.02                           _00_ (net)
                  0.10    0.00    0.90 v _06_/B (sky130_fd_sc_hd__nor2_1)
                  0.10    0.13    1.02 ^ _06_/Y (sky130_fd_sc_hd__nor2_1)
     1    0.00                           net5 (net)
                  0.10    0.00    1.02 ^ output5/A (sky130_fd_sc_hd__buf_2)
                  0.17    0.23    1.26 ^ output5/X (sky130_fd_sc_hd__buf_2)
     1    0.03                           light_highway[0] (net)
                  0.17    0.00    1.26 ^ light_highway[0] (out)
                                  1.26   data arrival time

                         24.00   24.00   clock clk (rise edge)
                          0.00   24.00   clock network delay (propagated)
                         -0.25   23.75   clock uncertainty
                          0.00   23.75   clock reconvergence pessimism
                         -4.80   18.95   output external delay
                                 18.95   data required time
-----------------------------------------------------------------------------
                                 18.95   data required time
                                 -1.26   data arrival time
-----------------------------------------------------------------------------
                                 17.69   slack (MET)


