OpenROAD 4a99e88667b0840531ca0096c4fa0da8f80d6cb1 
This program is licensed under the BSD-3 license. See the LICENSE file for details.
Components of this program may be licensed under more restrictive licenses which must be honored.
[INFO ODB-0222] Reading LEF file: /openlane/designs/iiitb_tlc/runs/RUN_2022.09.05_09.47.48/tmp/merged.nom.lef
[WARNING ODB-0220] WARNING (LEFPARS-2036): SOURCE statement is obsolete in version 5.6 and later.
The LEF parser will ignore this statement.
To avoid this warning in the future, remove this statement from the LEF file with version 5.6 or later. See file /openlane/designs/iiitb_tlc/runs/RUN_2022.09.05_09.47.48/tmp/merged.nom.lef at line 68342.

[INFO ODB-0223]     Created 13 technology layers
[INFO ODB-0224]     Created 25 technology vias
[INFO ODB-0225]     Created 441 library cells
[INFO ODB-0226] Finished LEF file:  /openlane/designs/iiitb_tlc/runs/RUN_2022.09.05_09.47.48/tmp/merged.nom.lef
[INFO ODB-0127] Reading DEF file: /openlane/designs/iiitb_tlc/runs/RUN_2022.09.05_09.47.48/tmp/routing/22-fill.def
[INFO ODB-0128] Design: iiitb_tlc
[INFO ODB-0130]     Created 11 pins.
[INFO ODB-0131]     Created 302 components and 1207 component-terminals.
[INFO ODB-0132]     Created 2 special nets and 1148 connections.
[INFO ODB-0133]     Created 28 nets and 59 connections.
[INFO ODB-0134] Finished DEF file: /openlane/designs/iiitb_tlc/runs/RUN_2022.09.05_09.47.48/tmp/routing/22-fill.def
[INFO ORD-0030] Using 2 thread(s).
[INFO DRT-0149] Reading tech and libs.

Units:                1000
Number of layers:     13
Number of macros:     441
Number of vias:       25
Number of viarulegen: 25

[INFO DRT-0150] Reading design.

Design:                   iiitb_tlc
Die area:                 ( 0 0 ) ( 62540 73260 )
Number of track patterns: 12
Number of DEF vias:       4
Number of components:     302
Number of terminals:      11
Number of snets:          2
Number of nets:           28

[INFO DRT-0167] List of default vias:
  Layer mcon
    default via: L1M1_PR
  Layer via
    default via: M1M2_PR
  Layer via2
    default via: M2M3_PR
  Layer via3
    default via: M3M4_PR
  Layer via4
    default via: M4M5_PR
[INFO DRT-0162] Library cell analysis.
[INFO DRT-0163] Instance analysis.
[INFO DRT-0164] Number of unique instances = 37.
[INFO DRT-0168] Init region query.
[INFO DRT-0024]   Complete FR_MASTERSLICE.
[INFO DRT-0024]   Complete FR_VIA.
[INFO DRT-0024]   Complete li1.
[INFO DRT-0024]   Complete mcon.
[INFO DRT-0024]   Complete met1.
[INFO DRT-0024]   Complete via.
[INFO DRT-0024]   Complete met2.
[INFO DRT-0024]   Complete via2.
[INFO DRT-0024]   Complete met3.
[INFO DRT-0024]   Complete via3.
[INFO DRT-0024]   Complete met4.
[INFO DRT-0024]   Complete via4.
[INFO DRT-0024]   Complete met5.
[INFO DRT-0033] FR_MASTERSLICE shape region query size = 0.
[INFO DRT-0033] FR_VIA shape region query size = 0.
[INFO DRT-0033] li1 shape region query size = 2087.
[INFO DRT-0033] mcon shape region query size = 3798.
[INFO DRT-0033] met1 shape region query size = 739.
[INFO DRT-0033] via shape region query size = 380.
[INFO DRT-0033] met2 shape region query size = 233.
[INFO DRT-0033] via2 shape region query size = 304.
[INFO DRT-0033] met3 shape region query size = 232.
[INFO DRT-0033] via3 shape region query size = 304.
[INFO DRT-0033] met4 shape region query size = 124.
[INFO DRT-0033] via4 shape region query size = 32.
[INFO DRT-0033] met5 shape region query size = 48.
[INFO DRT-0165] Start pin access.
[INFO DRT-0078]   Complete 49 pins.
[INFO DRT-0081]   Complete 29 unique inst patterns.
[INFO DRT-0084]   Complete 24 groups.
#scanned instances     = 302
#unique  instances     = 37
#stdCellGenAp          = 495
#stdCellValidPlanarAp  = 8
#stdCellValidViaAp     = 298
#stdCellPinNoAp        = 0
#stdCellPinCnt         = 59
#instTermValidViaApCnt = 0
#macroGenAp            = 0
#macroValidPlanarAp    = 0
#macroValidViaAp       = 0
#macroNoAp             = 0
[INFO DRT-0166] Complete pin access.
[INFO DRT-0267] cpu time = 00:00:02, elapsed time = 00:00:01, memory = 100.71 (MB), peak = 100.71 (MB)

Number of guides:     163

[INFO DRT-0169] Post process guides.
[INFO DRT-0176] GCELLGRID X 0 DO 9 STEP 6900 ;
[INFO DRT-0177] GCELLGRID Y 0 DO 10 STEP 6900 ;
[INFO DRT-0028]   Complete FR_MASTERSLICE.
[INFO DRT-0028]   Complete FR_VIA.
[INFO DRT-0028]   Complete li1.
[INFO DRT-0028]   Complete mcon.
[INFO DRT-0028]   Complete met1.
[INFO DRT-0028]   Complete via.
[INFO DRT-0028]   Complete met2.
[INFO DRT-0028]   Complete via2.
[INFO DRT-0028]   Complete met3.
[INFO DRT-0028]   Complete via3.
[INFO DRT-0028]   Complete met4.
[INFO DRT-0028]   Complete via4.
[INFO DRT-0028]   Complete met5.
[INFO DRT-0178] Init guide query.
[INFO DRT-0035]   Complete FR_MASTERSLICE (guide).
[INFO DRT-0035]   Complete FR_VIA (guide).
[INFO DRT-0035]   Complete li1 (guide).
[INFO DRT-0035]   Complete mcon (guide).
[INFO DRT-0035]   Complete met1 (guide).
[INFO DRT-0035]   Complete via (guide).
[INFO DRT-0035]   Complete met2 (guide).
[INFO DRT-0035]   Complete via2 (guide).
[INFO DRT-0035]   Complete met3 (guide).
[INFO DRT-0035]   Complete via3 (guide).
[INFO DRT-0035]   Complete met4 (guide).
[INFO DRT-0035]   Complete via4 (guide).
[INFO DRT-0035]   Complete met5 (guide).
[INFO DRT-0036] FR_MASTERSLICE guide region query size = 0.
[INFO DRT-0036] FR_VIA guide region query size = 0.
[INFO DRT-0036] li1 guide region query size = 55.
[INFO DRT-0036] mcon guide region query size = 0.
[INFO DRT-0036] met1 guide region query size = 55.
[INFO DRT-0036] via guide region query size = 0.
[INFO DRT-0036] met2 guide region query size = 34.
[INFO DRT-0036] via2 guide region query size = 0.
[INFO DRT-0036] met3 guide region query size = 3.
[INFO DRT-0036] via3 guide region query size = 0.
[INFO DRT-0036] met4 guide region query size = 0.
[INFO DRT-0036] via4 guide region query size = 0.
[INFO DRT-0036] met5 guide region query size = 0.
[INFO DRT-0179] Init gr pin query.
[INFO DRT-0245] skipped writing guide updates to database.
[INFO DRT-0185] Post process initialize RPin region query.
[INFO DRT-0181] Start track assignment.
[INFO DRT-0184] Done with 89 vertical wires in 1 frboxes and 58 horizontal wires in 1 frboxes.
[INFO DRT-0186] Done with 6 vertical wires in 1 frboxes and 11 horizontal wires in 1 frboxes.
[INFO DRT-0182] Complete track assignment.
[INFO DRT-0267] cpu time = 00:00:00, elapsed time = 00:00:00, memory = 101.26 (MB), peak = 101.26 (MB)
[INFO DRT-0187] Start routing data preparation.
[INFO DRT-0267] cpu time = 00:00:00, elapsed time = 00:00:00, memory = 101.50 (MB), peak = 101.50 (MB)
[INFO DRT-0194] Start detail routing.
[INFO DRT-0195] Start 0th optimization iteration.
    Completing 10% with 0 violations.
    elapsed time = 00:00:00, memory = 109.78 (MB).
    Completing 20% with 0 violations.
    elapsed time = 00:00:00, memory = 109.78 (MB).
    Completing 30% with 0 violations.
    elapsed time = 00:00:00, memory = 109.90 (MB).
    Completing 40% with 0 violations.
    elapsed time = 00:00:00, memory = 104.14 (MB).
[INFO DRT-0199]   Number of violations = 20.
[INFO DRT-0267] cpu time = 00:00:00, elapsed time = 00:00:00, memory = 423.95 (MB), peak = 465.84 (MB)
Total wire length = 862 um.
Total wire length on LAYER li1 = 0 um.
Total wire length on LAYER met1 = 378 um.
Total wire length on LAYER met2 = 466 um.
Total wire length on LAYER met3 = 17 um.
Total wire length on LAYER met4 = 0 um.
Total wire length on LAYER met5 = 0 um.
Total number of vias = 126.
Up-via summary (total 126):.

----------------------
 FR_MASTERSLICE      0
            li1     57
           met1     66
           met2      3
           met3      0
           met4      0
----------------------
                   126


[INFO DRT-0195] Start 1st optimization iteration.
    Completing 10% with 20 violations.
    elapsed time = 00:00:00, memory = 424.71 (MB).
    Completing 20% with 20 violations.
    elapsed time = 00:00:00, memory = 428.00 (MB).
    Completing 30% with 20 violations.
    elapsed time = 00:00:00, memory = 428.09 (MB).
    Completing 40% with 17 violations.
    elapsed time = 00:00:00, memory = 428.09 (MB).
[INFO DRT-0199]   Number of violations = 0.
[INFO DRT-0267] cpu time = 00:00:00, elapsed time = 00:00:00, memory = 428.21 (MB), peak = 469.85 (MB)
Total wire length = 858 um.
Total wire length on LAYER li1 = 0 um.
Total wire length on LAYER met1 = 376 um.
Total wire length on LAYER met2 = 464 um.
Total wire length on LAYER met3 = 17 um.
Total wire length on LAYER met4 = 0 um.
Total wire length on LAYER met5 = 0 um.
Total number of vias = 123.
Up-via summary (total 123):.

----------------------
 FR_MASTERSLICE      0
            li1     57
           met1     63
           met2      3
           met3      0
           met4      0
----------------------
                   123


[INFO DRT-0198] Complete detail routing.
Total wire length = 858 um.
Total wire length on LAYER li1 = 0 um.
Total wire length on LAYER met1 = 376 um.
Total wire length on LAYER met2 = 464 um.
Total wire length on LAYER met3 = 17 um.
Total wire length on LAYER met4 = 0 um.
Total wire length on LAYER met5 = 0 um.
Total number of vias = 123.
Up-via summary (total 123):.

----------------------
 FR_MASTERSLICE      0
            li1     57
           met1     63
           met2      3
           met3      0
           met4      0
----------------------
                   123


[INFO DRT-0267] cpu time = 00:00:00, elapsed time = 00:00:00, memory = 428.21 (MB), peak = 469.85 (MB)

[INFO DRT-0180] Post processing.
Saving to /openlane/designs/iiitb_tlc/runs/RUN_2022.09.05_09.47.48/results/routing/iiitb_tlc.def
