
===========================================================================
 report_power
============================================================================


======================= Slowest Corner =================================

Group                  Internal  Switching    Leakage      Total
                          Power      Power      Power      Power (Watts)
----------------------------------------------------------------
Sequential             2.88e-06   2.61e-07   2.88e-08   3.17e-06  11.9%
Combinational          1.84e-05   5.00e-06   1.53e-07   2.36e-05  88.1%
Macro                  0.00e+00   0.00e+00   0.00e+00   0.00e+00   0.0%
Pad                    0.00e+00   0.00e+00   0.00e+00   0.00e+00   0.0%
----------------------------------------------------------------
Total                  2.13e-05   5.26e-06   1.82e-07   2.67e-05 100.0%
                          79.6%      19.7%       0.7%

======================= Typical Corner ===================================

Group                  Internal  Switching    Leakage      Total
                          Power      Power      Power      Power (Watts)
----------------------------------------------------------------
Sequential             3.68e-06   3.34e-07   1.67e-11   4.02e-06  12.2%
Combinational          2.26e-05   6.38e-06   4.08e-10   2.90e-05  87.8%
Macro                  0.00e+00   0.00e+00   0.00e+00   0.00e+00   0.0%
Pad                    0.00e+00   0.00e+00   0.00e+00   0.00e+00   0.0%
----------------------------------------------------------------
Total                  2.63e-05   6.71e-06   4.24e-10   3.30e-05 100.0%
                          79.7%      20.3%       0.0%


======================= Fastest Corner =================================

Group                  Internal  Switching    Leakage      Total
                          Power      Power      Power      Power (Watts)
----------------------------------------------------------------
Sequential             4.28e-06   3.98e-07   2.41e-11   4.68e-06  12.2%
Combinational          2.60e-05   7.55e-06   5.97e-10   3.36e-05  87.8%
Macro                  0.00e+00   0.00e+00   0.00e+00   0.00e+00   0.0%
Pad                    0.00e+00   0.00e+00   0.00e+00   0.00e+00   0.0%
----------------------------------------------------------------
Total                  3.03e-05   7.95e-06   6.21e-10   3.83e-05 100.0%
                          79.2%      20.8%       0.0%
