
===========================================================================
report_checks -unconstrained
============================================================================

======================= Slowest Corner ===================================

Startpoint: rst_n (input port clocked by clk)
Endpoint: _18_ (recovery check against rising-edge clock clk)
Path Group: **async_default**
Path Type: max
Corner: ss

Fanout     Cap    Slew   Delay    Time   Description
-----------------------------------------------------------------------------
                          0.00    0.00   clock clk (rise edge)
                          0.00    0.00   clock network delay (propagated)
                          4.80    4.80 ^ input external delay
                  0.05    0.03    4.83 ^ rst_n (in)
     1    0.00                           rst_n (net)
                  0.05    0.00    4.83 ^ input2/A (sky130_fd_sc_hd__clkbuf_1)
                  0.22    0.26    5.09 ^ input2/X (sky130_fd_sc_hd__clkbuf_1)
     2    0.01                           net2 (net)
                  0.22    0.00    5.09 ^ _18_/RESET_B (sky130_fd_sc_hd__dfrtp_2)
                                  5.09   data arrival time

                         24.00   24.00   clock clk (rise edge)
                          0.00   24.00   clock source latency
                  0.16    0.10   24.10 ^ clk (in)
     1    0.01                           clk (net)
                  0.16    0.00   24.10 ^ clkbuf_0_clk/A (sky130_fd_sc_hd__clkbuf_16)
                  0.06    0.25   24.35 ^ clkbuf_0_clk/X (sky130_fd_sc_hd__clkbuf_16)
     2    0.02                           clknet_0_clk (net)
                  0.06    0.00   24.35 ^ clkbuf_1_0__f_clk/A (sky130_fd_sc_hd__clkbuf_16)
                  0.04    0.18   24.53 ^ clkbuf_1_0__f_clk/X (sky130_fd_sc_hd__clkbuf_16)
     1    0.00                           clknet_1_0__leaf_clk (net)
                  0.04    0.00   24.53 ^ _18_/CLK (sky130_fd_sc_hd__dfrtp_2)
                         -0.25   24.28   clock uncertainty
                          0.00   24.28   clock reconvergence pessimism
                          0.37   24.65   library recovery time
                                 24.65   data required time
-----------------------------------------------------------------------------
                                 24.65   data required time
                                 -5.09   data arrival time
-----------------------------------------------------------------------------
                                 19.56   slack (MET)


Startpoint: _19_ (rising edge-triggered flip-flop clocked by clk)
Endpoint: light_highway[1] (output port clocked by clk)
Path Group: clk
Path Type: max
Corner: ss

Fanout     Cap    Slew   Delay    Time   Description
-----------------------------------------------------------------------------
                          0.00    0.00   clock clk (rise edge)
                          0.00    0.00   clock source latency
                  0.16    0.11    0.11 ^ clk (in)
     1    0.01                           clk (net)
                  0.16    0.00    0.11 ^ clkbuf_0_clk/A (sky130_fd_sc_hd__clkbuf_16)
                  0.06    0.27    0.39 ^ clkbuf_0_clk/X (sky130_fd_sc_hd__clkbuf_16)
     2    0.02                           clknet_0_clk (net)
                  0.06    0.00    0.39 ^ clkbuf_1_1__f_clk/A (sky130_fd_sc_hd__clkbuf_16)
                  0.04    0.20    0.59 ^ clkbuf_1_1__f_clk/X (sky130_fd_sc_hd__clkbuf_16)
     1    0.00                           clknet_1_1__leaf_clk (net)
                  0.04    0.00    0.59 ^ _19_/CLK (sky130_fd_sc_hd__dfrtp_1)
                  0.10    0.79    1.38 v _19_/Q (sky130_fd_sc_hd__dfrtp_1)
     1    0.01                           state[1] (net)
                  0.10    0.00    1.38 v _05_/A (sky130_fd_sc_hd__clkbuf_2)
                  0.17    0.31    1.69 v _05_/X (sky130_fd_sc_hd__clkbuf_2)
     7    0.02                           _00_ (net)
                  0.17    0.00    1.69 v _14_/A_N (sky130_fd_sc_hd__and2b_1)
                  0.08    0.44    2.13 ^ _14_/X (sky130_fd_sc_hd__and2b_1)
     1    0.00                           _03_ (net)
                  0.08    0.00    2.13 ^ _15_/A (sky130_fd_sc_hd__clkbuf_1)
                  0.17    0.23    2.36 ^ _15_/X (sky130_fd_sc_hd__clkbuf_1)
     1    0.01                           net6 (net)
                  0.17    0.00    2.36 ^ output6/A (sky130_fd_sc_hd__buf_2)
                  0.27    0.41    2.77 ^ output6/X (sky130_fd_sc_hd__buf_2)
     1    0.03                           light_highway[1] (net)
                  0.27    0.00    2.77 ^ light_highway[1] (out)
                                  2.77   data arrival time

                         24.00   24.00   clock clk (rise edge)
                          0.00   24.00   clock network delay (propagated)
                         -0.25   23.75   clock uncertainty
                          0.00   23.75   clock reconvergence pessimism
                         -4.80   18.95   output external delay
                                 18.95   data required time
-----------------------------------------------------------------------------
                                 18.95   data required time
                                 -2.77   data arrival time
-----------------------------------------------------------------------------
                                 16.18   slack (MET)



======================= Typical Corner ===================================

Startpoint: rst_n (input port clocked by clk)
Endpoint: _18_ (recovery check against rising-edge clock clk)
Path Group: **async_default**
Path Type: max
Corner: tt

Fanout     Cap    Slew   Delay    Time   Description
-----------------------------------------------------------------------------
                          0.00    0.00   clock clk (rise edge)
                          0.00    0.00   clock network delay (propagated)
                          4.80    4.80 ^ input external delay
                  0.03    0.02    4.82 ^ rst_n (in)
     1    0.00                           rst_n (net)
                  0.03    0.00    4.82 ^ input2/A (sky130_fd_sc_hd__clkbuf_1)
                  0.15    0.16    4.97 ^ input2/X (sky130_fd_sc_hd__clkbuf_1)
     2    0.01                           net2 (net)
                  0.15    0.00    4.98 ^ _18_/RESET_B (sky130_fd_sc_hd__dfrtp_2)
                                  4.98   data arrival time

                         24.00   24.00   clock clk (rise edge)
                          0.00   24.00   clock source latency
                  0.11    0.07   24.07 ^ clk (in)
     1    0.01                           clk (net)
                  0.11    0.00   24.07 ^ clkbuf_0_clk/A (sky130_fd_sc_hd__clkbuf_16)
                  0.04    0.14   24.21 ^ clkbuf_0_clk/X (sky130_fd_sc_hd__clkbuf_16)
     2    0.02                           clknet_0_clk (net)
                  0.04    0.00   24.21 ^ clkbuf_1_0__f_clk/A (sky130_fd_sc_hd__clkbuf_16)
                  0.03    0.10   24.31 ^ clkbuf_1_0__f_clk/X (sky130_fd_sc_hd__clkbuf_16)
     1    0.00                           clknet_1_0__leaf_clk (net)
                  0.03    0.00   24.31 ^ _18_/CLK (sky130_fd_sc_hd__dfrtp_2)
                         -0.25   24.06   clock uncertainty
                          0.00   24.06   clock reconvergence pessimism
                          0.18   24.24   library recovery time
                                 24.24   data required time
-----------------------------------------------------------------------------
                                 24.24   data required time
                                 -4.98   data arrival time
-----------------------------------------------------------------------------
                                 19.27   slack (MET)


Startpoint: _19_ (rising edge-triggered flip-flop clocked by clk)
Endpoint: light_highway[1] (output port clocked by clk)
Path Group: clk
Path Type: max
Corner: tt

Fanout     Cap    Slew   Delay    Time   Description
-----------------------------------------------------------------------------
                          0.00    0.00   clock clk (rise edge)
                          0.00    0.00   clock source latency
                  0.11    0.07    0.07 ^ clk (in)
     1    0.01                           clk (net)
                  0.11    0.00    0.07 ^ clkbuf_0_clk/A (sky130_fd_sc_hd__clkbuf_16)
                  0.04    0.15    0.23 ^ clkbuf_0_clk/X (sky130_fd_sc_hd__clkbuf_16)
     2    0.02                           clknet_0_clk (net)
                  0.04    0.00    0.23 ^ clkbuf_1_1__f_clk/A (sky130_fd_sc_hd__clkbuf_16)
                  0.03    0.11    0.34 ^ clkbuf_1_1__f_clk/X (sky130_fd_sc_hd__clkbuf_16)
     1    0.00                           clknet_1_1__leaf_clk (net)
                  0.03    0.00    0.34 ^ _19_/CLK (sky130_fd_sc_hd__dfrtp_1)
                  0.05    0.38    0.72 v _19_/Q (sky130_fd_sc_hd__dfrtp_1)
     1    0.01                           state[1] (net)
                  0.05    0.00    0.72 v _05_/A (sky130_fd_sc_hd__clkbuf_2)
                  0.09    0.17    0.89 v _05_/X (sky130_fd_sc_hd__clkbuf_2)
     7    0.02                           _00_ (net)
                  0.09    0.00    0.89 v _14_/A_N (sky130_fd_sc_hd__and2b_1)
                  0.04    0.22    1.11 ^ _14_/X (sky130_fd_sc_hd__and2b_1)
     1    0.00                           _03_ (net)
                  0.04    0.00    1.11 ^ _15_/A (sky130_fd_sc_hd__clkbuf_1)
                  0.10    0.13    1.24 ^ _15_/X (sky130_fd_sc_hd__clkbuf_1)
     1    0.01                           net6 (net)
                  0.10    0.00    1.24 ^ output6/A (sky130_fd_sc_hd__buf_2)
                  0.17    0.23    1.47 ^ output6/X (sky130_fd_sc_hd__buf_2)
     1    0.03                           light_highway[1] (net)
                  0.17    0.00    1.47 ^ light_highway[1] (out)
                                  1.47   data arrival time

                         24.00   24.00   clock clk (rise edge)
                          0.00   24.00   clock network delay (propagated)
                         -0.25   23.75   clock uncertainty
                          0.00   23.75   clock reconvergence pessimism
                         -4.80   18.95   output external delay
                                 18.95   data required time
-----------------------------------------------------------------------------
                                 18.95   data required time
                                 -1.47   data arrival time
-----------------------------------------------------------------------------
                                 17.48   slack (MET)



======================= Fastest Corner ===================================

Startpoint: rst_n (input port clocked by clk)
Endpoint: _18_ (recovery check against rising-edge clock clk)
Path Group: **async_default**
Path Type: max
Corner: ff

Fanout     Cap    Slew   Delay    Time   Description
-----------------------------------------------------------------------------
                          0.00    0.00   clock clk (rise edge)
                          0.00    0.00   clock network delay (propagated)
                          4.80    4.80 ^ input external delay
                  0.03    0.02    4.82 ^ rst_n (in)
     1    0.00                           rst_n (net)
                  0.03    0.00    4.82 ^ input2/A (sky130_fd_sc_hd__clkbuf_1)
                  0.11    0.11    4.92 ^ input2/X (sky130_fd_sc_hd__clkbuf_1)
     2    0.01                           net2 (net)
                  0.11    0.00    4.92 ^ _18_/RESET_B (sky130_fd_sc_hd__dfrtp_2)
                                  4.92   data arrival time

                         24.00   24.00   clock clk (rise edge)
                          0.00   24.00   clock source latency
                  0.08    0.05   24.05 ^ clk (in)
     1    0.01                           clk (net)
                  0.08    0.00   24.05 ^ clkbuf_0_clk/A (sky130_fd_sc_hd__clkbuf_16)
                  0.03    0.09   24.14 ^ clkbuf_0_clk/X (sky130_fd_sc_hd__clkbuf_16)
     2    0.02                           clknet_0_clk (net)
                  0.03    0.00   24.14 ^ clkbuf_1_0__f_clk/A (sky130_fd_sc_hd__clkbuf_16)
                  0.02    0.07   24.21 ^ clkbuf_1_0__f_clk/X (sky130_fd_sc_hd__clkbuf_16)
     1    0.00                           clknet_1_0__leaf_clk (net)
                  0.02    0.00   24.21 ^ _18_/CLK (sky130_fd_sc_hd__dfrtp_2)
                         -0.25   23.96   clock uncertainty
                          0.00   23.96   clock reconvergence pessimism
                          0.11   24.08   library recovery time
                                 24.08   data required time
-----------------------------------------------------------------------------
                                 24.08   data required time
                                 -4.92   data arrival time
-----------------------------------------------------------------------------
                                 19.15   slack (MET)


Startpoint: _19_ (rising edge-triggered flip-flop clocked by clk)
Endpoint: light_highway[1] (output port clocked by clk)
Path Group: clk
Path Type: max
Corner: ff

Fanout     Cap    Slew   Delay    Time   Description
-----------------------------------------------------------------------------
                          0.00    0.00   clock clk (rise edge)
                          0.00    0.00   clock source latency
                  0.08    0.06    0.06 ^ clk (in)
     1    0.01                           clk (net)
                  0.08    0.00    0.06 ^ clkbuf_0_clk/A (sky130_fd_sc_hd__clkbuf_16)
                  0.03    0.10    0.16 ^ clkbuf_0_clk/X (sky130_fd_sc_hd__clkbuf_16)
     2    0.02                           clknet_0_clk (net)
                  0.03    0.00    0.16 ^ clkbuf_1_1__f_clk/A (sky130_fd_sc_hd__clkbuf_16)
                  0.02    0.08    0.24 ^ clkbuf_1_1__f_clk/X (sky130_fd_sc_hd__clkbuf_16)
     1    0.00                           clknet_1_1__leaf_clk (net)
                  0.02    0.00    0.24 ^ _19_/CLK (sky130_fd_sc_hd__dfrtp_1)
                  0.04    0.24    0.48 v _19_/Q (sky130_fd_sc_hd__dfrtp_1)
     1    0.01                           state[1] (net)
                  0.04    0.00    0.48 v _05_/A (sky130_fd_sc_hd__clkbuf_2)
                  0.07    0.11    0.59 v _05_/X (sky130_fd_sc_hd__clkbuf_2)
     7    0.02                           _00_ (net)
                  0.07    0.00    0.59 v _14_/A_N (sky130_fd_sc_hd__and2b_1)
                  0.03    0.14    0.73 ^ _14_/X (sky130_fd_sc_hd__and2b_1)
     1    0.00                           _03_ (net)
                  0.03    0.00    0.73 ^ _15_/A (sky130_fd_sc_hd__clkbuf_1)
                  0.08    0.09    0.82 ^ _15_/X (sky130_fd_sc_hd__clkbuf_1)
     1    0.01                           net6 (net)
                  0.08    0.00    0.82 ^ output6/A (sky130_fd_sc_hd__buf_2)
                  0.13    0.16    0.97 ^ output6/X (sky130_fd_sc_hd__buf_2)
     1    0.03                           light_highway[1] (net)
                  0.13    0.00    0.98 ^ light_highway[1] (out)
                                  0.98   data arrival time

                         24.00   24.00   clock clk (rise edge)
                          0.00   24.00   clock network delay (propagated)
                         -0.25   23.75   clock uncertainty
                          0.00   23.75   clock reconvergence pessimism
                         -4.80   18.95   output external delay
                                 18.95   data required time
-----------------------------------------------------------------------------
                                 18.95   data required time
                                 -0.98   data arrival time
-----------------------------------------------------------------------------
                                 17.97   slack (MET)



===========================================================================
report_checks --slack_max -0.01
============================================================================

======================= Slowest Corner ===================================

No paths found.

======================= Typical Corner ===================================

No paths found.

======================= Fastest Corner ===================================

No paths found.
