
===========================================================================
 report_clock_skew
============================================================================

======================== Slowest Corner ==================================

Clock clk
Latency      CRPR       Skew
_18_/CLK ^
   0.59
_19_/CLK ^
   0.53     -0.04       0.02


======================= Typical Corner ===================================

Clock clk
Latency      CRPR       Skew
_18_/CLK ^
   0.34
_19_/CLK ^
   0.31     -0.02       0.01


======================= Fastest Corner ===================================

Clock clk
Latency      CRPR       Skew
_18_/CLK ^
   0.24
_19_/CLK ^
   0.21     -0.02       0.01

