Instance name,  X location,  Y location,  Voltage 
PHY_34, 0, 57.12, -1.57506e-10
FILLER_16_15, 13.6, 57.12, -1.46031e-10
FILLER_17_21, 13.6, 57.12, -1.46031e-10
output6, 13.6, 57.12, -1.46031e-10
output7, 13.6, 57.12, -1.46031e-10
FILLER_17_47, 27.2, 57.12, -1.30607e-10
FILLER_17_81, 40.8, 57.12, -1.36611e-10
FILLER_17_85, 40.8, 57.12, -1.36611e-10
FILLER_16_105, 54.4, 57.12, -1.59333e-10
FILLER_16_97, 54.4, 57.12, -1.59333e-10
FILLER_17_98, 54.4, 57.12, -1.59333e-10
PHY_33, 54.4, 57.12, -1.59333e-10
PHY_35, 54.4, 57.12, -1.59333e-10
output3, 54.4, 57.12, -1.59333e-10
output4, 54.4, 57.12, -1.59333e-10
PHY_30, 0, 51.68, -1.85479e-10
PHY_32, 0, 51.68, -1.85479e-10
FILLER_15_20, 13.6, 51.68, -1.62529e-10
FILLER_16_22, 13.6, 51.68, -1.62529e-10
_05_, 13.6, 51.68, -1.62529e-10
_11_, 13.6, 51.68, -1.62529e-10
_18_, 13.6, 51.68, -1.62529e-10
FILLER_15_45, 27.2, 51.68, -1.35946e-10
FILLER_15_53, 27.2, 51.68, -1.35946e-10
FILLER_16_77, 40.8, 51.68, -1.2906e-10
FILLER_14_105, 54.4, 51.68, -1.42894e-10
FILLER_14_97, 54.4, 51.68, -1.42894e-10
FILLER_15_105, 54.4, 51.68, -1.42894e-10
PHY_29, 54.4, 51.68, -1.42894e-10
PHY_31, 54.4, 51.68, -1.42894e-10
PHY_26, 0, 46.24, -1.60226e-10
PHY_28, 0, 46.24, -1.60226e-10
FILLER_13_15, 13.6, 46.24, -1.37276e-10
_07_, 13.6, 46.24, -1.37276e-10
FILLER_12_41, 27.2, 46.24, -1.27947e-10
FILLER_12_75, 40.8, 46.24, -1.44794e-10
FILLER_13_69, 40.8, 46.24, -1.44794e-10
FILLER_14_77, 40.8, 46.24, -1.44794e-10
clkbuf_0_clk, 40.8, 46.24, -1.44794e-10
FILLER_12_105, 54.4, 46.24, -1.42484e-10
FILLER_12_97, 54.4, 46.24, -1.42484e-10
PHY_25, 54.4, 46.24, -1.42484e-10
PHY_27, 54.4, 46.24, -1.42484e-10
PHY_22, 0, 40.8, -1.48677e-10
PHY_24, 0, 40.8, -1.48677e-10
FILLER_10_41, 27.2, 40.8, -1.39914e-10
FILLER_11_51, 27.2, 40.8, -1.39914e-10
_06_, 27.2, 40.8, -1.39914e-10
_08_, 27.2, 40.8, -1.39914e-10
clkbuf_1_0__f_clk, 27.2, 40.8, -1.39914e-10
FILLER_11_74, 40.8, 40.8, -1.38561e-10
FILLER_11_82, 40.8, 40.8, -1.38561e-10
_19_, 40.8, 40.8, -1.38561e-10
FILLER_10_101, 54.4, 40.8, -1.42879e-10
FILLER_11_105, 54.4, 40.8, -1.42879e-10
PHY_21, 54.4, 40.8, -1.42879e-10
PHY_23, 54.4, 40.8, -1.42879e-10
_10_, 54.4, 40.8, -1.42879e-10
PHY_18, 0, 35.36, -1.37073e-10
PHY_20, 0, 35.36, -1.37073e-10
FILLER_9_27, 13.6, 35.36, -1.14122e-10
FILLER_9_51, 27.2, 35.36, -1.11637e-10
_17_, 27.2, 35.36, -1.11637e-10
FILLER_10_77, 40.8, 35.36, -1.30496e-10
FILLER_10_85, 40.8, 35.36, -1.30496e-10
FILLER_9_69, 40.8, 35.36, -1.30496e-10
clkbuf_1_1__f_clk, 40.8, 35.36, -1.30496e-10
FILLER_8_105, 54.4, 35.36, -1.33597e-10
FILLER_8_97, 54.4, 35.36, -1.33597e-10
FILLER_9_105, 54.4, 35.36, -1.33597e-10
PHY_17, 54.4, 35.36, -1.33597e-10
PHY_19, 54.4, 35.36, -1.33597e-10
PHY_14, 0, 29.92, -1.16851e-10
PHY_16, 0, 29.92, -1.16851e-10
FILLER_7_51, 27.2, 29.92, -8.79379e-11
FILLER_8_77, 40.8, 29.92, -9.0758e-11
FILLER_6_97, 54.4, 29.92, -1.07955e-10
FILLER_7_105, 54.4, 29.92, -1.07955e-10
PHY_13, 54.4, 29.92, -1.07955e-10
PHY_15, 54.4, 29.92, -1.07955e-10
input2, 54.4, 29.92, -1.07955e-10
PHY_10, 0, 24.48, -1.21868e-10
PHY_12, 0, 24.48, -1.21868e-10
FILLER_5_51, 27.2, 24.48, -9.71361e-11
FILLER_4_65, 40.8, 24.48, -1.11758e-10
FILLER_4_76, 40.8, 24.48, -1.11758e-10
FILLER_6_77, 40.8, 24.48, -1.11758e-10
_14_, 40.8, 24.48, -1.11758e-10
FILLER_4_105, 54.4, 24.48, -1.21652e-10
FILLER_4_97, 54.4, 24.48, -1.21652e-10
FILLER_5_105, 54.4, 24.48, -1.21652e-10
PHY_11, 54.4, 24.48, -1.21652e-10
PHY_9, 54.4, 24.48, -1.21652e-10
PHY_6, 0, 19.04, -1.25034e-10
PHY_8, 0, 19.04, -1.25034e-10
FILLER_2_41, 27.2, 19.04, -1.00947e-10
FILLER_3_51, 27.2, 19.04, -1.00947e-10
FILLER_3_69, 40.8, 19.04, -1.0366e-10
_12_, 40.8, 19.04, -1.0366e-10
FILLER_2_105, 54.4, 19.04, -1.21654e-10
FILLER_2_97, 54.4, 19.04, -1.21654e-10
FILLER_3_100, 54.4, 19.04, -1.21654e-10
PHY_5, 54.4, 19.04, -1.21654e-10
PHY_7, 54.4, 19.04, -1.21654e-10
_16_, 54.4, 19.04, -1.21654e-10
PHY_0, 0, 13.6, -1.59837e-10
PHY_2, 0, 13.6, -1.59837e-10
PHY_4, 0, 13.6, -1.59837e-10
FILLER_0_20, 13.6, 13.6, -1.25411e-10
input1, 13.6, 13.6, -1.25411e-10
FILLER_0_53, 27.2, 13.6, -1.26039e-10
FILLER_1_51, 27.2, 13.6, -1.26039e-10
_09_, 27.2, 13.6, -1.26039e-10
output5, 27.2, 13.6, -1.26039e-10
FILLER_0_75, 40.8, 13.6, -1.2102e-10
FILLER_2_80, 40.8, 13.6, -1.2102e-10
FILLER_2_90, 40.8, 13.6, -1.2102e-10
_15_, 40.8, 13.6, -1.2102e-10
FILLER_0_105, 54.4, 13.6, -1.28247e-10
FILLER_0_97, 54.4, 13.6, -1.28247e-10
FILLER_1_105, 54.4, 13.6, -1.28247e-10
PHY_1, 54.4, 13.6, -1.28247e-10
PHY_3, 54.4, 13.6, -1.28247e-10

