
===========================================================================
report_checks -path_delay min (Hold)
============================================================================
Startpoint: rst_n (input port clocked by clk)
Endpoint: _18_ (removal check against rising-edge clock clk)
Path Group: **async_default**
Path Type: min

Fanout     Cap    Slew   Delay    Time   Description
-----------------------------------------------------------------------------
                          0.00    0.00   clock clk (rise edge)
                          0.00    0.00   clock network delay (propagated)
                          4.80    4.80 ^ input external delay
                  0.05    0.03    4.83 ^ rst_n (in)
     1    0.01                           rst_n (net)
                  0.05    0.00    4.83 ^ input2/A (sky130_fd_sc_hd__clkbuf_1)
                  0.16    0.15    4.98 ^ input2/X (sky130_fd_sc_hd__clkbuf_1)
     2    0.01                           net2 (net)
                  0.16    0.00    4.98 ^ _18_/RESET_B (sky130_fd_sc_hd__dfrtp_2)
                                  4.98   data arrival time

                          0.00    0.00   clock clk (rise edge)
                          0.00    0.00   clock source latency
                  0.11    0.08    0.08 ^ clk (in)
     1    0.01                           clk (net)
                  0.11    0.00    0.08 ^ clkbuf_0_clk/A (sky130_fd_sc_hd__clkbuf_16)
                  0.04    0.15    0.23 ^ clkbuf_0_clk/X (sky130_fd_sc_hd__clkbuf_16)
     2    0.02                           clknet_0_clk (net)
                  0.04    0.00    0.23 ^ clkbuf_1_0__f_clk/A (sky130_fd_sc_hd__clkbuf_16)
                  0.03    0.11    0.35 ^ clkbuf_1_0__f_clk/X (sky130_fd_sc_hd__clkbuf_16)
     1    0.00                           clknet_1_0__leaf_clk (net)
                  0.03    0.00    0.35 ^ _18_/CLK (sky130_fd_sc_hd__dfrtp_2)
                          0.25    0.60   clock uncertainty
                          0.00    0.60   clock reconvergence pessimism
                          0.35    0.94   library removal time
                                  0.94   data required time
-----------------------------------------------------------------------------
                                  0.94   data required time
                                 -4.98   data arrival time
-----------------------------------------------------------------------------
                                  4.04   slack (MET)


Startpoint: rst_n (input port clocked by clk)
Endpoint: _19_ (removal check against rising-edge clock clk)
Path Group: **async_default**
Path Type: min

Fanout     Cap    Slew   Delay    Time   Description
-----------------------------------------------------------------------------
                          0.00    0.00   clock clk (rise edge)
                          0.00    0.00   clock network delay (propagated)
                          4.80    4.80 ^ input external delay
                  0.05    0.03    4.83 ^ rst_n (in)
     1    0.01                           rst_n (net)
                  0.05    0.00    4.83 ^ input2/A (sky130_fd_sc_hd__clkbuf_1)
                  0.16    0.15    4.98 ^ input2/X (sky130_fd_sc_hd__clkbuf_1)
     2    0.01                           net2 (net)
                  0.16    0.00    4.98 ^ _19_/RESET_B (sky130_fd_sc_hd__dfrtp_1)
                                  4.98   data arrival time

                          0.00    0.00   clock clk (rise edge)
                          0.00    0.00   clock source latency
                  0.11    0.08    0.08 ^ clk (in)
     1    0.01                           clk (net)
                  0.11    0.00    0.08 ^ clkbuf_0_clk/A (sky130_fd_sc_hd__clkbuf_16)
                  0.04    0.15    0.23 ^ clkbuf_0_clk/X (sky130_fd_sc_hd__clkbuf_16)
     2    0.02                           clknet_0_clk (net)
                  0.04    0.00    0.23 ^ clkbuf_1_1__f_clk/A (sky130_fd_sc_hd__clkbuf_16)
                  0.03    0.11    0.34 ^ clkbuf_1_1__f_clk/X (sky130_fd_sc_hd__clkbuf_16)
     1    0.00                           clknet_1_1__leaf_clk (net)
                  0.03    0.00    0.34 ^ _19_/CLK (sky130_fd_sc_hd__dfrtp_1)
                          0.25    0.59   clock uncertainty
                          0.00    0.59   clock reconvergence pessimism
                          0.35    0.94   library removal time
                                  0.94   data required time
-----------------------------------------------------------------------------
                                  0.94   data required time
                                 -4.98   data arrival time
-----------------------------------------------------------------------------
                                  4.04   slack (MET)


Startpoint: _18_ (rising edge-triggered flip-flop clocked by clk)
Endpoint: _19_ (rising edge-triggered flip-flop clocked by clk)
Path Group: clk
Path Type: min

Fanout     Cap    Slew   Delay    Time   Description
-----------------------------------------------------------------------------
                          0.00    0.00   clock clk (rise edge)
                          0.00    0.00   clock source latency
                  0.11    0.07    0.07 ^ clk (in)
     1    0.01                           clk (net)
                  0.11    0.00    0.07 ^ clkbuf_0_clk/A (sky130_fd_sc_hd__clkbuf_16)
                  0.04    0.14    0.21 ^ clkbuf_0_clk/X (sky130_fd_sc_hd__clkbuf_16)
     2    0.02                           clknet_0_clk (net)
                  0.04    0.00    0.21 ^ clkbuf_1_0__f_clk/A (sky130_fd_sc_hd__clkbuf_16)
                  0.03    0.10    0.31 ^ clkbuf_1_0__f_clk/X (sky130_fd_sc_hd__clkbuf_16)
     1    0.00                           clknet_1_0__leaf_clk (net)
                  0.03    0.00    0.31 ^ _18_/CLK (sky130_fd_sc_hd__dfrtp_2)
                  0.12    0.38    0.69 ^ _18_/Q (sky130_fd_sc_hd__dfrtp_2)
     6    0.02                           state[0] (net)
                  0.12    0.00    0.69 ^ _10_/A (sky130_fd_sc_hd__xor2_1)
                  0.04    0.08    0.77 v _10_/X (sky130_fd_sc_hd__xor2_1)
     1    0.00                           next_state[1] (net)
                  0.04    0.00    0.77 v _19_/D (sky130_fd_sc_hd__dfrtp_1)
                                  0.77   data arrival time

                          0.00    0.00   clock clk (rise edge)
                          0.00    0.00   clock source latency
                  0.11    0.08    0.08 ^ clk (in)
     1    0.01                           clk (net)
                  0.11    0.00    0.08 ^ clkbuf_0_clk/A (sky130_fd_sc_hd__clkbuf_16)
                  0.04    0.15    0.23 ^ clkbuf_0_clk/X (sky130_fd_sc_hd__clkbuf_16)
     2    0.02                           clknet_0_clk (net)
                  0.04    0.00    0.23 ^ clkbuf_1_1__f_clk/A (sky130_fd_sc_hd__clkbuf_16)
                  0.03    0.11    0.34 ^ clkbuf_1_1__f_clk/X (sky130_fd_sc_hd__clkbuf_16)
     1    0.00                           clknet_1_1__leaf_clk (net)
                  0.03    0.00    0.34 ^ _19_/CLK (sky130_fd_sc_hd__dfrtp_1)
                          0.25    0.59   clock uncertainty
                         -0.02    0.57   clock reconvergence pessimism
                         -0.05    0.53   library hold time
                                  0.53   data required time
-----------------------------------------------------------------------------
                                  0.53   data required time
                                 -0.77   data arrival time
-----------------------------------------------------------------------------
                                  0.24   slack (MET)


Startpoint: _18_ (rising edge-triggered flip-flop clocked by clk)
Endpoint: _18_ (rising edge-triggered flip-flop clocked by clk)
Path Group: clk
Path Type: min

Fanout     Cap    Slew   Delay    Time   Description
-----------------------------------------------------------------------------
                          0.00    0.00   clock clk (rise edge)
                          0.00    0.00   clock source latency
                  0.11    0.07    0.07 ^ clk (in)
     1    0.01                           clk (net)
                  0.11    0.00    0.07 ^ clkbuf_0_clk/A (sky130_fd_sc_hd__clkbuf_16)
                  0.04    0.14    0.21 ^ clkbuf_0_clk/X (sky130_fd_sc_hd__clkbuf_16)
     2    0.02                           clknet_0_clk (net)
                  0.04    0.00    0.21 ^ clkbuf_1_0__f_clk/A (sky130_fd_sc_hd__clkbuf_16)
                  0.03    0.10    0.31 ^ clkbuf_1_0__f_clk/X (sky130_fd_sc_hd__clkbuf_16)
     1    0.00                           clknet_1_0__leaf_clk (net)
                  0.03    0.00    0.31 ^ _18_/CLK (sky130_fd_sc_hd__dfrtp_2)
                  0.12    0.38    0.69 ^ _18_/Q (sky130_fd_sc_hd__dfrtp_2)
     6    0.02                           state[0] (net)
                  0.12    0.00    0.69 ^ _09_/B1_N (sky130_fd_sc_hd__o21ba_1)
                  0.04    0.16    0.86 v _09_/X (sky130_fd_sc_hd__o21ba_1)
     1    0.01                           next_state[0] (net)
                  0.04    0.00    0.86 v _18_/D (sky130_fd_sc_hd__dfrtp_2)
                                  0.86   data arrival time

                          0.00    0.00   clock clk (rise edge)
                          0.00    0.00   clock source latency
                  0.11    0.08    0.08 ^ clk (in)
     1    0.01                           clk (net)
                  0.11    0.00    0.08 ^ clkbuf_0_clk/A (sky130_fd_sc_hd__clkbuf_16)
                  0.04    0.15    0.23 ^ clkbuf_0_clk/X (sky130_fd_sc_hd__clkbuf_16)
     2    0.02                           clknet_0_clk (net)
                  0.04    0.00    0.23 ^ clkbuf_1_0__f_clk/A (sky130_fd_sc_hd__clkbuf_16)
                  0.03    0.11    0.35 ^ clkbuf_1_0__f_clk/X (sky130_fd_sc_hd__clkbuf_16)
     1    0.00                           clknet_1_0__leaf_clk (net)
                  0.03    0.00    0.35 ^ _18_/CLK (sky130_fd_sc_hd__dfrtp_2)
                          0.25    0.60   clock uncertainty
                         -0.03    0.56   clock reconvergence pessimism
                         -0.05    0.52   library hold time
                                  0.52   data required time
-----------------------------------------------------------------------------
                                  0.52   data required time
                                 -0.86   data arrival time
-----------------------------------------------------------------------------
                                  0.34   slack (MET)


Startpoint: _18_ (rising edge-triggered flip-flop clocked by clk)
Endpoint: light_highway[0] (output port clocked by clk)
Path Group: clk
Path Type: min

Fanout     Cap    Slew   Delay    Time   Description
-----------------------------------------------------------------------------
                          0.00    0.00   clock clk (rise edge)
                          0.00    0.00   clock source latency
                  0.11    0.07    0.07 ^ clk (in)
     1    0.01                           clk (net)
                  0.11    0.00    0.07 ^ clkbuf_0_clk/A (sky130_fd_sc_hd__clkbuf_16)
                  0.04    0.14    0.21 ^ clkbuf_0_clk/X (sky130_fd_sc_hd__clkbuf_16)
     2    0.02                           clknet_0_clk (net)
                  0.04    0.00    0.21 ^ clkbuf_1_0__f_clk/A (sky130_fd_sc_hd__clkbuf_16)
                  0.03    0.10    0.31 ^ clkbuf_1_0__f_clk/X (sky130_fd_sc_hd__clkbuf_16)
     1    0.00                           clknet_1_0__leaf_clk (net)
                  0.03    0.00    0.31 ^ _18_/CLK (sky130_fd_sc_hd__dfrtp_2)
                  0.12    0.38    0.69 ^ _18_/Q (sky130_fd_sc_hd__dfrtp_2)
     6    0.02                           state[0] (net)
                  0.12    0.00    0.69 ^ _06_/A (sky130_fd_sc_hd__nor2_1)
                  0.05    0.07    0.76 v _06_/Y (sky130_fd_sc_hd__nor2_1)
     1    0.00                           net5 (net)
                  0.05    0.00    0.76 v output5/A (sky130_fd_sc_hd__buf_2)
                  0.09    0.17    0.93 v output5/X (sky130_fd_sc_hd__buf_2)
     1    0.03                           light_highway[0] (net)
                  0.09    0.00    0.94 v light_highway[0] (out)
                                  0.94   data arrival time

                          0.00    0.00   clock clk (rise edge)
                          0.00    0.00   clock network delay (propagated)
                          0.25    0.25   clock uncertainty
                          0.00    0.25   clock reconvergence pessimism
                         -4.80   -4.55   output external delay
                                 -4.55   data required time
-----------------------------------------------------------------------------
                                 -4.55   data required time
                                 -0.94   data arrival time
-----------------------------------------------------------------------------
                                  5.49   slack (MET)


Startpoint: _18_ (rising edge-triggered flip-flop clocked by clk)
Endpoint: light_farm[0] (output port clocked by clk)
Path Group: clk
Path Type: min

Fanout     Cap    Slew   Delay    Time   Description
-----------------------------------------------------------------------------
                          0.00    0.00   clock clk (rise edge)
                          0.00    0.00   clock source latency
                  0.11    0.07    0.07 ^ clk (in)
     1    0.01                           clk (net)
                  0.11    0.00    0.07 ^ clkbuf_0_clk/A (sky130_fd_sc_hd__clkbuf_16)
                  0.04    0.14    0.21 ^ clkbuf_0_clk/X (sky130_fd_sc_hd__clkbuf_16)
     2    0.02                           clknet_0_clk (net)
                  0.04    0.00    0.21 ^ clkbuf_1_0__f_clk/A (sky130_fd_sc_hd__clkbuf_16)
                  0.03    0.10    0.31 ^ clkbuf_1_0__f_clk/X (sky130_fd_sc_hd__clkbuf_16)
     1    0.00                           clknet_1_0__leaf_clk (net)
                  0.03    0.00    0.31 ^ _18_/CLK (sky130_fd_sc_hd__dfrtp_2)
                  0.12    0.38    0.69 ^ _18_/Q (sky130_fd_sc_hd__dfrtp_2)
     6    0.02                           state[0] (net)
                  0.12    0.00    0.69 ^ _07_/A_N (sky130_fd_sc_hd__and2b_1)
                  0.04    0.19    0.88 v _07_/X (sky130_fd_sc_hd__and2b_1)
     1    0.00                           _01_ (net)
                  0.04    0.00    0.88 v _08_/A (sky130_fd_sc_hd__clkbuf_1)
                  0.04    0.09    0.97 v _08_/X (sky130_fd_sc_hd__clkbuf_1)
     1    0.01                           net3 (net)
                  0.04    0.00    0.97 v output3/A (sky130_fd_sc_hd__buf_2)
                  0.09    0.17    1.14 v output3/X (sky130_fd_sc_hd__buf_2)
     1    0.03                           light_farm[0] (net)
                  0.09    0.00    1.14 v light_farm[0] (out)
                                  1.14   data arrival time

                          0.00    0.00   clock clk (rise edge)
                          0.00    0.00   clock network delay (propagated)
                          0.25    0.25   clock uncertainty
                          0.00    0.25   clock reconvergence pessimism
                         -4.80   -4.55   output external delay
                                 -4.55   data required time
-----------------------------------------------------------------------------
                                 -4.55   data required time
                                 -1.14   data arrival time
-----------------------------------------------------------------------------
                                  5.69   slack (MET)


Startpoint: _18_ (rising edge-triggered flip-flop clocked by clk)
Endpoint: light_highway[1] (output port clocked by clk)
Path Group: clk
Path Type: min

Fanout     Cap    Slew   Delay    Time   Description
-----------------------------------------------------------------------------
                          0.00    0.00   clock clk (rise edge)
                          0.00    0.00   clock source latency
                  0.11    0.07    0.07 ^ clk (in)
     1    0.01                           clk (net)
                  0.11    0.00    0.07 ^ clkbuf_0_clk/A (sky130_fd_sc_hd__clkbuf_16)
                  0.04    0.14    0.21 ^ clkbuf_0_clk/X (sky130_fd_sc_hd__clkbuf_16)
     2    0.02                           clknet_0_clk (net)
                  0.04    0.00    0.21 ^ clkbuf_1_0__f_clk/A (sky130_fd_sc_hd__clkbuf_16)
                  0.03    0.10    0.31 ^ clkbuf_1_0__f_clk/X (sky130_fd_sc_hd__clkbuf_16)
     1    0.00                           clknet_1_0__leaf_clk (net)
                  0.03    0.00    0.31 ^ _18_/CLK (sky130_fd_sc_hd__dfrtp_2)
                  0.12    0.38    0.69 ^ _18_/Q (sky130_fd_sc_hd__dfrtp_2)
     6    0.02                           state[0] (net)
                  0.12    0.00    0.69 ^ _14_/B (sky130_fd_sc_hd__and2b_1)
                  0.05    0.13    0.83 ^ _14_/X (sky130_fd_sc_hd__and2b_1)
     1    0.00                           _03_ (net)
                  0.05    0.00    0.83 ^ _15_/A (sky130_fd_sc_hd__clkbuf_1)
                  0.10    0.12    0.94 ^ _15_/X (sky130_fd_sc_hd__clkbuf_1)
     1    0.01                           net6 (net)
                  0.10    0.00    0.94 ^ output6/A (sky130_fd_sc_hd__buf_2)
                  0.18    0.21    1.16 ^ output6/X (sky130_fd_sc_hd__buf_2)
     1    0.03                           light_highway[1] (net)
                  0.18    0.00    1.16 ^ light_highway[1] (out)
                                  1.16   data arrival time

                          0.00    0.00   clock clk (rise edge)
                          0.00    0.00   clock network delay (propagated)
                          0.25    0.25   clock uncertainty
                          0.00    0.25   clock reconvergence pessimism
                         -4.80   -4.55   output external delay
                                 -4.55   data required time
-----------------------------------------------------------------------------
                                 -4.55   data required time
                                 -1.16   data arrival time
-----------------------------------------------------------------------------
                                  5.71   slack (MET)


